Loading word weights
Analyzing weights with gpu
[1647, 1540, 2142, 1338, 1008, 942, 745, 839, 903, 280, 349, 798, 1273, 556, 603, 1586, 111, 1346, 2462, 1173, 483, 374, 669, 40, 94, 73]
[1647 1540 2142 1338 1008  942  745  839  903  280  349  798 1273  556  603
 1586  111 1346 2462 1173  483  374  669   40   94   73]
[ word: 0, has weight 0.594595, freq 74 ][ word: 1, has weight 0.526112, freq 517 ][ word: 2, has weight 0.503689, freq 16806 ][ word: 3, has weight 0.550724, freq 138 ][ word: 4, has weight 0.515123, freq 6612 ][ word: 5, has weight 0.523077, freq 65 ][ word: 6, has weight 0.499766, freq 8554 ][ word: 7, has weight 0.411483, freq 209 ][ stride: 1, item: 0, value: 1.120707 ][ stride: 1, item: 1, value: 1.054413 ][ stride: 1, item: 2, value: 1.038200 ][ stride: 1, item: 3, value: 0.911250 ][ stride: 1, item: 4, value: 1.170606 ][ stride: 1, item: 5, value: 0.721591 ][ stride: 1, item: 6, value: 0.989179 ][ stride: 1, item: 7, value: 1.113673 ][ stride: 2, item: 0, value: 2.175120 ][ stride: 2, item: 2, value: 1.949449 ][ stride: 2, item: 4, value: 1.892197 ][ stride: 2, item: 6, value: 2.102853 ][ stride: 4, item: 0, value: 4.124570 ][ stride: 4, item: 4, value: 3.995050 ][ stride: 8, item: 0, value: 8.119619 ][ stride: 16, item: 0, value: 16.043510 ][ stride: 32, item: 0, value: 32.938316 ][ stride: 64, item: 0, value: 69.603279 ][ stride: 128, item: 0, value: 145.648956 ][ stride: 256, item: 0, value: 298.587524 ]288.376
325.06
382.105
84.1429
0.0
298.588
368.527
437.435
4.0
0.0
291.298
310.195
365.661
388.429
64.4917
290.919
351.994
238.57
0.0
0.0
294.244
360.723
0.0
0.0
0.0
301.149
313.684
0.0
0.0
0.0
324.567
169.607
0.0
0.0
0.0
321.23
249.773
0.0
0.0
0.0
301.536
287.797
0.0
0.0
0.0
183.134
0.0
0.0
0.0
0.0
243.021
0.0
0.0
0.0
0.0
318.653
218.842
0.0
0.0
0.0
307.142
350.619
188.539
0.0
0.0
336.319
32.3331
0.0
0.0
0.0
332.992
68.6698
0.0
0.0
0.0
296.224
331.501
382.149
38.2
0.0
73.756
0.0
0.0
0.0
0.0
305.322
341.375
234.257
0.0
0.0
289.95
309.973
348.1
370.879
326.547
300.16
379.017
116.773
0.0
0.0
327.321
0.0
0.0
0.0
0.0
253.329
0.0
0.0
0.0
0.0
320.287
119.847
0.0
0.0
0.0
25.7613
0.0
0.0
0.0
0.0
60.8066
0.0
0.0
0.0
0.0
46.8337
0.0
0.0
0.0
0.0

Weight Stats (Based on number of words):
- Avg: 0.667097488257
- Std: nan
- Sum: 15592.7366905
- Cnt: 23374.0
- Max: 1.0
- Min: 0.0185185

Weight Stats (Based on occurences of words):
- Avg: 0.513097349613
- Std: nan
- Sum: 1196140.75098
- Cnt: 2331216.0
- Max: 1.0
- Min: 0.0185185

