Loading word weights
Loading articles

BAYES PREDICTIONS 
('RATING FOR: ', 'amzn')
('\t- UP RATING IS  : ', -25282.79796215995)
('\t- DOWN RATING IS: ', -23718.86540993442)
('\t- CORRESPONDS TO: ', 'sell')
('RATING FOR: ', 'amat')
('\t- UP RATING IS  : ', -27671.017820791418)
('\t- DOWN RATING IS: ', -26576.0859374928)
('\t- CORRESPONDS TO: ', 'sell')
('RATING FOR: ', 'agn')
('\t- UP RATING IS  : ', -34975.92168864072)
('\t- DOWN RATING IS: ', -31187.783054027557)
('\t- CORRESPONDS TO: ', 'sell')
('RATING FOR: ', 'goog')
('\t- UP RATING IS  : ', -30535.652831512976)
('\t- DOWN RATING IS: ', -28607.51366658576)
('\t- CORRESPONDS TO: ', 'sell')
('RATING FOR: ', 'hd')
('\t- UP RATING IS  : ', -24741.740728751873)
('\t- DOWN RATING IS: ', -24319.961026464713)
('\t- CORRESPONDS TO: ', 'sell')
('RATING FOR: ', 'lmt')
('\t- UP RATING IS  : ', -31198.84617177951)
('\t- DOWN RATING IS: ', -30697.236932939988)
('\t- CORRESPONDS TO: ', 'sell')
('RATING FOR: ', 'data')
('\t- UP RATING IS  : ', -26280.509225681286)
('\t- DOWN RATING IS: ', -25776.736720357392)
('\t- CORRESPONDS TO: ', 'sell')
('RATING FOR: ', 'nflx')
('\t- UP RATING IS  : ', -25197.347935359416)
('\t- DOWN RATING IS: ', -24007.476966643713)
('\t- CORRESPONDS TO: ', 'sell')
('RATING FOR: ', 'aapl')
('\t- UP RATING IS  : ', -26052.940832698147)
('\t- DOWN RATING IS: ', -24741.41664684699)
('\t- CORRESPONDS TO: ', 'sell')
('RATING FOR: ', 'ge')
('\t- UP RATING IS  : ', -23284.79337884339)
('\t- DOWN RATING IS: ', -21821.240365798294)
('\t- CORRESPONDS TO: ', 'sell')
('RATING FOR: ', 'tsla')
('\t- UP RATING IS  : ', -31494.762149237537)
('\t- DOWN RATING IS: ', -29923.2062783734)
('\t- CORRESPONDS TO: ', 'sell')
('RATING FOR: ', 'bac')
('\t- UP RATING IS  : ', -30510.056408173146)
('\t- DOWN RATING IS: ', -29493.21886363145)
('\t- CORRESPONDS TO: ', 'sell')
('RATING FOR: ', 'nvda')
('\t- UP RATING IS  : ', -29539.932316165836)
('\t- DOWN RATING IS: ', -28271.00027902166)
('\t- CORRESPONDS TO: ', 'sell')
('RATING FOR: ', 'baba')
('\t- UP RATING IS  : ', -27814.730039238886)
('\t- DOWN RATING IS: ', -26406.610539728918)
('\t- CORRESPONDS TO: ', 'sell')
('RATING FOR: ', 'wmt')
('\t- UP RATING IS  : ', -42000.09542511426)
('\t- DOWN RATING IS: ', -40394.46206195353)
('\t- CORRESPONDS TO: ', 'sell')
('RATING FOR: ', 'jpm')
('\t- UP RATING IS  : ', -29613.686768172527)
('\t- DOWN RATING IS: ', -28368.812774020713)
('\t- CORRESPONDS TO: ', 'sell')
('RATING FOR: ', 'mu')
('\t- UP RATING IS  : ', -19638.791480442844)
('\t- DOWN RATING IS: ', -18751.17221931414)
('\t- CORRESPONDS TO: ', 'sell')
('RATING FOR: ', 'uaa')
('\t- UP RATING IS  : ', -16969.630598220618)
('\t- DOWN RATING IS: ', -17215.94827703859)
('\t- CORRESPONDS TO: ', 'buy')
('RATING FOR: ', 'gild')
('\t- UP RATING IS  : ', -43138.64280995028)
('\t- DOWN RATING IS: ', -41405.50379088797)
('\t- CORRESPONDS TO: ', 'sell')
('RATING FOR: ', 'xom')
('\t- UP RATING IS  : ', -39188.321323314434)
('\t- DOWN RATING IS: ', -39865.18924126855)
('\t- CORRESPONDS TO: ', 'buy')

BAYES PREDICTIONS WITH GPU 
('RATING FOR: ', 'amzn')
('\t- UP RATING IS  : ', -24672.94680810194)
('\t- DOWN RATING IS: ', -23953.344265751104)
('\t- CORRESPONDS TO: ', 'sell')
('RATING FOR: ', 'amat')
('\t- UP RATING IS  : ', -27639.120412945253)
('\t- DOWN RATING IS: ', -26802.84666097526)
('\t- CORRESPONDS TO: ', 'sell')
('RATING FOR: ', 'agn')
('\t- UP RATING IS  : ', -30388.379225624958)
('\t- DOWN RATING IS: ', -30735.297582931784)
('\t- CORRESPONDS TO: ', 'buy')
('RATING FOR: ', 'goog')
('\t- UP RATING IS  : ', -29668.043727214103)
('\t- DOWN RATING IS: ', -28912.320045189455)
('\t- CORRESPONDS TO: ', 'sell')
('RATING FOR: ', 'hd')
('\t- UP RATING IS  : ', -24905.920241395608)
('\t- DOWN RATING IS: ', -24643.760372165136)
('\t- CORRESPONDS TO: ', 'sell')
('RATING FOR: ', 'lmt')
('\t- UP RATING IS  : ', -30688.724060992987)
('\t- DOWN RATING IS: ', -30163.505019992856)
('\t- CORRESPONDS TO: ', 'sell')
('RATING FOR: ', 'data')
('\t- UP RATING IS  : ', -25897.30499970694)
('\t- DOWN RATING IS: ', -25308.142646055876)
('\t- CORRESPONDS TO: ', 'sell')
('RATING FOR: ', 'nflx')
('\t- UP RATING IS  : ', -25124.31827149317)
('\t- DOWN RATING IS: ', -24317.037514635926)
('\t- CORRESPONDS TO: ', 'sell')
('RATING FOR: ', 'aapl')
('\t- UP RATING IS  : ', -25779.624661894795)
('\t- DOWN RATING IS: ', -24306.2681039461)
('\t- CORRESPONDS TO: ', 'sell')
('RATING FOR: ', 'ge')
('\t- UP RATING IS  : ', -21616.81120435857)
('\t- DOWN RATING IS: ', -22093.630335506703)
('\t- CORRESPONDS TO: ', 'buy')
('RATING FOR: ', 'tsla')
('\t- UP RATING IS  : ', -30532.112623228026)
('\t- DOWN RATING IS: ', -30027.641833028872)
('\t- CORRESPONDS TO: ', 'sell')
('RATING FOR: ', 'bac')
('\t- UP RATING IS  : ', -30579.55615697769)
('\t- DOWN RATING IS: ', -29872.2173478578)
('\t- CORRESPONDS TO: ', 'sell')
('RATING FOR: ', 'nvda')
('\t- UP RATING IS  : ', -29195.325405207004)
('\t- DOWN RATING IS: ', -28142.127769475166)
('\t- CORRESPONDS TO: ', 'sell')
('RATING FOR: ', 'baba')
('\t- UP RATING IS  : ', -27525.954262312476)
('\t- DOWN RATING IS: ', -26466.36778814562)
('\t- CORRESPONDS TO: ', 'sell')
('RATING FOR: ', 'wmt')
('\t- UP RATING IS  : ', -41262.85538578046)
('\t- DOWN RATING IS: ', -40213.5546226171)
('\t- CORRESPONDS TO: ', 'sell')
('RATING FOR: ', 'jpm')
('\t- UP RATING IS  : ', -28939.638824530746)
('\t- DOWN RATING IS: ', -28519.90340419782)
('\t- CORRESPONDS TO: ', 'sell')
('RATING FOR: ', 'mu')
('\t- UP RATING IS  : ', -19034.09646277883)
('\t- DOWN RATING IS: ', -18618.518627132937)
('\t- CORRESPONDS TO: ', 'sell')
('RATING FOR: ', 'uaa')
('\t- UP RATING IS  : ', -17045.71341662263)
('\t- DOWN RATING IS: ', -16424.162745738882)
('\t- CORRESPONDS TO: ', 'sell')
('RATING FOR: ', 'gild')
('\t- UP RATING IS  : ', -41245.473980920106)
('\t- DOWN RATING IS: ', -40981.1585790189)
('\t- CORRESPONDS TO: ', 'sell')
('RATING FOR: ', 'xom')
('\t- UP RATING IS  : ', -39611.666109835074)
('\t- DOWN RATING IS: ', -37542.74744043121)
('\t- CORRESPONDS TO: ', 'sell')

Prediction Speedup: Kernel = 41.1728549607, Function = 6.1364367784

Done
