Loading word weights
Loading articles
('RATING FOR: ', 'amzn')
('\t- UP RATING IS  : ', -25416.347173757193)
('\t- DOWN RATING IS: ', -25195.428171642492)
('\t- CORRESPONDS TO: ', 'sell')
('RATING FOR: ', 'amat')
('\t- UP RATING IS  : ', -27850.211085363375)
('\t- DOWN RATING IS: ', -27957.118060159726)
('\t- CORRESPONDS TO: ', 'buy')
('RATING FOR: ', 'agn')
('\t- UP RATING IS  : ', -33128.21831628314)
('\t- DOWN RATING IS: ', -32711.882558647165)
('\t- CORRESPONDS TO: ', 'sell')
('RATING FOR: ', 'goog')
('\t- UP RATING IS  : ', -30178.555876602513)
('\t- DOWN RATING IS: ', -30305.93953973844)
('\t- CORRESPONDS TO: ', 'buy')
('RATING FOR: ', 'hd')
('\t- UP RATING IS  : ', -25270.18067513905)
('\t- DOWN RATING IS: ', -25345.14166309436)
('\t- CORRESPONDS TO: ', 'buy')
('RATING FOR: ', 'lmt')
('\t- UP RATING IS  : ', -31416.891389551834)
('\t- DOWN RATING IS: ', -31898.454877577686)
('\t- CORRESPONDS TO: ', 'buy')
('RATING FOR: ', 'data')
('\t- UP RATING IS  : ', -27271.725247846764)
('\t- DOWN RATING IS: ', -27213.46939510836)
('\t- CORRESPONDS TO: ', 'sell')
('RATING FOR: ', 'nflx')
('\t- UP RATING IS  : ', -25334.190182205588)
('\t- DOWN RATING IS: ', -25479.307357521)
('\t- CORRESPONDS TO: ', 'buy')
('RATING FOR: ', 'aapl')
('\t- UP RATING IS  : ', -26151.586258269945)
('\t- DOWN RATING IS: ', -26026.87407916952)
('\t- CORRESPONDS TO: ', 'sell')
('RATING FOR: ', 'ge')
('\t- UP RATING IS  : ', -23202.912911398507)
('\t- DOWN RATING IS: ', -22979.75079573879)
('\t- CORRESPONDS TO: ', 'sell')
('RATING FOR: ', 'tsla')
('\t- UP RATING IS  : ', -31453.391223626284)
('\t- DOWN RATING IS: ', -31526.346786074926)
('\t- CORRESPONDS TO: ', 'buy')
('RATING FOR: ', 'bac')
('\t- UP RATING IS  : ', -31475.59692919445)
('\t- DOWN RATING IS: ', -31554.288064338547)
('\t- CORRESPONDS TO: ', 'buy')
('RATING FOR: ', 'nvda')
('\t- UP RATING IS  : ', -29824.416717741005)
('\t- DOWN RATING IS: ', -29858.160276081053)
('\t- CORRESPONDS TO: ', 'buy')
('RATING FOR: ', 'baba')
('\t- UP RATING IS  : ', -28343.466179436917)
('\t- DOWN RATING IS: ', -28211.246762467516)
('\t- CORRESPONDS TO: ', 'sell')
('RATING FOR: ', 'wmt')
('\t- UP RATING IS  : ', -42351.82621313054)
('\t- DOWN RATING IS: ', -42849.83820421976)
('\t- CORRESPONDS TO: ', 'buy')
('RATING FOR: ', 'jpm')
('\t- UP RATING IS  : ', -29948.699995288716)
('\t- DOWN RATING IS: ', -29801.8106083316)
('\t- CORRESPONDS TO: ', 'sell')
('RATING FOR: ', 'mu')
('\t- UP RATING IS  : ', -19544.44195555867)
('\t- DOWN RATING IS: ', -19586.488053976846)
('\t- CORRESPONDS TO: ', 'buy')
('RATING FOR: ', 'uaa')
('\t- UP RATING IS  : ', -17682.602682168017)
('\t- DOWN RATING IS: ', -17568.66240262408)
('\t- CORRESPONDS TO: ', 'sell')
('RATING FOR: ', 'gild')
('\t- UP RATING IS  : ', -43169.46420390258)
('\t- DOWN RATING IS: ', -44004.06265498781)
('\t- CORRESPONDS TO: ', 'buy')
('RATING FOR: ', 'xom')
('\t- UP RATING IS  : ', -40236.95729206248)
('\t- DOWN RATING IS: ', -40234.76072137268)
('\t- CORRESPONDS TO: ', 'sell')
('RATING FOR: ', 'amzn')
('\t- UP RATING IS  : ', -24827.21438608032)
('\t- DOWN RATING IS: ', -25048.725179132496)
('\t- CORRESPONDS TO: ', 'buy')
('RATING FOR: ', 'amat')
('\t- UP RATING IS  : ', -28115.94689412417)
('\t- DOWN RATING IS: ', -28097.26508355473)
('\t- CORRESPONDS TO: ', 'sell')
('RATING FOR: ', 'agn')
('\t- UP RATING IS  : ', -32691.01861273483)
('\t- DOWN RATING IS: ', -32544.1053420263)
('\t- CORRESPONDS TO: ', 'sell')
('RATING FOR: ', 'goog')
('\t- UP RATING IS  : ', -30267.27393459408)
('\t- DOWN RATING IS: ', -30353.699862610283)
('\t- CORRESPONDS TO: ', 'buy')
('RATING FOR: ', 'hd')
('\t- UP RATING IS  : ', -25689.489075672984)
('\t- DOWN RATING IS: ', -25746.53394427763)
('\t- CORRESPONDS TO: ', 'buy')
('RATING FOR: ', 'lmt')
('\t- UP RATING IS  : ', -31445.929984186103)
('\t- DOWN RATING IS: ', -31101.557244325246)
('\t- CORRESPONDS TO: ', 'sell')
('RATING FOR: ', 'data')
('\t- UP RATING IS  : ', -27133.18445951384)
('\t- DOWN RATING IS: ', -27158.019130650748)
('\t- CORRESPONDS TO: ', 'buy')
('RATING FOR: ', 'nflx')
('\t- UP RATING IS  : ', -25582.882414513886)
('\t- DOWN RATING IS: ', -25576.552960562407)
('\t- CORRESPONDS TO: ', 'sell')
('RATING FOR: ', 'aapl')
('\t- UP RATING IS  : ', -26304.555772010404)
('\t- DOWN RATING IS: ', -26177.17453099976)
('\t- CORRESPONDS TO: ', 'sell')
('RATING FOR: ', 'ge')
('\t- UP RATING IS  : ', -23294.246863411554)
('\t- DOWN RATING IS: ', -23107.75257735999)
('\t- CORRESPONDS TO: ', 'sell')
('RATING FOR: ', 'tsla')
('\t- UP RATING IS  : ', -31689.992544523888)
('\t- DOWN RATING IS: ', -31476.315449286983)
('\t- CORRESPONDS TO: ', 'sell')
('RATING FOR: ', 'bac')
('\t- UP RATING IS  : ', -31489.8168327508)
('\t- DOWN RATING IS: ', -31334.367486667346)
('\t- CORRESPONDS TO: ', 'sell')
('RATING FOR: ', 'nvda')
('\t- UP RATING IS  : ', -29818.03411075497)
('\t- DOWN RATING IS: ', -29854.785471613603)
('\t- CORRESPONDS TO: ', 'buy')
('RATING FOR: ', 'baba')
('\t- UP RATING IS  : ', -27937.88221147751)
('\t- DOWN RATING IS: ', -28211.796607478333)
('\t- CORRESPONDS TO: ', 'buy')
('RATING FOR: ', 'wmt')
('\t- UP RATING IS  : ', -42360.497784908424)
('\t- DOWN RATING IS: ', -42517.860502563635)
('\t- CORRESPONDS TO: ', 'buy')
('RATING FOR: ', 'jpm')
('\t- UP RATING IS  : ', -29826.47548784127)
('\t- DOWN RATING IS: ', -29849.31587901516)
('\t- CORRESPONDS TO: ', 'buy')
('RATING FOR: ', 'mu')
('\t- UP RATING IS  : ', -19686.773913105644)
('\t- DOWN RATING IS: ', -19719.961824731003)
('\t- CORRESPONDS TO: ', 'buy')
('RATING FOR: ', 'uaa')
('\t- UP RATING IS  : ', -17639.376083701638)
('\t- DOWN RATING IS: ', -17895.48592805378)
('\t- CORRESPONDS TO: ', 'buy')
('RATING FOR: ', 'gild')
('\t- UP RATING IS  : ', -43344.862689858346)
('\t- DOWN RATING IS: ', -41778.84957998654)
('\t- CORRESPONDS TO: ', 'sell')
('RATING FOR: ', 'xom')
('\t- UP RATING IS  : ', -40788.53738237288)
('\t- DOWN RATING IS: ', -40513.16474866238)
('\t- CORRESPONDS TO: ', 'sell')
Kernel Speedup: 45.2254415013
Function Speedup: 7.02431220146
Done
