Loading word weights
Loading articles
Analyzing weights
Analyzing weights with gpu

PREDICTIONS FOR METHOD 1 BASED ON:
('\t- AVG: ', 0.469778774640009)
('\t- STD: ', 0.35658677245731296)
('RATING FOR: ', 'amzn')
('\t- STD ABOVE MEAN: ', 0.035221478410311716)
('\t- RAW VAL RATING: ', 0.48233828794751699)
('\t- PROBABILITY IS: ', 0.51404843221970109)
('\t- CORRESPONDS TO: ', 'undecided')
('RATING FOR: ', 'amat')
('\t- STD ABOVE MEAN: ', -0.0018855042678944248)
('\t- RAW VAL RATING: ', 0.46910642875866604)
('\t- PROBABILITY IS: ', 0.49924779307335804)
('\t- CORRESPONDS TO: ', 'undecided')
('RATING FOR: ', 'agn')
('\t- STD ABOVE MEAN: ', -0.096226142190555503)
('\t- RAW VAL RATING: ', 0.43546580517026034)
('\t- PROBABILITY IS: ', 0.46167048434291869)
('\t- CORRESPONDS TO: ', 'undecided')
('RATING FOR: ', 'goog')
('\t- STD ABOVE MEAN: ', 0.049476782955860402)
('\t- RAW VAL RATING: ', 0.48742154098581025)
('\t- PROBABILITY IS: ', 0.51973033047396155)
('\t- CORRESPONDS TO: ', 'undecided')
('RATING FOR: ', 'hd')
('\t- STD ABOVE MEAN: ', -0.042333012629802769)
('\t- RAW VAL RATING: ', 0.45468338229795296)
('\t- PROBABILITY IS: ', 0.48311661429653024)
('\t- CORRESPONDS TO: ', 'undecided')
('RATING FOR: ', 'lmt')
('\t- STD ABOVE MEAN: ', -0.0094850848129656041)
('\t- RAW VAL RATING: ', 0.46639651886006972)
('\t- PROBABILITY IS: ', 0.49621605537325253)
('\t- CORRESPONDS TO: ', 'undecided')
('RATING FOR: ', 'data')
('\t- STD ABOVE MEAN: ', 0.0024287038848742164)
('\t- RAW VAL RATING: ', 0.47064481831957083)
('\t- PROBABILITY IS: ', 0.50096891171371394)
('\t- CORRESPONDS TO: ', 'undecided')
('RATING FOR: ', 'nflx')
('\t- STD ABOVE MEAN: ', 0.015953834143485539)
('\t- RAW VAL RATING: ', 0.47546770086555379)
('\t- PROBABILITY IS: ', 0.50636438899070535)
('\t- CORRESPONDS TO: ', 'undecided')
('RATING FOR: ', 'aapl')
('\t- STD ABOVE MEAN: ', 0.036607885969647584)
('\t- RAW VAL RATING: ', 0.48283266254441098)
('\t- PROBABILITY IS: ', 0.51460117217397749)
('\t- CORRESPONDS TO: ', 'undecided')
('RATING FOR: ', 'ge')
('\t- STD ABOVE MEAN: ', -0.057672792895531663)
('\t- RAW VAL RATING: ', 0.44921341956279232)
('\t- PROBABILITY IS: ', 0.47700463286858447)
('\t- CORRESPONDS TO: ', 'undecided')
('RATING FOR: ', 'tsla')
('\t- STD ABOVE MEAN: ', 0.02238121895983505)
('\t- RAW VAL RATING: ', 0.477759621272557)
('\t- PROBABILITY IS: ', 0.50892806915058952)
('\t- CORRESPONDS TO: ', 'undecided')
('RATING FOR: ', 'bac')
('\t- STD ABOVE MEAN: ', -0.049380699225065258)
('\t- RAW VAL RATING: ', 0.45217027048165764)
('\t- PROBABILITY IS: ', 0.4803079545910745)
('\t- CORRESPONDS TO: ', 'undecided')
('RATING FOR: ', 'nvda')
('\t- STD ABOVE MEAN: ', 0.031788518305218019)
('\t- RAW VAL RATING: ', 0.48111413978366691)
('\t- PROBABILITY IS: ', 0.51267964846226888)
('\t- CORRESPONDS TO: ', 'undecided')
('RATING FOR: ', 'baba')
('\t- STD ABOVE MEAN: ', 0.02126611621065394)
('\t- RAW VAL RATING: ', 0.47736199038226823)
('\t- PROBABILITY IS: ', 0.5084833134650425)
('\t- CORRESPONDS TO: ', 'undecided')
('RATING FOR: ', 'wmt')
('\t- STD ABOVE MEAN: ', 0.026625215270895276)
('\t- RAW VAL RATING: ', 0.47927297421943871)
('\t- PROBABILITY IS: ', 0.51062066924575911)
('\t- CORRESPONDS TO: ', 'undecided')
('RATING FOR: ', 'jpm')
('\t- STD ABOVE MEAN: ', -0.045663052855315862)
('\t- RAW VAL RATING: ', 0.45349593400178423)
('\t- PROBABILITY IS: ', 0.48178940631212741)
('\t- CORRESPONDS TO: ', 'undecided')
('RATING FOR: ', 'mu')
('\t- STD ABOVE MEAN: ', 0.07456178606528141)
('\t- RAW VAL RATING: ', 0.49636652128168035)
('\t- PROBABILITY IS: ', 0.52971831012351089)
('\t- CORRESPONDS TO: ', 'undecided')
('RATING FOR: ', 'uaa')
('\t- STD ABOVE MEAN: ', -0.08881897920088265)
('\t- RAW VAL RATING: ', 0.43810710151381305)
('\t- PROBABILITY IS: ', 0.4646128870408055)
('\t- CORRESPONDS TO: ', 'undecided')
('RATING FOR: ', 'gild')
('\t- STD ABOVE MEAN: ', -0.021696329346150317)
('\t- RAW VAL RATING: ', 0.46204215058429438)
('\t- PROBABILITY IS: ', 0.49134509592115239)
('\t- CORRESPONDS TO: ', 'undecided')
('RATING FOR: ', 'xom')
('\t- STD ABOVE MEAN: ', -0.0099768689344967316)
('\t- RAW VAL RATING: ', 0.46622115514742718)
('\t- PROBABILITY IS: ', 0.4960198711850683)
('\t- CORRESPONDS TO: ', 'undecided')

PREDICTIONS FOR METHOD 2 BASED ON:
('\t- AVG: ', 0.469778774640009)
('\t- STD: ', 0.35658677245731296)
('RATING FOR: ', 'amzn')
('\t- STD ABOVE MEAN: ', 0.21075177558850455)
('\t- RAW VAL RATING: ', 0.54493007008676175)
('\t- PROBABILITY IS: ', 0.58345951461527612)
('\t- CORRESPONDS TO: ', 'undecided')
('RATING FOR: ', 'amat')
('\t- STD ABOVE MEAN: ', 0.25181392944006065)
('\t- RAW VAL RATING: ', 0.55957229099883377)
('\t- PROBABILITY IS: ', 0.59940755496936149)
('\t- CORRESPONDS TO: ', 'undecided')
('RATING FOR: ', 'agn')
('\t- STD ABOVE MEAN: ', -0.87750986562247724)
('\t- RAW VAL RATING: ', 0.15687036385823941)
('\t- PROBABILITY IS: ', 0.19010488131500392)
('\t- CORRESPONDS TO: ', 'sell')
('RATING FOR: ', 'goog')
('\t- STD ABOVE MEAN: ', 0.46058652938149919)
('\t- RAW VAL RATING: ', 0.63401783858947314)
('\t- PROBABILITY IS: ', 0.67745236104378559)
('\t- CORRESPONDS TO: ', 'undecided')
('RATING FOR: ', 'hd')
('\t- STD ABOVE MEAN: ', 0.41563274359745661)
('\t- RAW VAL RATING: ', 0.61798791320700397)
('\t- PROBABILITY IS: ', 0.66116061859697828)
('\t- CORRESPONDS TO: ', 'undecided')
('RATING FOR: ', 'lmt')
('\t- STD ABOVE MEAN: ', -0.67854105586255964)
('\t- RAW VAL RATING: ', 0.22782000955020157)
('\t- PROBABILITY IS: ', 0.24871435084909621)
('\t- CORRESPONDS TO: ', 'sell')
('RATING FOR: ', 'data')
('\t- STD ABOVE MEAN: ', 0.031929517189122257)
('\t- RAW VAL RATING: ', 0.4811644181205984)
('\t- PROBABILITY IS: ', 0.51273587033874146)
('\t- CORRESPONDS TO: ', 'undecided')
('RATING FOR: ', 'nflx')
('\t- STD ABOVE MEAN: ', -0.20281201902917367)
('\t- RAW VAL RATING: ', 0.39745869135884482)
('\t- PROBABILITY IS: ', 0.41964098166993885)
('\t- CORRESPONDS TO: ', 'undecided')
('RATING FOR: ', 'aapl')
('\t- STD ABOVE MEAN: ', 0.068680662977675916)
('\t- RAW VAL RATING: ', 0.49426939058144692)
('\t- PROBABILITY IS: ', 0.52737809471956143)
('\t- CORRESPONDS TO: ', 'undecided')
('RATING FOR: ', 'ge')
('\t- STD ABOVE MEAN: ', -0.51217241447938866)
('\t- RAW VAL RATING: ', 0.28714486641913467)
('\t- PROBABILITY IS: ', 0.30426517374721918)
('\t- CORRESPONDS TO: ', 'sell')
('RATING FOR: ', 'tsla')
('\t- STD ABOVE MEAN: ', 0.030885803625770043)
('\t- RAW VAL RATING: ', 0.48079224366967271)
('\t- PROBABILITY IS: ', 0.51231969420582946)
('\t- CORRESPONDS TO: ', 'undecided')
('RATING FOR: ', 'bac')
('\t- STD ABOVE MEAN: ', -0.1212913453038672)
('\t- RAW VAL RATING: ', 0.42652788529109753)
('\t- PROBABILITY IS: ', 0.45173013742760493)
('\t- CORRESPONDS TO: ', 'undecided')
('RATING FOR: ', 'nvda')
('\t- STD ABOVE MEAN: ', 0.19301152998138493)
('\t- RAW VAL RATING: ', 0.53860413316311895)
('\t- PROBABILITY IS: ', 0.57652503087146867)
('\t- CORRESPONDS TO: ', 'undecided')
('RATING FOR: ', 'baba')
('\t- STD ABOVE MEAN: ', -0.0010719633151225884)
('\t- RAW VAL RATING: ', 0.4693965267012768)
('\t- PROBABILITY IS: ', 0.49957234859246108)
('\t- CORRESPONDS TO: ', 'undecided')
('RATING FOR: ', 'wmt')
('\t- STD ABOVE MEAN: ', 0.07118938982070544)
('\t- RAW VAL RATING: ', 0.49516396938937984)
('\t- PROBABILITY IS: ', 0.5283764871555644)
('\t- CORRESPONDS TO: ', 'undecided')
('RATING FOR: ', 'jpm')
('\t- STD ABOVE MEAN: ', -0.42733192421579769)
('\t- RAW VAL RATING: ', 0.31739786301592465)
('\t- PROBABILITY IS: ', 0.3345687917711373)
('\t- CORRESPONDS TO: ', 'undecided')
('RATING FOR: ', 'mu')
('\t- STD ABOVE MEAN: ', 0.67139268675861141)
('\t- RAW VAL RATING: ', 0.70918852586270598)
('\t- PROBABILITY IS: ', 0.74901479871589027)
('\t- CORRESPONDS TO: ', 'buy')
('RATING FOR: ', 'uaa')
('\t- STD ABOVE MEAN: ', -0.58860004191223814)
('\t- RAW VAL RATING: ', 0.25989178542628488)
('\t- PROBABILITY IS: ', 0.27806480289186464)
('\t- CORRESPONDS TO: ', 'sell')
('RATING FOR: ', 'gild')
('\t- STD ABOVE MEAN: ', 0.59317085346051279)
('\t- RAW VAL RATING: ', 0.68129565479124299)
('\t- PROBABILITY IS: ', 0.7234665917715174)
('\t- CORRESPONDS TO: ', 'buy')
('RATING FOR: ', 'xom')
('\t- STD ABOVE MEAN: ', -0.42901043067779987)
('\t- RAW VAL RATING: ', 0.31679932981409054)
('\t- PROBABILITY IS: ', 0.33395781694416332)
('\t- CORRESPONDS TO: ', 'undecided')

PREDICTIONS FOR METHOD 3 BASED ON:
('\t- AVG: ', 0.469778774640009)
('\t- STD: ', 0.35658677245731296)
('RATING FOR: ', 'amzn')
('\t- STD ABOVE MEAN: ', 0.035221478410311716)
('\t- RAW VAL RATING: ', 0.48233828794751699)
('\t- PROBABILITY IS: ', 0.51404843221970109)
('\t- CORRESPONDS TO: ', 'buy')
('RATING FOR: ', 'amat')
('\t- STD ABOVE MEAN: ', -0.0018855042678944248)
('\t- RAW VAL RATING: ', 0.46910642875866604)
('\t- PROBABILITY IS: ', 0.49924779307335804)
('\t- CORRESPONDS TO: ', 'sell')
('RATING FOR: ', 'agn')
('\t- STD ABOVE MEAN: ', -0.096226142190555503)
('\t- RAW VAL RATING: ', 0.43546580517026034)
('\t- PROBABILITY IS: ', 0.46167048434291869)
('\t- CORRESPONDS TO: ', 'sell')
('RATING FOR: ', 'goog')
('\t- STD ABOVE MEAN: ', 0.049476782955860402)
('\t- RAW VAL RATING: ', 0.48742154098581025)
('\t- PROBABILITY IS: ', 0.51973033047396155)
('\t- CORRESPONDS TO: ', 'buy')
('RATING FOR: ', 'hd')
('\t- STD ABOVE MEAN: ', -0.042333012629802769)
('\t- RAW VAL RATING: ', 0.45468338229795296)
('\t- PROBABILITY IS: ', 0.48311661429653024)
('\t- CORRESPONDS TO: ', 'sell')
('RATING FOR: ', 'lmt')
('\t- STD ABOVE MEAN: ', -0.0094850848129656041)
('\t- RAW VAL RATING: ', 0.46639651886006972)
('\t- PROBABILITY IS: ', 0.49621605537325253)
('\t- CORRESPONDS TO: ', 'sell')
('RATING FOR: ', 'data')
('\t- STD ABOVE MEAN: ', 0.0024287038848742164)
('\t- RAW VAL RATING: ', 0.47064481831957083)
('\t- PROBABILITY IS: ', 0.50096891171371394)
('\t- CORRESPONDS TO: ', 'buy')
('RATING FOR: ', 'nflx')
('\t- STD ABOVE MEAN: ', 0.015953834143485539)
('\t- RAW VAL RATING: ', 0.47546770086555379)
('\t- PROBABILITY IS: ', 0.50636438899070535)
('\t- CORRESPONDS TO: ', 'buy')
('RATING FOR: ', 'aapl')
('\t- STD ABOVE MEAN: ', 0.036607885969647584)
('\t- RAW VAL RATING: ', 0.48283266254441098)
('\t- PROBABILITY IS: ', 0.51460117217397749)
('\t- CORRESPONDS TO: ', 'buy')
('RATING FOR: ', 'ge')
('\t- STD ABOVE MEAN: ', -0.057672792895531663)
('\t- RAW VAL RATING: ', 0.44921341956279232)
('\t- PROBABILITY IS: ', 0.47700463286858447)
('\t- CORRESPONDS TO: ', 'sell')
('RATING FOR: ', 'tsla')
('\t- STD ABOVE MEAN: ', 0.02238121895983505)
('\t- RAW VAL RATING: ', 0.477759621272557)
('\t- PROBABILITY IS: ', 0.50892806915058952)
('\t- CORRESPONDS TO: ', 'buy')
('RATING FOR: ', 'bac')
('\t- STD ABOVE MEAN: ', -0.049380699225065258)
('\t- RAW VAL RATING: ', 0.45217027048165764)
('\t- PROBABILITY IS: ', 0.4803079545910745)
('\t- CORRESPONDS TO: ', 'sell')
('RATING FOR: ', 'nvda')
('\t- STD ABOVE MEAN: ', 0.031788518305218019)
('\t- RAW VAL RATING: ', 0.48111413978366691)
('\t- PROBABILITY IS: ', 0.51267964846226888)
('\t- CORRESPONDS TO: ', 'buy')
('RATING FOR: ', 'baba')
('\t- STD ABOVE MEAN: ', 0.02126611621065394)
('\t- RAW VAL RATING: ', 0.47736199038226823)
('\t- PROBABILITY IS: ', 0.5084833134650425)
('\t- CORRESPONDS TO: ', 'buy')
('RATING FOR: ', 'wmt')
('\t- STD ABOVE MEAN: ', 0.026625215270895276)
('\t- RAW VAL RATING: ', 0.47927297421943871)
('\t- PROBABILITY IS: ', 0.51062066924575911)
('\t- CORRESPONDS TO: ', 'buy')
('RATING FOR: ', 'jpm')
('\t- STD ABOVE MEAN: ', -0.045663052855315862)
('\t- RAW VAL RATING: ', 0.45349593400178423)
('\t- PROBABILITY IS: ', 0.48178940631212741)
('\t- CORRESPONDS TO: ', 'sell')
('RATING FOR: ', 'mu')
('\t- STD ABOVE MEAN: ', 0.07456178606528141)
('\t- RAW VAL RATING: ', 0.49636652128168035)
('\t- PROBABILITY IS: ', 0.52971831012351089)
('\t- CORRESPONDS TO: ', 'buy')
('RATING FOR: ', 'uaa')
('\t- STD ABOVE MEAN: ', -0.08881897920088265)
('\t- RAW VAL RATING: ', 0.43810710151381305)
('\t- PROBABILITY IS: ', 0.4646128870408055)
('\t- CORRESPONDS TO: ', 'sell')
('RATING FOR: ', 'gild')
('\t- STD ABOVE MEAN: ', -0.021696329346150317)
('\t- RAW VAL RATING: ', 0.46204215058429438)
('\t- PROBABILITY IS: ', 0.49134509592115239)
('\t- CORRESPONDS TO: ', 'sell')
('RATING FOR: ', 'xom')
('\t- STD ABOVE MEAN: ', -0.0099768689344967316)
('\t- RAW VAL RATING: ', 0.46622115514742718)
('\t- PROBABILITY IS: ', 0.4960198711850683)
('\t- CORRESPONDS TO: ', 'sell')

PREDICTIONS FOR METHOD 4 BASED ON:
('\t- AVG: ', 0.4713945942891905)
('\t- STD: ', 0.12236642812573999)
('RATING FOR: ', 'amzn')
('\t- STD ABOVE MEAN: ', 0.089433791816502781)
('\t- RAW VAL RATING: ', 0.48233828794751699)
('\t- PROBABILITY IS: ', 0.53563141546277926)
('\t- CORRESPONDS TO: ', 'undecided')
('RATING FOR: ', 'amat')
('\t- STD ABOVE MEAN: ', -0.018699291673147621)
('\t- RAW VAL RATING: ', 0.46910642875866604)
('\t- PROBABILITY IS: ', 0.49254049665990846)
('\t- CORRESPONDS TO: ', 'undecided')
('RATING FOR: ', 'agn')
('\t- STD ABOVE MEAN: ', -0.29361639192418726)
('\t- RAW VAL RATING: ', 0.43546580517026034)
('\t- PROBABILITY IS: ', 0.38452552433857057)
('\t- CORRESPONDS TO: ', 'undecided')
('RATING FOR: ', 'goog')
('\t- STD ABOVE MEAN: ', 0.13097503083240242)
('\t- RAW VAL RATING: ', 0.48742154098581025)
('\t- PROBABILITY IS: ', 0.5521024701316346)
('\t- CORRESPONDS TO: ', 'undecided')
('RATING FOR: ', 'hd')
('\t- STD ABOVE MEAN: ', -0.13656696732265169)
('\t- RAW VAL RATING: ', 0.45468338229795296)
('\t- PROBABILITY IS: ', 0.44568654403453378)
('\t- CORRESPONDS TO: ', 'undecided')
('RATING FOR: ', 'lmt')
('\t- STD ABOVE MEAN: ', -0.040845152593527667)
('\t- RAW VAL RATING: ', 0.46639651886006972)
('\t- PROBABILITY IS: ', 0.4837096714046748)
('\t- CORRESPONDS TO: ', 'undecided')
('RATING FOR: ', 'data')
('\t- STD ABOVE MEAN: ', -0.0061273012631309597)
('\t- RAW VAL RATING: ', 0.47064481831957083)
('\t- PROBABILITY IS: ', 0.4975555757568938)
('\t- CORRESPONDS TO: ', 'undecided')
('RATING FOR: ', 'nflx')
('\t- STD ABOVE MEAN: ', 0.033286144237027859)
('\t- RAW VAL RATING: ', 0.47546770086555379)
('\t- PROBABILITY IS: ', 0.51327679853244279)
('\t- CORRESPONDS TO: ', 'undecided')
('RATING FOR: ', 'aapl')
('\t- STD ABOVE MEAN: ', 0.093473908084226107)
('\t- RAW VAL RATING: ', 0.48283266254441098)
('\t- PROBABILITY IS: ', 0.53723646137150605)
('\t- CORRESPONDS TO: ', 'undecided')
('RATING FOR: ', 'ge')
('\t- STD ABOVE MEAN: ', -0.18126846608291527)
('\t- RAW VAL RATING: ', 0.44921341956279232)
('\t- PROBABILITY IS: ', 0.42807842819816311)
('\t- CORRESPONDS TO: ', 'undecided')
('RATING FOR: ', 'tsla')
('\t- STD ABOVE MEAN: ', 0.052016121422012812)
('\t- RAW VAL RATING: ', 0.477759621272557)
('\t- PROBABILITY IS: ', 0.52074207611691359)
('\t- CORRESPONDS TO: ', 'undecided')
('RATING FOR: ', 'bac')
('\t- STD ABOVE MEAN: ', -0.15710455965731496)
('\t- RAW VAL RATING: ', 0.45217027048165764)
('\t- PROBABILITY IS: ', 0.43758122206112537)
('\t- CORRESPONDS TO: ', 'undecided')
('RATING FOR: ', 'nvda')
('\t- STD ABOVE MEAN: ', 0.079429837442741194)
('\t- RAW VAL RATING: ', 0.48111413978366691)
('\t- PROBABILITY IS: ', 0.53165463161924242)
('\t- CORRESPONDS TO: ', 'undecided')
('RATING FOR: ', 'baba')
('\t- STD ABOVE MEAN: ', 0.048766611761731027)
('\t- RAW VAL RATING: ', 0.47736199038226823)
('\t- PROBABILITY IS: ', 0.51944735477212589)
('\t- CORRESPONDS TO: ', 'undecided')
('RATING FOR: ', 'wmt')
('\t- STD ABOVE MEAN: ', 0.064383508213156485)
('\t- RAW VAL RATING: ', 0.47927297421943871)
('\t- PROBABILITY IS: ', 0.5256675693403724)
('\t- CORRESPONDS TO: ', 'undecided')
('RATING FOR: ', 'jpm')
('\t- STD ABOVE MEAN: ', -0.14627100391468617)
('\t- RAW VAL RATING: ', 0.45349593400178423)
('\t- PROBABILITY IS: ', 0.44185372758138874)
('\t- CORRESPONDS TO: ', 'undecided')
('RATING FOR: ', 'mu')
('\t- STD ABOVE MEAN: ', 0.20407498506722332)
('\t- RAW VAL RATING: ', 0.49636652128168035)
('\t- PROBABILITY IS: ', 0.58085254900057426)
('\t- CORRESPONDS TO: ', 'undecided')
('RATING FOR: ', 'uaa')
('\t- STD ABOVE MEAN: ', -0.27203125305882309)
('\t- RAW VAL RATING: ', 0.43810710151381305)
('\t- PROBABILITY IS: ', 0.39279899435287907)
('\t- CORRESPONDS TO: ', 'undecided')
('RATING FOR: ', 'gild')
('\t- STD ABOVE MEAN: ', -0.07642981696978067)
('\t- RAW VAL RATING: ', 0.46204215058429438)
('\t- PROBABILITY IS: ', 0.46953857423269008)
('\t- CORRESPONDS TO: ', 'undecided')
('RATING FOR: ', 'xom')
('\t- STD ABOVE MEAN: ', -0.042278255735692945)
('\t- RAW VAL RATING: ', 0.46622115514742718)
('\t- PROBABILITY IS: ', 0.48313843959689207)
('\t- CORRESPONDS TO: ', 'undecided')

PREDICTIONS FOR METHOD 5 BASED ON:
('\t- AVG: ', 0.4713945942891905)
('\t- STD: ', 0.12236642812573999)
('RATING FOR: ', 'amzn')
('\t- STD ABOVE MEAN: ', 0.52428372714180582)
('\t- RAW VAL RATING: ', 0.53554932130398336)
('\t- PROBABILITY IS: ', 0.69995939327785317)
('\t- CORRESPONDS TO: ', 'buy')
('RATING FOR: ', 'amat')
('\t- STD ABOVE MEAN: ', 0.24291818137824076)
('\t- RAW VAL RATING: ', 0.50111962447124647)
('\t- PROBABILITY IS: ', 0.59596560967077672)
('\t- CORRESPONDS TO: ', 'undecided')
('RATING FOR: ', 'agn')
('\t- STD ABOVE MEAN: ', -1.8628396871874031)
('\t- RAW VAL RATING: ', 0.24344555559719719)
('\t- PROBABILITY IS: ', 0.031242412235320795)
('\t- CORRESPONDS TO: ', 'sell')
('RATING FOR: ', 'goog')
('\t- STD ABOVE MEAN: ', 0.64593665418728818)
('\t- RAW VAL RATING: ', 0.55043555545758027)
('\t- PROBABILITY IS: ', 0.74083980982980835)
('\t- CORRESPONDS TO: ', 'buy')
('RATING FOR: ', 'hd')
('\t- STD ABOVE MEAN: ', -0.7367206266380294)
('\t- RAW VAL RATING: ', 0.38124472268093795)
('\t- PROBABILITY IS: ', 0.23064613030324177)
('\t- CORRESPONDS TO: ', 'sell')
('RATING FOR: ', 'lmt')
('\t- STD ABOVE MEAN: ', -0.66995661692866337)
('\t- RAW VAL RATING: ', 0.38941439607642531)
('\t- PROBABILITY IS: ', 0.25144272309228777)
('\t- CORRESPONDS TO: ', 'sell')
('RATING FOR: ', 'data')
('\t- STD ABOVE MEAN: ', -0.14546114670891089)
('\t- RAW VAL RATING: ', 0.45359503333534684)
('\t- PROBABILITY IS: ', 0.44217339493240798)
('\t- CORRESPONDS TO: ', 'undecided')
('RATING FOR: ', 'nflx')
('\t- STD ABOVE MEAN: ', -0.053803320211344673)
('\t- RAW VAL RATING: ', 0.46481087417362282)
('\t- PROBABILITY IS: ', 0.47854593210358093)
('\t- CORRESPONDS TO: ', 'undecided')
('RATING FOR: ', 'aapl')
('\t- STD ABOVE MEAN: ', 0.83753269873231306)
('\t- RAW VAL RATING: ', 0.57388047907157513)
('\t- PROBABILITY IS: ', 0.79885339752918516)
('\t- CORRESPONDS TO: ', 'buy')
('RATING FOR: ', 'ge')
('\t- STD ABOVE MEAN: ', -0.94390721853219006)
('\t- RAW VAL RATING: ', 0.35589203947530412)
('\t- PROBABILITY IS: ', 0.17260853146556343)
('\t- CORRESPONDS TO: ', 'sell')
('RATING FOR: ', 'tsla')
('\t- STD ABOVE MEAN: ', 0.24844402775505292)
('\t- RAW VAL RATING: ', 0.50179580255474854)
('\t- PROBABILITY IS: ', 0.59810456403500001)
('\t- CORRESPONDS TO: ', 'undecided')
('RATING FOR: ', 'bac')
('\t- STD ABOVE MEAN: ', -0.70059495500677771)
('\t- RAW VAL RATING: ', 0.3856652920820976)
('\t- PROBABILITY IS: ', 0.24177791387276043)
('\t- CORRESPONDS TO: ', 'sell')
('RATING FOR: ', 'nvda')
('\t- STD ABOVE MEAN: ', 0.42398497771032501)
('\t- RAW VAL RATING: ', 0.52327612159057446)
('\t- PROBABILITY IS: ', 0.66421161551068897)
('\t- CORRESPONDS TO: ', 'undecided')
('RATING FOR: ', 'baba')
('\t- STD ABOVE MEAN: ', 0.034532636071892053)
('\t- RAW VAL RATING: ', 0.47562022961907402)
('\t- PROBABILITY IS: ', 0.51377379098066256)
('\t- CORRESPONDS TO: ', 'undecided')
('RATING FOR: ', 'wmt')
('\t- STD ABOVE MEAN: ', 0.23449471739684663)
('\t- RAW VAL RATING: ', 0.50008887527139745)
('\t- PROBABILITY IS: ', 0.59269953310621148)
('\t- CORRESPONDS TO: ', 'undecided')
('RATING FOR: ', 'jpm')
('\t- STD ABOVE MEAN: ', -0.93010695182303493)
('\t- RAW VAL RATING: ', 0.357580728819686)
('\t- PROBABILITY IS: ', 0.17615785587582738)
('\t- CORRESPONDS TO: ', 'sell')
('RATING FOR: ', 'mu')
('\t- STD ABOVE MEAN: ', 0.76727473693255366)
('\t- RAW VAL RATING: ', 0.56528326323874389)
('\t- PROBABILITY IS: ', 0.77854090724588143)
('\t- CORRESPONDS TO: ', 'buy')
('RATING FOR: ', 'uaa')
('\t- STD ABOVE MEAN: ', -1.2715982209695946)
('\t- RAW VAL RATING: ', 0.31579366197809577)
('\t- PROBABILITY IS: ', 0.10175795459220632)
('\t- CORRESPONDS TO: ', 'sell')
('RATING FOR: ', 'gild')
('\t- STD ABOVE MEAN: ', -0.72118297916247853)
('\t- RAW VAL RATING: ', 0.38314600910399804)
('\t- PROBABILITY IS: ', 0.23539847128877467)
('\t- CORRESPONDS TO: ', 'sell')
('RATING FOR: ', 'xom')
('\t- STD ABOVE MEAN: ', -0.49318536634887505)
('\t- RAW VAL RATING: ', 0.41104526260519414)
('\t- PROBABILITY IS: ', 0.31094080838944316)
('\t- CORRESPONDS TO: ', 'undecided')

PREDICTIONS FOR METHOD 6 BASED ON:
('\t- AVG: ', 0.4713945942891905)
('\t- STD: ', 0.12236642812573999)
('RATING FOR: ', 'amzn')
('\t- STD ABOVE MEAN: ', 0.089433791816502781)
('\t- RAW VAL RATING: ', 0.48233828794751699)
('\t- PROBABILITY IS: ', 0.53563141546277926)
('\t- CORRESPONDS TO: ', 'buy')
('RATING FOR: ', 'amat')
('\t- STD ABOVE MEAN: ', -0.018699291673147621)
('\t- RAW VAL RATING: ', 0.46910642875866604)
('\t- PROBABILITY IS: ', 0.49254049665990846)
('\t- CORRESPONDS TO: ', 'sell')
('RATING FOR: ', 'agn')
('\t- STD ABOVE MEAN: ', -0.29361639192418726)
('\t- RAW VAL RATING: ', 0.43546580517026034)
('\t- PROBABILITY IS: ', 0.38452552433857057)
('\t- CORRESPONDS TO: ', 'sell')
('RATING FOR: ', 'goog')
('\t- STD ABOVE MEAN: ', 0.13097503083240242)
('\t- RAW VAL RATING: ', 0.48742154098581025)
('\t- PROBABILITY IS: ', 0.5521024701316346)
('\t- CORRESPONDS TO: ', 'buy')
('RATING FOR: ', 'hd')
('\t- STD ABOVE MEAN: ', -0.13656696732265169)
('\t- RAW VAL RATING: ', 0.45468338229795296)
('\t- PROBABILITY IS: ', 0.44568654403453378)
('\t- CORRESPONDS TO: ', 'sell')
('RATING FOR: ', 'lmt')
('\t- STD ABOVE MEAN: ', -0.040845152593527667)
('\t- RAW VAL RATING: ', 0.46639651886006972)
('\t- PROBABILITY IS: ', 0.4837096714046748)
('\t- CORRESPONDS TO: ', 'sell')
('RATING FOR: ', 'data')
('\t- STD ABOVE MEAN: ', -0.0061273012631309597)
('\t- RAW VAL RATING: ', 0.47064481831957083)
('\t- PROBABILITY IS: ', 0.4975555757568938)
('\t- CORRESPONDS TO: ', 'sell')
('RATING FOR: ', 'nflx')
('\t- STD ABOVE MEAN: ', 0.033286144237027859)
('\t- RAW VAL RATING: ', 0.47546770086555379)
('\t- PROBABILITY IS: ', 0.51327679853244279)
('\t- CORRESPONDS TO: ', 'buy')
('RATING FOR: ', 'aapl')
('\t- STD ABOVE MEAN: ', 0.093473908084226107)
('\t- RAW VAL RATING: ', 0.48283266254441098)
('\t- PROBABILITY IS: ', 0.53723646137150605)
('\t- CORRESPONDS TO: ', 'buy')
('RATING FOR: ', 'ge')
('\t- STD ABOVE MEAN: ', -0.18126846608291527)
('\t- RAW VAL RATING: ', 0.44921341956279232)
('\t- PROBABILITY IS: ', 0.42807842819816311)
('\t- CORRESPONDS TO: ', 'sell')
('RATING FOR: ', 'tsla')
('\t- STD ABOVE MEAN: ', 0.052016121422012812)
('\t- RAW VAL RATING: ', 0.477759621272557)
('\t- PROBABILITY IS: ', 0.52074207611691359)
('\t- CORRESPONDS TO: ', 'buy')
('RATING FOR: ', 'bac')
('\t- STD ABOVE MEAN: ', -0.15710455965731496)
('\t- RAW VAL RATING: ', 0.45217027048165764)
('\t- PROBABILITY IS: ', 0.43758122206112537)
('\t- CORRESPONDS TO: ', 'sell')
('RATING FOR: ', 'nvda')
('\t- STD ABOVE MEAN: ', 0.079429837442741194)
('\t- RAW VAL RATING: ', 0.48111413978366691)
('\t- PROBABILITY IS: ', 0.53165463161924242)
('\t- CORRESPONDS TO: ', 'buy')
('RATING FOR: ', 'baba')
('\t- STD ABOVE MEAN: ', 0.048766611761731027)
('\t- RAW VAL RATING: ', 0.47736199038226823)
('\t- PROBABILITY IS: ', 0.51944735477212589)
('\t- CORRESPONDS TO: ', 'buy')
('RATING FOR: ', 'wmt')
('\t- STD ABOVE MEAN: ', 0.064383508213156485)
('\t- RAW VAL RATING: ', 0.47927297421943871)
('\t- PROBABILITY IS: ', 0.5256675693403724)
('\t- CORRESPONDS TO: ', 'buy')
('RATING FOR: ', 'jpm')
('\t- STD ABOVE MEAN: ', -0.14627100391468617)
('\t- RAW VAL RATING: ', 0.45349593400178423)
('\t- PROBABILITY IS: ', 0.44185372758138874)
('\t- CORRESPONDS TO: ', 'sell')
('RATING FOR: ', 'mu')
('\t- STD ABOVE MEAN: ', 0.20407498506722332)
('\t- RAW VAL RATING: ', 0.49636652128168035)
('\t- PROBABILITY IS: ', 0.58085254900057426)
('\t- CORRESPONDS TO: ', 'buy')
('RATING FOR: ', 'uaa')
('\t- STD ABOVE MEAN: ', -0.27203125305882309)
('\t- RAW VAL RATING: ', 0.43810710151381305)
('\t- PROBABILITY IS: ', 0.39279899435287907)
('\t- CORRESPONDS TO: ', 'sell')
('RATING FOR: ', 'gild')
('\t- STD ABOVE MEAN: ', -0.07642981696978067)
('\t- RAW VAL RATING: ', 0.46204215058429438)
('\t- PROBABILITY IS: ', 0.46953857423269008)
('\t- CORRESPONDS TO: ', 'sell')
('RATING FOR: ', 'xom')
('\t- STD ABOVE MEAN: ', -0.042278255735692945)
('\t- RAW VAL RATING: ', 0.46622115514742718)
('\t- PROBABILITY IS: ', 0.48313843959689207)
('\t- CORRESPONDS TO: ', 'sell')

PREDICTIONS FOR METHOD 1 BASED ON:
('\t- AVG: ', 0.469778774640009)
('\t- STD: ', 0.35658677245731296)
('RATING FOR: ', 'amzn')
('\t- STD ABOVE MEAN: ', 0.035221484484522059)
('\t- RAW VAL RATING: ', 0.48233829011350005)
('\t- PROBABILITY IS: ', 0.51404843464145777)
('\t- CORRESPONDS TO: ', 'undecided')
('RATING FOR: ', 'amat')
('\t- STD ABOVE MEAN: ', -0.0018855014614257849)
('\t- RAW VAL RATING: ', 0.46910642975941563)
('\t- PROBABILITY IS: ', 0.49924779419297505)
('\t- CORRESPONDS TO: ', 'undecided')
('RATING FOR: ', 'agn')
('\t- STD ABOVE MEAN: ', -0.096226138392855057)
('\t- RAW VAL RATING: ', 0.43546580652447009)
('\t- PROBABILITY IS: ', 0.46167048585098386)
('\t- CORRESPONDS TO: ', 'undecided')
('RATING FOR: ', 'goog')
('\t- STD ABOVE MEAN: ', 0.049476788517305206)
('\t- RAW VAL RATING: ', 0.48742154296894791)
('\t- PROBABILITY IS: ', 0.51973033268994306)
('\t- CORRESPONDS TO: ', 'undecided')
('RATING FOR: ', 'hd')
('\t- STD ABOVE MEAN: ', -0.042333007633181992)
('\t- RAW VAL RATING: ', 0.45468338407968184)
('\t- PROBABILITY IS: ', 0.4831166162881082)
('\t- CORRESPONDS TO: ', 'undecided')
('RATING FOR: ', 'lmt')
('\t- STD ABOVE MEAN: ', -0.0094850803144827991)
('\t- RAW VAL RATING: ', 0.46639652046416918)
('\t- PROBABILITY IS: ', 0.49621605716780681)
('\t- CORRESPONDS TO: ', 'undecided')
('RATING FOR: ', 'data')
('\t- STD ABOVE MEAN: ', 0.0024287151958611447)
('\t- RAW VAL RATING: ', 0.47064482235291916)
('\t- PROBABILITY IS: ', 0.50096891622613149)
('\t- CORRESPONDS TO: ', 'undecided')
('RATING FOR: ', 'nflx')
('\t- STD ABOVE MEAN: ', 0.015953837613273684)
('\t- RAW VAL RATING: ', 0.47546770210283434)
('\t- PROBABILITY IS: ', 0.50636439037477432)
('\t- CORRESPONDS TO: ', 'undecided')
('RATING FOR: ', 'aapl')
('\t- STD ABOVE MEAN: ', 0.036607894533303945)
('\t- RAW VAL RATING: ', 0.48283266559809757)
('\t- PROBABILITY IS: ', 0.5146011755880936)
('\t- CORRESPONDS TO: ', 'undecided')
('RATING FOR: ', 'ge')
('\t- STD ABOVE MEAN: ', -0.057672788326697151)
('\t- RAW VAL RATING: ', 0.44921342119197827)
('\t- PROBABILITY IS: ', 0.47700463468825693)
('\t- CORRESPONDS TO: ', 'undecided')
('RATING FOR: ', 'tsla')
('\t- STD ABOVE MEAN: ', 0.022381228369274867)
('\t- RAW VAL RATING: ', 0.47775962462783877)
('\t- PROBABILITY IS: ', 0.50892807290347286)
('\t- CORRESPONDS TO: ', 'undecided')
('RATING FOR: ', 'bac')
('\t- STD ABOVE MEAN: ', -0.049380691727213814)
('\t- RAW VAL RATING: ', 0.45217027315529229)
('\t- PROBABILITY IS: ', 0.4803079575786397)
('\t- CORRESPONDS TO: ', 'undecided')
('RATING FOR: ', 'nvda')
('\t- STD ABOVE MEAN: ', 0.031788526307498205)
('\t- RAW VAL RATING: ', 0.48111414263717417)
('\t- PROBABILITY IS: ', 0.51267965165310414)
('\t- CORRESPONDS TO: ', 'undecided')
('RATING FOR: ', 'baba')
('\t- STD ABOVE MEAN: ', 0.021266120384320325)
('\t- RAW VAL RATING: ', 0.47736199187054246)
('\t- PROBABILITY IS: ', 0.50848331512971801)
('\t- CORRESPONDS TO: ', 'undecided')
('RATING FOR: ', 'wmt')
('\t- STD ABOVE MEAN: ', 0.026625219753901166)
('\t- RAW VAL RATING: ', 0.47927297581801931)
('\t- PROBABILITY IS: ', 0.51062067103358588)
('\t- CORRESPONDS TO: ', 'undecided')
('RATING FOR: ', 'jpm')
('\t- STD ABOVE MEAN: ', -0.04566304421733329)
('\t- RAW VAL RATING: ', 0.45349593708197455)
('\t- PROBABILITY IS: ', 0.481789409754593)
('\t- CORRESPONDS TO: ', 'undecided')
('RATING FOR: ', 'mu')
('\t- STD ABOVE MEAN: ', 0.074561790079702872)
('\t- RAW VAL RATING: ', 0.49636652271316994)
('\t- PROBABILITY IS: ', 0.52971831172058781)
('\t- CORRESPONDS TO: ', 'undecided')
('RATING FOR: ', 'uaa')
('\t- STD ABOVE MEAN: ', -0.088818970994147747)
('\t- RAW VAL RATING: ', 0.43810710444022616)
('\t- PROBABILITY IS: ', 0.46461289030193043)
('\t- CORRESPONDS TO: ', 'undecided')
('RATING FOR: ', 'gild')
('\t- STD ABOVE MEAN: ', -0.021741677224992057)
('\t- RAW VAL RATING: ', 0.46202598013054041)
('\t- PROBABILITY IS: ', 0.49132700900139714)
('\t- CORRESPONDS TO: ', 'undecided')
('RATING FOR: ', 'xom')
('\t- STD ABOVE MEAN: ', -0.0099768613066413183)
('\t- RAW VAL RATING: ', 0.46622115786741952)
('\t- PROBABILITY IS: ', 0.49601987422799088)
('\t- CORRESPONDS TO: ', 'undecided')

PREDICTIONS FOR METHOD 2 BASED ON:
('\t- AVG: ', 0.469778774640009)
('\t- STD: ', 0.35658677245731296)
('RATING FOR: ', 'amzn')
('\t- STD ABOVE MEAN: ', 0.21075178054119392)
('\t- RAW VAL RATING: ', 0.54493007185282527)
('\t- PROBABILITY IS: ', 0.58345951654771722)
('\t- CORRESPONDS TO: ', 'undecided')
('RATING FOR: ', 'amat')
('\t- STD ABOVE MEAN: ', 0.25181394219985209)
('\t- RAW VAL RATING: ', 0.55957229554880661)
('\t- PROBABILITY IS: ', 0.59940755990092098)
('\t- CORRESPONDS TO: ', 'undecided')
('RATING FOR: ', 'agn')
('\t- STD ABOVE MEAN: ', -0.87750985793726943)
('\t- RAW VAL RATING: ', 0.15687036659868284)
('\t- PROBABILITY IS: ', 0.19010488340120996)
('\t- CORRESPONDS TO: ', 'sell')
('RATING FOR: ', 'goog')
('\t- STD ABOVE MEAN: ', 0.46058653131763744)
('\t- RAW VAL RATING: ', 0.63401783927987443)
('\t- PROBABILITY IS: ', 0.67745236173845924)
('\t- CORRESPONDS TO: ', 'undecided')
('RATING FOR: ', 'hd')
('\t- STD ABOVE MEAN: ', 0.41563274711647269)
('\t- RAW VAL RATING: ', 0.61798791446183854)
('\t- PROBABILITY IS: ', 0.66116061988469099)
('\t- CORRESPONDS TO: ', 'undecided')
('RATING FOR: ', 'lmt')
('\t- STD ABOVE MEAN: ', -0.67854105586255964)
('\t- RAW VAL RATING: ', 0.22782000955020157)
('\t- PROBABILITY IS: ', 0.24871435084909621)
('\t- CORRESPONDS TO: ', 'sell')
('RATING FOR: ', 'data')
('\t- STD ABOVE MEAN: ', 0.031929526867368843)
('\t- RAW VAL RATING: ', 0.48116442157173311)
('\t- PROBABILITY IS: ', 0.51273587419783551)
('\t- CORRESPONDS TO: ', 'undecided')
('RATING FOR: ', 'nflx')
('\t- STD ABOVE MEAN: ', -0.20281201121827333)
('\t- RAW VAL RATING: ', 0.39745869414410856)
('\t- PROBABILITY IS: ', 0.41964098472260503)
('\t- CORRESPONDS TO: ', 'undecided')
('RATING FOR: ', 'aapl')
('\t- STD ABOVE MEAN: ', 0.068680672714759652)
('\t- RAW VAL RATING: ', 0.49426939405356218)
('\t- PROBABILITY IS: ', 0.52737809859494478)
('\t- CORRESPONDS TO: ', 'undecided')
('RATING FOR: ', 'ge')
('\t- STD ABOVE MEAN: ', -0.51217240980740286)
('\t- RAW VAL RATING: ', 0.28714486808510298)
('\t- PROBABILITY IS: ', 0.30426517538196185)
('\t- CORRESPONDS TO: ', 'sell')
('RATING FOR: ', 'tsla')
('\t- STD ABOVE MEAN: ', 0.030885817894951498)
('\t- RAW VAL RATING: ', 0.48079224875787407)
('\t- PROBABILITY IS: ', 0.5123196998956947)
('\t- CORRESPONDS TO: ', 'undecided')
('RATING FOR: ', 'bac')
('\t- STD ABOVE MEAN: ', -0.12129134060855068)
('\t- RAW VAL RATING: ', 0.42652788696538529)
('\t- PROBABILITY IS: ', 0.4517301392870372)
('\t- CORRESPONDS TO: ', 'undecided')
('RATING FOR: ', 'nvda')
('\t- STD ABOVE MEAN: ', 0.19301154726282824)
('\t- RAW VAL RATING: ', 0.53860413932545304)
('\t- PROBABILITY IS: ', 0.57652503763853746)
('\t- CORRESPONDS TO: ', 'undecided')
('RATING FOR: ', 'baba')
('\t- STD ABOVE MEAN: ', -0.0010719633151225884)
('\t- RAW VAL RATING: ', 0.4693965267012768)
('\t- PROBABILITY IS: ', 0.49957234859246108)
('\t- CORRESPONDS TO: ', 'undecided')
('RATING FOR: ', 'wmt')
('\t- STD ABOVE MEAN: ', 0.07118939211047623)
('\t- RAW VAL RATING: ', 0.49516397020588182)
('\t- PROBABILITY IS: ', 0.52837648806673898)
('\t- CORRESPONDS TO: ', 'undecided')
('RATING FOR: ', 'jpm')
('\t- STD ABOVE MEAN: ', -0.42733192421579769)
('\t- RAW VAL RATING: ', 0.31739786301592465)
('\t- PROBABILITY IS: ', 0.3345687917711373)
('\t- CORRESPONDS TO: ', 'undecided')
('RATING FOR: ', 'mu')
('\t- STD ABOVE MEAN: ', 0.67139268836174393)
('\t- RAW VAL RATING: ', 0.70918852643436181)
('\t- PROBABILITY IS: ', 0.74901479922639114)
('\t- CORRESPONDS TO: ', 'buy')
('RATING FOR: ', 'uaa')
('\t- STD ABOVE MEAN: ', -0.58860003269656347)
('\t- RAW VAL RATING: ', 0.25989178871247254)
('\t- PROBABILITY IS: ', 0.27806480598363015)
('\t- CORRESPONDS TO: ', 'sell')
('RATING FOR: ', 'gild')
('\t- STD ABOVE MEAN: ', 0.59317086882386438)
('\t- RAW VAL RATING: ', 0.68129566026961097)
('\t- PROBABILITY IS: ', 0.72346659691186421)
('\t- CORRESPONDS TO: ', 'buy')
('RATING FOR: ', 'xom')
('\t- STD ABOVE MEAN: ', -0.42901043067779987)
('\t- RAW VAL RATING: ', 0.31679932981409054)
('\t- PROBABILITY IS: ', 0.33395781694416332)
('\t- CORRESPONDS TO: ', 'undecided')

PREDICTIONS FOR METHOD 3 BASED ON:
('\t- AVG: ', 0.469778774640009)
('\t- STD: ', 0.35658677245731296)
('RATING FOR: ', 'amzn')
('\t- STD ABOVE MEAN: ', 0.035221484484522059)
('\t- RAW VAL RATING: ', 0.48233829011350005)
('\t- PROBABILITY IS: ', 0.51404843464145777)
('\t- CORRESPONDS TO: ', 'buy')
('RATING FOR: ', 'amat')
('\t- STD ABOVE MEAN: ', -0.0018855014614257849)
('\t- RAW VAL RATING: ', 0.46910642975941563)
('\t- PROBABILITY IS: ', 0.49924779419297505)
('\t- CORRESPONDS TO: ', 'sell')
('RATING FOR: ', 'agn')
('\t- STD ABOVE MEAN: ', -0.096226138392855057)
('\t- RAW VAL RATING: ', 0.43546580652447009)
('\t- PROBABILITY IS: ', 0.46167048585098386)
('\t- CORRESPONDS TO: ', 'sell')
('RATING FOR: ', 'goog')
('\t- STD ABOVE MEAN: ', 0.049476788517305206)
('\t- RAW VAL RATING: ', 0.48742154296894791)
('\t- PROBABILITY IS: ', 0.51973033268994306)
('\t- CORRESPONDS TO: ', 'buy')
('RATING FOR: ', 'hd')
('\t- STD ABOVE MEAN: ', -0.042333007633181992)
('\t- RAW VAL RATING: ', 0.45468338407968184)
('\t- PROBABILITY IS: ', 0.4831166162881082)
('\t- CORRESPONDS TO: ', 'sell')
('RATING FOR: ', 'lmt')
('\t- STD ABOVE MEAN: ', -0.0094850803144827991)
('\t- RAW VAL RATING: ', 0.46639652046416918)
('\t- PROBABILITY IS: ', 0.49621605716780681)
('\t- CORRESPONDS TO: ', 'sell')
('RATING FOR: ', 'data')
('\t- STD ABOVE MEAN: ', 0.0024287151958611447)
('\t- RAW VAL RATING: ', 0.47064482235291916)
('\t- PROBABILITY IS: ', 0.50096891622613149)
('\t- CORRESPONDS TO: ', 'buy')
('RATING FOR: ', 'nflx')
('\t- STD ABOVE MEAN: ', 0.015953837613273684)
('\t- RAW VAL RATING: ', 0.47546770210283434)
('\t- PROBABILITY IS: ', 0.50636439037477432)
('\t- CORRESPONDS TO: ', 'buy')
('RATING FOR: ', 'aapl')
('\t- STD ABOVE MEAN: ', 0.036607894533303945)
('\t- RAW VAL RATING: ', 0.48283266559809757)
('\t- PROBABILITY IS: ', 0.5146011755880936)
('\t- CORRESPONDS TO: ', 'buy')
('RATING FOR: ', 'ge')
('\t- STD ABOVE MEAN: ', -0.057672788326697151)
('\t- RAW VAL RATING: ', 0.44921342119197827)
('\t- PROBABILITY IS: ', 0.47700463468825693)
('\t- CORRESPONDS TO: ', 'sell')
('RATING FOR: ', 'tsla')
('\t- STD ABOVE MEAN: ', 0.022381228369274867)
('\t- RAW VAL RATING: ', 0.47775962462783877)
('\t- PROBABILITY IS: ', 0.50892807290347286)
('\t- CORRESPONDS TO: ', 'buy')
('RATING FOR: ', 'bac')
('\t- STD ABOVE MEAN: ', -0.049380691727213814)
('\t- RAW VAL RATING: ', 0.45217027315529229)
('\t- PROBABILITY IS: ', 0.4803079575786397)
('\t- CORRESPONDS TO: ', 'sell')
('RATING FOR: ', 'nvda')
('\t- STD ABOVE MEAN: ', 0.031788526307498205)
('\t- RAW VAL RATING: ', 0.48111414263717417)
('\t- PROBABILITY IS: ', 0.51267965165310414)
('\t- CORRESPONDS TO: ', 'buy')
('RATING FOR: ', 'baba')
('\t- STD ABOVE MEAN: ', 0.021266120384320325)
('\t- RAW VAL RATING: ', 0.47736199187054246)
('\t- PROBABILITY IS: ', 0.50848331512971801)
('\t- CORRESPONDS TO: ', 'buy')
('RATING FOR: ', 'wmt')
('\t- STD ABOVE MEAN: ', 0.026625219753901166)
('\t- RAW VAL RATING: ', 0.47927297581801931)
('\t- PROBABILITY IS: ', 0.51062067103358588)
('\t- CORRESPONDS TO: ', 'buy')
('RATING FOR: ', 'jpm')
('\t- STD ABOVE MEAN: ', -0.04566304421733329)
('\t- RAW VAL RATING: ', 0.45349593708197455)
('\t- PROBABILITY IS: ', 0.481789409754593)
('\t- CORRESPONDS TO: ', 'sell')
('RATING FOR: ', 'mu')
('\t- STD ABOVE MEAN: ', 0.074561790079702872)
('\t- RAW VAL RATING: ', 0.49636652271316994)
('\t- PROBABILITY IS: ', 0.52971831172058781)
('\t- CORRESPONDS TO: ', 'buy')
('RATING FOR: ', 'uaa')
('\t- STD ABOVE MEAN: ', -0.088818970994147747)
('\t- RAW VAL RATING: ', 0.43810710444022616)
('\t- PROBABILITY IS: ', 0.46461289030193043)
('\t- CORRESPONDS TO: ', 'sell')
('RATING FOR: ', 'gild')
('\t- STD ABOVE MEAN: ', -0.021741677224992057)
('\t- RAW VAL RATING: ', 0.46202598013054041)
('\t- PROBABILITY IS: ', 0.49132700900139714)
('\t- CORRESPONDS TO: ', 'sell')
('RATING FOR: ', 'xom')
('\t- STD ABOVE MEAN: ', -0.0099768613066413183)
('\t- RAW VAL RATING: ', 0.46622115786741952)
('\t- PROBABILITY IS: ', 0.49601987422799088)
('\t- CORRESPONDS TO: ', 'sell')

PREDICTIONS FOR METHOD 4 BASED ON:
('\t- AVG: ', 0.4713945942891905)
('\t- STD: ', 0.12236642812573999)
('RATING FOR: ', 'amzn')
('\t- STD ABOVE MEAN: ', 0.089433809517297791)
('\t- RAW VAL RATING: ', 0.48233829011350005)
('\t- PROBABILITY IS: ', 0.53563142249619045)
('\t- CORRESPONDS TO: ', 'undecided')
('RATING FOR: ', 'amat')
('\t- STD ABOVE MEAN: ', -0.018699283494845696)
('\t- RAW VAL RATING: ', 0.46910642975941563)
('\t- PROBABILITY IS: ', 0.49254049992200855)
('\t- CORRESPONDS TO: ', 'undecided')
('RATING FOR: ', 'agn')
('\t- STD ABOVE MEAN: ', -0.2936163808573467)
('\t- RAW VAL RATING: ', 0.43546580652447009)
('\t- PROBABILITY IS: ', 0.38452552856733341)
('\t- CORRESPONDS TO: ', 'undecided')
('RATING FOR: ', 'goog')
('\t- STD ABOVE MEAN: ', 0.13097504703895255)
('\t- RAW VAL RATING: ', 0.48742154296894791)
('\t- PROBABILITY IS: ', 0.55210247654189382)
('\t- CORRESPONDS TO: ', 'undecided')
('RATING FOR: ', 'hd')
('\t- STD ABOVE MEAN: ', -0.13656695276204955)
('\t- RAW VAL RATING: ', 0.45468338407968184)
('\t- PROBABILITY IS: ', 0.44568654978945638)
('\t- CORRESPONDS TO: ', 'undecided')
('RATING FOR: ', 'lmt')
('\t- STD ABOVE MEAN: ', -0.040845139484544352)
('\t- RAW VAL RATING: ', 0.46639652046416918)
('\t- PROBABILITY IS: ', 0.48370967663004188)
('\t- CORRESPONDS TO: ', 'undecided')
('RATING FOR: ', 'data')
('\t- STD ABOVE MEAN: ', -0.0061272683018981791)
('\t- RAW VAL RATING: ', 0.47064482235291916)
('\t- PROBABILITY IS: ', 0.49755558890627632)
('\t- CORRESPONDS TO: ', 'undecided')
('RATING FOR: ', 'nflx')
('\t- STD ABOVE MEAN: ', 0.033286154348302448)
('\t- RAW VAL RATING: ', 0.47546770210283434)
('\t- PROBABILITY IS: ', 0.51327680256402364)
('\t- CORRESPONDS TO: ', 'undecided')
('RATING FOR: ', 'aapl')
('\t- STD ABOVE MEAN: ', 0.093473933039490614)
('\t- RAW VAL RATING: ', 0.48283266559809757)
('\t- PROBABILITY IS: ', 0.53723647128381757)
('\t- CORRESPONDS TO: ', 'undecided')
('RATING FOR: ', 'ge')
('\t- STD ABOVE MEAN: ', -0.18126845276892076)
('\t- RAW VAL RATING: ', 0.44921342119197827)
('\t- PROBABILITY IS: ', 0.42807843342312785)
('\t- CORRESPONDS TO: ', 'undecided')
('RATING FOR: ', 'tsla')
('\t- STD ABOVE MEAN: ', 0.052016148841966363)
('\t- RAW VAL RATING: ', 0.47775962462783877)
('\t- PROBABILITY IS: ', 0.5207420870411037)
('\t- CORRESPONDS TO: ', 'undecided')
('RATING FOR: ', 'bac')
('\t- STD ABOVE MEAN: ', -0.15710453780790179)
('\t- RAW VAL RATING: ', 0.45217027315529229)
('\t- PROBABILITY IS: ', 0.43758123067086963)
('\t- CORRESPONDS TO: ', 'undecided')
('RATING FOR: ', 'nvda')
('\t- STD ABOVE MEAN: ', 0.079429860762105065)
('\t- RAW VAL RATING: ', 0.48111414263717417)
('\t- PROBABILITY IS: ', 0.53165464089302183)
('\t- CORRESPONDS TO: ', 'undecided')
('RATING FOR: ', 'baba')
('\t- STD ABOVE MEAN: ', 0.048766623924170097)
('\t- RAW VAL RATING: ', 0.47736199187054246)
('\t- PROBABILITY IS: ', 0.51944735961847088)
('\t- CORRESPONDS TO: ', 'undecided')
('RATING FOR: ', 'wmt')
('\t- STD ABOVE MEAN: ', 0.064383521277038669)
('\t- RAW VAL RATING: ', 0.47927297581801931)
('\t- PROBABILITY IS: ', 0.52566757454131663)
('\t- CORRESPONDS TO: ', 'undecided')
('RATING FOR: ', 'jpm')
('\t- STD ABOVE MEAN: ', -0.14627097874282838)
('\t- RAW VAL RATING: ', 0.45349593708197455)
('\t- PROBABILITY IS: ', 0.44185373751665308)
('\t- CORRESPONDS TO: ', 'undecided')
('RATING FOR: ', 'mu')
('\t- STD ABOVE MEAN: ', 0.20407499676560839)
('\t- RAW VAL RATING: ', 0.49636652271316994)
('\t- PROBABILITY IS: ', 0.58085255357137755)
('\t- CORRESPONDS TO: ', 'undecided')
('RATING FOR: ', 'uaa')
('\t- STD ABOVE MEAN: ', -0.27203122914365974)
('\t- RAW VAL RATING: ', 0.43810710444022616)
('\t- PROBABILITY IS: ', 0.39279900354708669)
('\t- CORRESPONDS TO: ', 'undecided')
('RATING FOR: ', 'gild')
('\t- STD ABOVE MEAN: ', -0.076561964765558002)
('\t- RAW VAL RATING: ', 0.46202598013054041)
('\t- PROBABILITY IS: ', 0.4694860089111178)
('\t- CORRESPONDS TO: ', 'undecided')
('RATING FOR: ', 'xom')
('\t- STD ABOVE MEAN: ', -0.042278233507436522)
('\t- RAW VAL RATING: ', 0.46622115786741952)
('\t- PROBABILITY IS: ', 0.48313844845676152)
('\t- CORRESPONDS TO: ', 'undecided')

PREDICTIONS FOR METHOD 5 BASED ON:
('\t- AVG: ', 0.4713945942891905)
('\t- STD: ', 0.12236642812573999)
('RATING FOR: ', 'amzn')
('\t- STD ABOVE MEAN: ', 0.52428374453822191)
('\t- RAW VAL RATING: ', 0.53554932343272066)
('\t- PROBABILITY IS: ', 0.69995939932682893)
('\t- CORRESPONDS TO: ', 'buy')
('RATING FOR: ', 'amat')
('\t- STD ABOVE MEAN: ', 0.24291819288745506)
('\t- RAW VAL RATING: ', 0.50111962587958792)
('\t- PROBABILITY IS: ', 0.59596561412879712)
('\t- CORRESPONDS TO: ', 'undecided')
('RATING FOR: ', 'agn')
('\t- STD ABOVE MEAN: ', -1.8628396815234536)
('\t- RAW VAL RATING: ', 0.24344555629027445)
('\t- PROBABILITY IS: ', 0.031242412633878537)
('\t- CORRESPONDS TO: ', 'sell')
('RATING FOR: ', 'goog')
('\t- STD ABOVE MEAN: ', 0.64593669444620805)
('\t- RAW VAL RATING: ', 0.5504355603839205)
('\t- PROBABILITY IS: ', 0.74083982286660621)
('\t- CORRESPONDS TO: ', 'buy')
('RATING FOR: ', 'hd')
('\t- STD ABOVE MEAN: ', -0.73672060155056585)
('\t- RAW VAL RATING: ', 0.38124472575080126)
('\t- PROBABILITY IS: ', 0.2306461379329614)
('\t- CORRESPONDS TO: ', 'sell')
('RATING FOR: ', 'lmt')
('\t- STD ABOVE MEAN: ', -0.66995660282059388)
('\t- RAW VAL RATING: ', 0.38941439780277937)
('\t- PROBABILITY IS: ', 0.25144272758918418)
('\t- CORRESPONDS TO: ', 'sell')
('RATING FOR: ', 'data')
('\t- STD ABOVE MEAN: ', -0.14546112072483236)
('\t- RAW VAL RATING: ', 0.45359503651492572)
('\t- PROBABILITY IS: ', 0.44217340518946524)
('\t- CORRESPONDS TO: ', 'undecided')
('RATING FOR: ', 'nflx')
('\t- STD ABOVE MEAN: ', -0.053803300094343698)
('\t- RAW VAL RATING: ', 0.46481087663526838)
('\t- PROBABILITY IS: ', 0.47854594011749541)
('\t- CORRESPONDS TO: ', 'undecided')
('RATING FOR: ', 'aapl')
('\t- STD ABOVE MEAN: ', 0.8375327337287447)
('\t- RAW VAL RATING: ', 0.57388048335396347)
('\t- PROBABILITY IS: ', 0.79885340736054289)
('\t- CORRESPONDS TO: ', 'buy')
('RATING FOR: ', 'ge')
('\t- STD ABOVE MEAN: ', -0.94390721325895621)
('\t- RAW VAL RATING: ', 0.35589204012057091)
('\t- PROBABILITY IS: ', 0.17260853281302813)
('\t- CORRESPONDS TO: ', 'sell')
('RATING FOR: ', 'tsla')
('\t- STD ABOVE MEAN: ', 0.24844405435636932)
('\t- RAW VAL RATING: ', 0.50179580580985661)
('\t- PROBABILITY IS: ', 0.5981045743248703)
('\t- CORRESPONDS TO: ', 'undecided')
('RATING FOR: ', 'bac')
('\t- STD ABOVE MEAN: ', -0.70059493451262833)
('\t- RAW VAL RATING: ', 0.38566529458989346)
('\t- PROBABILITY IS: ', 0.24177792026947342)
('\t- CORRESPONDS TO: ', 'sell')
('RATING FOR: ', 'nvda')
('\t- STD ABOVE MEAN: ', 0.42398502092650736)
('\t- RAW VAL RATING: ', 0.52327612687878433)
('\t- PROBABILITY IS: ', 0.6642116312694244)
('\t- CORRESPONDS TO: ', 'undecided')
('RATING FOR: ', 'baba')
('\t- STD ABOVE MEAN: ', 0.034532659832850796)
('\t- RAW VAL RATING: ', 0.47562023252661767)
('\t- PROBABILITY IS: ', 0.51377380045426335)
('\t- CORRESPONDS TO: ', 'undecided')
('RATING FOR: ', 'wmt')
('\t- STD ABOVE MEAN: ', 0.23449466977059216)
('\t- RAW VAL RATING: ', 0.50008886944354281)
('\t- PROBABILITY IS: ', 0.59269951462135628)
('\t- CORRESPONDS TO: ', 'undecided')
('RATING FOR: ', 'jpm')
('\t- STD ABOVE MEAN: ', -0.93010693373765163)
('\t- RAW VAL RATING: ', 0.35758073103272975)
('\t- PROBABILITY IS: ', 0.17615786055731569)
('\t- CORRESPONDS TO: ', 'sell')
('RATING FOR: ', 'mu')
('\t- STD ABOVE MEAN: ', 0.76727472657818019)
('\t- RAW VAL RATING: ', 0.56528326197171619)
('\t- PROBABILITY IS: ', 0.77854090416838884)
('\t- CORRESPONDS TO: ', 'buy')
('RATING FOR: ', 'uaa')
('\t- STD ABOVE MEAN: ', -1.2715981897647728)
('\t- RAW VAL RATING: ', 0.31579366579651835)
('\t- PROBABILITY IS: ', 0.1017579601386287)
('\t- CORRESPONDS TO: ', 'sell')
('RATING FOR: ', 'gild')
('\t- STD ABOVE MEAN: ', -0.7211830098718589)
('\t- RAW VAL RATING: ', 0.38314600534620086)
('\t- PROBABILITY IS: ', 0.23539846184290886)
('\t- CORRESPONDS TO: ', 'sell')
('RATING FOR: ', 'xom')
('\t- STD ABOVE MEAN: ', -0.49318528516559929)
('\t- RAW VAL RATING: ', 0.41104527253930162)
('\t- PROBABILITY IS: ', 0.31094083706814768)
('\t- CORRESPONDS TO: ', 'undecided')

PREDICTIONS FOR METHOD 6 BASED ON:
('\t- AVG: ', 0.4713945942891905)
('\t- STD: ', 0.12236642812573999)
('RATING FOR: ', 'amzn')
('\t- STD ABOVE MEAN: ', 0.089433809517297791)
('\t- RAW VAL RATING: ', 0.48233829011350005)
('\t- PROBABILITY IS: ', 0.53563142249619045)
('\t- CORRESPONDS TO: ', 'buy')
('RATING FOR: ', 'amat')
('\t- STD ABOVE MEAN: ', -0.018699283494845696)
('\t- RAW VAL RATING: ', 0.46910642975941563)
('\t- PROBABILITY IS: ', 0.49254049992200855)
('\t- CORRESPONDS TO: ', 'sell')
('RATING FOR: ', 'agn')
('\t- STD ABOVE MEAN: ', -0.2936163808573467)
('\t- RAW VAL RATING: ', 0.43546580652447009)
('\t- PROBABILITY IS: ', 0.38452552856733341)
('\t- CORRESPONDS TO: ', 'sell')
('RATING FOR: ', 'goog')
('\t- STD ABOVE MEAN: ', 0.13097504703895255)
('\t- RAW VAL RATING: ', 0.48742154296894791)
('\t- PROBABILITY IS: ', 0.55210247654189382)
('\t- CORRESPONDS TO: ', 'buy')
('RATING FOR: ', 'hd')
('\t- STD ABOVE MEAN: ', -0.13656695276204955)
('\t- RAW VAL RATING: ', 0.45468338407968184)
('\t- PROBABILITY IS: ', 0.44568654978945638)
('\t- CORRESPONDS TO: ', 'sell')
('RATING FOR: ', 'lmt')
('\t- STD ABOVE MEAN: ', -0.040845139484544352)
('\t- RAW VAL RATING: ', 0.46639652046416918)
('\t- PROBABILITY IS: ', 0.48370967663004188)
('\t- CORRESPONDS TO: ', 'sell')
('RATING FOR: ', 'data')
('\t- STD ABOVE MEAN: ', -0.0061272683018981791)
('\t- RAW VAL RATING: ', 0.47064482235291916)
('\t- PROBABILITY IS: ', 0.49755558890627632)
('\t- CORRESPONDS TO: ', 'sell')
('RATING FOR: ', 'nflx')
('\t- STD ABOVE MEAN: ', 0.033286154348302448)
('\t- RAW VAL RATING: ', 0.47546770210283434)
('\t- PROBABILITY IS: ', 0.51327680256402364)
('\t- CORRESPONDS TO: ', 'buy')
('RATING FOR: ', 'aapl')
('\t- STD ABOVE MEAN: ', 0.093473933039490614)
('\t- RAW VAL RATING: ', 0.48283266559809757)
('\t- PROBABILITY IS: ', 0.53723647128381757)
('\t- CORRESPONDS TO: ', 'buy')
('RATING FOR: ', 'ge')
('\t- STD ABOVE MEAN: ', -0.18126845276892076)
('\t- RAW VAL RATING: ', 0.44921342119197827)
('\t- PROBABILITY IS: ', 0.42807843342312785)
('\t- CORRESPONDS TO: ', 'sell')
('RATING FOR: ', 'tsla')
('\t- STD ABOVE MEAN: ', 0.052016148841966363)
('\t- RAW VAL RATING: ', 0.47775962462783877)
('\t- PROBABILITY IS: ', 0.5207420870411037)
('\t- CORRESPONDS TO: ', 'buy')
('RATING FOR: ', 'bac')
('\t- STD ABOVE MEAN: ', -0.15710453780790179)
('\t- RAW VAL RATING: ', 0.45217027315529229)
('\t- PROBABILITY IS: ', 0.43758123067086963)
('\t- CORRESPONDS TO: ', 'sell')
('RATING FOR: ', 'nvda')
('\t- STD ABOVE MEAN: ', 0.079429860762105065)
('\t- RAW VAL RATING: ', 0.48111414263717417)
('\t- PROBABILITY IS: ', 0.53165464089302183)
('\t- CORRESPONDS TO: ', 'buy')
('RATING FOR: ', 'baba')
('\t- STD ABOVE MEAN: ', 0.048766623924170097)
('\t- RAW VAL RATING: ', 0.47736199187054246)
('\t- PROBABILITY IS: ', 0.51944735961847088)
('\t- CORRESPONDS TO: ', 'buy')
('RATING FOR: ', 'wmt')
('\t- STD ABOVE MEAN: ', 0.064383521277038669)
('\t- RAW VAL RATING: ', 0.47927297581801931)
('\t- PROBABILITY IS: ', 0.52566757454131663)
('\t- CORRESPONDS TO: ', 'buy')
('RATING FOR: ', 'jpm')
('\t- STD ABOVE MEAN: ', -0.14627097874282838)
('\t- RAW VAL RATING: ', 0.45349593708197455)
('\t- PROBABILITY IS: ', 0.44185373751665308)
('\t- CORRESPONDS TO: ', 'sell')
('RATING FOR: ', 'mu')
('\t- STD ABOVE MEAN: ', 0.20407499676560839)
('\t- RAW VAL RATING: ', 0.49636652271316994)
('\t- PROBABILITY IS: ', 0.58085255357137755)
('\t- CORRESPONDS TO: ', 'buy')
('RATING FOR: ', 'uaa')
('\t- STD ABOVE MEAN: ', -0.27203122914365974)
('\t- RAW VAL RATING: ', 0.43810710444022616)
('\t- PROBABILITY IS: ', 0.39279900354708669)
('\t- CORRESPONDS TO: ', 'sell')
('RATING FOR: ', 'gild')
('\t- STD ABOVE MEAN: ', -0.076561964765558002)
('\t- RAW VAL RATING: ', 0.46202598013054041)
('\t- PROBABILITY IS: ', 0.4694860089111178)
('\t- CORRESPONDS TO: ', 'sell')
('RATING FOR: ', 'xom')
('\t- STD ABOVE MEAN: ', -0.042278233507436522)
('\t- RAW VAL RATING: ', 0.46622115786741952)
('\t- PROBABILITY IS: ', 0.48313844845676152)
('\t- CORRESPONDS TO: ', 'sell')

Analysis Percent Difference: Max = 6.78373733509e-06, Avg = 7.48721333255e-07
[0.46330616, 0.49337491, 0.469778774640009, 0.42857143, 0.469778774640009, 0.52008456, 0.51821864, 0.50519633, 0.51696604, 0.0, 0.48421052, 0.47297296, 0.46330616, 0.49337491, 0.469778774640009, 0.46330616, 0.48259494, 0.46666667, 0.42857143, 0.469778774640009]
[0.46330613, 0.49337491, 0.469778774640009, 0.42857146, 0.469778774640009, 0.52008456, 0.51821864, 0.50519627, 0.51696604, 0.0, 0.48421055, 0.47297299, 0.46330613, 0.49337491, 0.469778774640009, 0.46330613, 0.48259497, 0.46666667, 0.42857146, 0.469778774640009]
Prediction Percent Difference: Max = 0.84695094592, Avg = 0.000141922458358

Analysis Speedup: Kernel = 95.8940659163, Function = 1.59959464615
Prediction Speedup: Kernel = 37.592250924, Function = 8.43366105084

Done
