Loading word weights
Analyzing weights with gpu
max: 2500max: 2500[ weight: 0.600000, freq: 5, avg: 0.333359, w_avg: 0.503108, 0.071098, 0.355488 ][ weight: 0.507498, freq: 4668, avg: 0.333359, w_avg: 0.503108, 0.030324, 141.554245 ][ weight: 0.513350, freq: 2809, avg: 0.333359, w_avg: 0.503108, 0.032397, 91.002594 ][ weight: 0.510265, freq: 11300, avg: 0.333359, w_avg: 0.503108, 0.031296, 353.644257 ](26.388268, ' and ', 695.96844)
(38.436729, ' and ', 370.79819)
(48.86895, ' and ', 315.37302)
(55.653229, ' and ', 44.378643)
(56.897602, ' and ', 0.0)
(29.730991, ' and ', 450.21298)
(44.356621, ' and ', 289.15912)
(52.123348, ' and ', 192.09448)
(56.96006, ' and ', 1.7625287)
(56.897602, ' and ', 0.0)
(26.0527, ' and ', 447.45584)
(32.190578, ' and ', 369.94647)
(43.480133, ' and ', 330.57037)
(53.195492, ' and ', 311.12061)
(56.204369, ' and ', 51.606895)
(24.734634, ' and ', 422.24857)
(44.582184, ' and ', 300.98438)
(51.113571, ' and ', 129.01891)
(56.897602, ' and ', 0.0)
(56.897602, ' and ', 0.0)
(29.46619, ' and ', 383.37555)
(47.001884, ' and ', 277.79578)
(56.897602, ' and ', 0.0)
(56.897602, ' and ', 0.0)
(56.897602, ' and ', 0.0)
(28.400614, ' and ', 421.82324)
(48.872429, ' and ', 228.29623)
(56.897602, ' and ', 0.0)
(56.897602, ' and ', 0.0)
(56.897602, ' and ', 0.0)
(35.103374, ' and ', 553.94409)
(54.064564, ' and ', 131.13831)
(56.897602, ' and ', 0.0)
(56.897602, ' and ', 0.0)
(56.897602, ' and ', 0.0)
(36.982628, ' and ', 417.73691)
(52.690567, ' and ', 160.84406)
(56.897602, ' and ', 0.0)
(56.897602, ' and ', 0.0)
(56.897602, ' and ', 0.0)
(31.134237, ' and ', 416.52032)
(51.384094, ' and ', 212.92574)
(56.897602, ' and ', 0.0)
(56.897602, ' and ', 0.0)
(56.897602, ' and ', 0.0)
(47.952637, ' and ', 243.28461)
(56.897602, ' and ', 0.0)
(56.897602, ' and ', 0.0)
(56.897602, ' and ', 0.0)
(56.897602, ' and ', 0.0)
(50.88797, ' and ', 218.37633)
(56.897602, ' and ', 0.0)
(56.897602, ' and ', 0.0)
(56.897602, ' and ', 0.0)
(56.897602, ' and ', 0.0)
(34.038948, ' and ', 398.45236)
(54.265587, ' and ', 156.91553)
(56.897602, ' and ', 0.0)
(56.897602, ' and ', 0.0)
(56.897602, ' and ', 0.0)
(33.236557, ' and ', 467.64545)
(43.857021, ' and ', 265.93085)
(53.801208, ' and ', 139.87234)
(56.897602, ' and ', 0.0)
(56.897602, ' and ', 0.0)
(39.913967, ' and ', 395.60309)
(56.493927, ' and ', 23.24885)
(56.897602, ' and ', 0.0)
(56.897602, ' and ', 0.0)
(56.897602, ' and ', 0.0)
(38.116299, ' and ', 313.04648)
(56.213737, ' and ', 46.544052)
(56.897602, ' and ', 0.0)
(56.897602, ' and ', 0.0)
(56.897602, ' and ', 0.0)
(27.147373, ' and ', 494.51059)
(36.066135, ' and ', 320.24701)
(49.821671, ' and ', 265.26321)
(56.564133, ' and ', 23.620275)
(56.897602, ' and ', 0.0)
(53.410316, ' and ', 60.5667)
(56.897602, ' and ', 0.0)
(56.897602, ' and ', 0.0)
(56.897602, ' and ', 0.0)
(56.897602, ' and ', 0.0)
(28.404835, ' and ', 368.78769)
(39.411766, ' and ', 257.12067)
(51.255722, ' and ', 177.31241)
(56.897602, ' and ', 0.0)
(56.897602, ' and ', 0.0)
(25.577536, ' and ', 478.4458)
(29.82654, ' and ', 312.15015)
(41.514008, ' and ', 280.23422)
(48.34716, ' and ', 267.79535)
(50.919563, ' and ', 215.44159)
(29.781153, ' and ', 482.93005)
(50.517143, ' and ', 337.17938)
(55.474953, ' and ', 77.591103)
(56.897602, ' and ', 0.0)
(56.897602, ' and ', 0.0)
(41.258064, ' and ', 274.05841)
(56.897602, ' and ', 0.0)
(56.897602, ' and ', 0.0)
(56.897602, ' and ', 0.0)
(56.897602, ' and ', 0.0)
(46.007065, ' and ', 301.75293)
(56.897602, ' and ', 0.0)
(56.897602, ' and ', 0.0)
(56.897602, ' and ', 0.0)
(56.897602, ' and ', 0.0)
(33.685776, ' and ', 384.41113)
(55.61969, ' and ', 94.153381)
(56.897602, ' and ', 0.0)
(56.897602, ' and ', 0.0)
(56.897602, ' and ', 0.0)
(56.497322, ' and ', 52.668625)
(56.897602, ' and ', 0.0)
(56.897602, ' and ', 0.0)
(56.897602, ' and ', 0.0)
(56.897602, ' and ', 0.0)
(54.501602, ' and ', 98.555527)
(56.897602, ' and ', 0.0)
(56.897602, ' and ', 0.0)
(56.897602, ' and ', 0.0)
(56.897602, ' and ', 0.0)
(56.556625, ' and ', 49.801384)
(56.897602, ' and ', 0.0)
(56.897602, ' and ', 0.0)
(56.897602, ' and ', 0.0)
(56.897602, ' and ', 0.0)
6608.94859505
16270.6171811

Weight Stats (Based on number of words):
- Avg: 0.333358860686
- Std: 0.531195269275
- Sum: 7808.26459384
- Cnt: 23423.0
- Max: 0.995283
- Min: 0.0

Weight Stats (Based on occurences of words):
- Avg: 0.503108035938
- Std: 0.0835431684445
- Sum: 1172853.0
- Cnt: 2331215.0
- Max: 0.995283
- Min: 0.0

