Traceback (most recent call last):
  File "stock_market_prediction.py", line 232, in <module>
    prg = cl.Program(ctx, analysis_kernel).build()
  File "/opt/miniconda/lib/python2.7/site-packages/pyopencl-2015.1-py2.7-linux-x86_64.egg/pyopencl/__init__.py", line 213, in build
    options=options, source=self._source)
  File "/opt/miniconda/lib/python2.7/site-packages/pyopencl-2015.1-py2.7-linux-x86_64.egg/pyopencl/__init__.py", line 253, in _build_and_catch_errors
    raise err
pyopencl.RuntimeError: clBuildProgram failed: build program failure - 

Build on <pyopencl.Device 'Tesla K40c' on 'NVIDIA CUDA' at 0x22baea0>:

<kernel>:36:2: error: no matching function for call to 'atom_add'
        atomic_add(local_out + 0, weight);
        ^~~~~~~~~~
cl_kernel.h:4191:20: note: expanded from macro 'atomic_add'
#define atomic_add atom_add
                   ^~~~~~~~
cl_kernel.h:4087:22: note: candidate function not viable: no known conversion from 'volatile __local float *' to 'volatile __global int *__attribute__((address_space(16776963)))' for 1st argument
int __OVERLOADABLE__ atom_add(__global volatile int *ptr, int val);
                     ^
cl_kernel.h:4088:22: note: candidate function not viable: no known conversion from 'volatile __local float *' to 'volatile __local int *__attribute__((address_space(16776963)))' for 1st argument
int __OVERLOADABLE__ atom_add(__local volatile int *ptr, int val);
                     ^
cl_kernel.h:4089:23: note: candidate function not viable: no known conversion from 'volatile __local float *' to 'volatile __global uint *__attribute__((address_space(16776963)))' (aka 'volatile __global unsigned int *__attribute__((address_space(16776963)))') for 1st argument
uint __OVERLOADABLE__ atom_add(__global volatile uint *ptr, uint val);
                      ^
cl_kernel.h:4090:23: note: candidate function not viable: no known conversion from 'volatile __local float *' to 'volatile __local uint *__attribute__((address_space(16776963)))' (aka 'volatile __local unsigned int *__attribute__((address_space(16776963)))') for 1st argument
uint __OVERLOADABLE__ atom_add(__local volatile uint *ptr, uint val);
                      ^
cl_kernel.h:4091:23: note: candidate function not viable: no known conversion from 'volatile __local float *' to 'volatile __global long *__attribute__((address_space(16776963)))' for 1st argument
long __OVERLOADABLE__ atom_add(__global volatile long *ptr, long val);
                      ^
cl_kernel.h:4092:23: note: candidate function not viable: no known conversion from 'volatile __local float *' to 'volatile __local long *__attribute__((address_space(16776963)))' for 1st argument
long __OVERLOADABLE__ atom_add(__local volatile long *ptr, long val);
                      ^
cl_kernel.h:4093:24: note: candidate function not viable: no known conversion from 'volatile __local float *' to 'volatile __global ulong *__attribute__((address_space(16776963)))' (aka 'volatile __global unsigned long *__attribute__((address_space(16776963)))') for 1st argument
ulong __OVERLOADABLE__ atom_add(__global volatile ulong *ptr, ulong val);
                       ^
cl_kernel.h:4094:24: note: candidate function not viable: no known conversion from 'volatile __local float *' to 'volatile __local ulong *__attribute__((address_space(16776963)))' (aka 'volatile __local unsigned long *__attribute__((address_space(16776963)))') for 1st argument
ulong __OVERLOADABLE__ atom_add(__local volatile ulong *ptr, ulong val);
                       ^
<kernel>:37:2: error: no matching function for call to 'atom_add'
        atomic_add(local_out + 1, weight * frequency);
        ^~~~~~~~~~
cl_kernel.h:4191:20: note: expanded from macro 'atomic_add'
#define atomic_add atom_add
                   ^~~~~~~~
cl_kernel.h:4087:22: note: candidate function not viable: no known conversion from 'volatile __local float *' to 'volatile __global int *__attribute__((address_space(16776963)))' for 1st argument
int __OVERLOADABLE__ atom_add(__global volatile int *ptr, int val);
                     ^
cl_kernel.h:4088:22: note: candidate function not viable: no known conversion from 'volatile __local float *' to 'volatile __local int *__attribute__((address_space(16776963)))' for 1st argument
int __OVERLOADABLE__ atom_add(__local volatile int *ptr, int val);
                     ^
cl_kernel.h:4089:23: note: candidate function not viable: no known conversion from 'volatile __local float *' to 'volatile __global uint *__attribute__((address_space(16776963)))' (aka 'volatile __global unsigned int *__attribute__((address_space(16776963)))') for 1st argument
uint __OVERLOADABLE__ atom_add(__global volatile uint *ptr, uint val);
                      ^
cl_kernel.h:4090:23: note: candidate function not viable: no known conversion from 'volatile __local float *' to 'volatile __local uint *__attribute__((address_space(16776963)))' (aka 'volatile __local unsigned int *__attribute__((address_space(16776963)))') for 1st argument
uint __OVERLOADABLE__ atom_add(__local volatile uint *ptr, uint val);
                      ^
cl_kernel.h:4091:23: note: candidate function not viable: no known conversion from 'volatile __local float *' to 'volatile __global long *__attribute__((address_space(16776963)))' for 1st argument
long __OVERLOADABLE__ atom_add(__global volatile long *ptr, long val);
                      ^
cl_kernel.h:4092:23: note: candidate function not viable: no known conversion from 'volatile __local float *' to 'volatile __local long *__attribute__((address_space(16776963)))' for 1st argument
long __OVERLOADABLE__ atom_add(__local volatile long *ptr, long val);
                      ^
cl_kernel.h:4093:24: note: candidate function not viable: no known conversion from 'volatile __local float *' to 'volatile __global ulong *__attribute__((address_space(16776963)))' (aka 'volatile __global unsigned long *__attribute__((address_space(16776963)))') for 1st argument
ulong __OVERLOADABLE__ atom_add(__global volatile ulong *ptr, ulong val);
                       ^
cl_kernel.h:4094:24: note: candidate function not viable: no known conversion from 'volatile __local float *' to 'volatile __local ulong *__attribute__((address_space(16776963)))' (aka 'volatile __local unsigned long *__attribute__((address_space(16776963)))') for 1st argument
ulong __OVERLOADABLE__ atom_add(__local volatile ulong *ptr, ulong val);
                       ^
<kernel>:38:2: error: no matching function for call to 'atom_max'
        atomic_max(local_out + 2, weight);
        ^~~~~~~~~~
cl_kernel.h:4198:20: note: expanded from macro 'atomic_max'
#define atomic_max atom_max
                   ^~~~~~~~
cl_kernel.h:4134:22: note: candidate function not viable: no known conversion from 'volatile __local float *' to 'volatile __global int *__attribute__((address_space(16776963)))' for 1st argument
int __OVERLOADABLE__ atom_max(__global volatile  int *, int);
                     ^
cl_kernel.h:4135:23: note: candidate function not viable: no known conversion from 'volatile __local float *' to 'volatile __global uint *__attribute__((address_space(16776963)))' (aka 'volatile __global unsigned int *__attribute__((address_space(16776963)))') for 1st argument
uint __OVERLOADABLE__ atom_max(__global volatile  uint *, uint);
                      ^
cl_kernel.h:4136:22: note: candidate function not viable: no known conversion from 'volatile __local float *' to 'volatile __local int *__attribute__((address_space(16776963)))' for 1st argument
int __OVERLOADABLE__ atom_max(__local volatile  int *, int);
                     ^
cl_kernel.h:4137:23: note: candidate function not viable: no known conversion from 'volatile __local float *' to 'volatile __local uint *__attribute__((address_space(16776963)))' (aka 'volatile __local unsigned int *__attribute__((address_space(16776963)))') for 1st argument
uint __OVERLOADABLE__ atom_max(__local volatile  uint *, uint);
                      ^
cl_kernel.h:4138:23: note: candidate function not viable: no known conversion from 'volatile __local float *' to 'volatile __global long *__attribute__((address_space(16776963)))' for 1st argument
long __OVERLOADABLE__ atom_max(__global volatile  long *, long);
                      ^
cl_kernel.h:4139:24: note: candidate function not viable: no known conversion from 'volatile __local float *' to 'volatile __global ulong *__attribute__((address_space(16776963)))' (aka 'volatile __global unsigned long *__attribute__((address_space(16776963)))') for 1st argument
ulong __OVERLOADABLE__ atom_max(__global volatile  ulong *, ulong);
                       ^
cl_kernel.h:4140:23: note: candidate function not viable: no known conversion from 'volatile __local float *' to 'volatile __local long *__attribute__((address_space(16776963)))' for 1st argument
long __OVERLOADABLE__ atom_max(__local volatile  long *, long);
                      ^
cl_kernel.h:4141:24: note: candidate function not viable: no known conversion from 'volatile __local float *' to 'volatile __local ulong *__attribute__((address_space(16776963)))' (aka 'volatile __local unsigned long *__attribute__((address_space(16776963)))') for 1st argument
ulong __OVERLOADABLE__ atom_max(__local volatile  ulong *, ulong);
                       ^
<kernel>:39:2: error: no matching function for call to 'atom_min'
        atomic_min(local_out + 3, weight);
        ^~~~~~~~~~
cl_kernel.h:4199:20: note: expanded from macro 'atomic_min'
#define atomic_min atom_min
                   ^~~~~~~~
cl_kernel.h:4143:22: note: candidate function not viable: no known conversion from 'volatile __local float *' to 'volatile __global int *__attribute__((address_space(16776963)))' for 1st argument
int __OVERLOADABLE__ atom_min(__global volatile  int *, int);
                     ^
cl_kernel.h:4144:23: note: candidate function not viable: no known conversion from 'volatile __local float *' to 'volatile __global uint *__attribute__((address_space(16776963)))' (aka 'volatile __global unsigned int *__attribute__((address_space(16776963)))') for 1st argument
uint __OVERLOADABLE__ atom_min(__global volatile  uint *, uint);
                      ^
cl_kernel.h:4145:22: note: candidate function not viable: no known conversion from 'volatile __local float *' to 'volatile __local int *__attribute__((address_space(16776963)))' for 1st argument
int __OVERLOADABLE__ atom_min(__local volatile  int *, int);
                     ^
cl_kernel.h:4146:23: note: candidate function not viable: no known conversion from 'volatile __local float *' to 'volatile __local uint *__attribute__((address_space(16776963)))' (aka 'volatile __local unsigned int *__attribute__((address_space(16776963)))') for 1st argument
uint __OVERLOADABLE__ atom_min(__local volatile  uint *, uint);
                      ^
cl_kernel.h:4147:23: note: candidate function not viable: no known conversion from 'volatile __local float *' to 'volatile __global long *__attribute__((address_space(16776963)))' for 1st argument
long __OVERLOADABLE__ atom_min(__global volatile  long *, long);
                      ^
cl_kernel.h:4148:24: note: candidate function not viable: no known conversion from 'volatile __local float *' to 'volatile __global ulong *__attribute__((address_space(16776963)))' (aka 'volatile __global unsigned long *__attribute__((address_space(16776963)))') for 1st argument
ulong __OVERLOADABLE__ atom_min(__global volatile  ulong *, ulong);
                       ^
cl_kernel.h:4149:23: note: candidate function not viable: no known conversion from 'volatile __local float *' to 'volatile __local long *__attribute__((address_space(16776963)))' for 1st argument
long __OVERLOADABLE__ atom_min(__local volatile  long *, long);
                      ^
cl_kernel.h:4150:24: note: candidate function not viable: no known conversion from 'volatile __local float *' to 'volatile __local ulong *__attribute__((address_space(16776963)))' (aka 'volatile __local unsigned long *__attribute__((address_space(16776963)))') for 1st argument
ulong __OVERLOADABLE__ atom_min(__local volatile  ulong *, ulong);
                       ^
<kernel>:40:2: error: no matching function for call to 'atom_inc'
        atomic_inc(local_out + 4);
        ^~~~~~~~~~
cl_kernel.h:4193:20: note: expanded from macro 'atomic_inc'
#define atomic_inc atom_inc
                   ^~~~~~~~
cl_kernel.h:4105:23: note: candidate function not viable: no known conversion from 'volatile __local float *' to 'volatile __global int *__attribute__((address_space(16776963)))' for 1st argument
int __OVERLOADABLE__  atom_inc(__global volatile int *);
                      ^
cl_kernel.h:4106:24: note: candidate function not viable: no known conversion from 'volatile __local float *' to 'volatile __global uint *__attribute__((address_space(16776963)))' (aka 'volatile __global unsigned int *__attribute__((address_space(16776963)))') for 1st argument
uint __OVERLOADABLE__  atom_inc(__global volatile uint *);
                       ^
cl_kernel.h:4107:23: note: candidate function not viable: no known conversion from 'volatile __local float *' to 'volatile __local int *__attribute__((address_space(16776963)))' for 1st argument
int __OVERLOADABLE__  atom_inc(__local volatile int *);
                      ^
cl_kernel.h:4108:24: note: candidate function not viable: no known conversion from 'volatile __local float *' to 'volatile __local uint *__attribute__((address_space(16776963)))' (aka 'volatile __local unsigned int *__attribute__((address_space(16776963)))') for 1st argument
uint __OVERLOADABLE__  atom_inc(__local volatile uint *);
                       ^
cl_kernel.h:4109:24: note: candidate function not viable: no known conversion from 'volatile __local float *' to 'volatile __global long *__attribute__((address_space(16776963)))' for 1st argument
long __OVERLOADABLE__  atom_inc(__global volatile long *);
                       ^
cl_kernel.h:4110:25: note: candidate function not viable: no known conversion from 'volatile __local float *' to 'volatile __global ulong *__attribute__((address_space(16776963)))' (aka 'volatile __global unsigned long *__attribute__((address_space(16776963)))') for 1st argument
ulong __OVERLOADABLE__  atom_inc(__global volatile ulong *);
                        ^
cl_kernel.h:4111:24: note: candidate function not viable: no known conversion from 'volatile __local float *' to 'volatile __local long *__attribute__((address_space(16776963)))' for 1st argument
long __OVERLOADABLE__  atom_inc(__local volatile long *);
                       ^
cl_kernel.h:4112:25: note: candidate function not viable: no known conversion from 'volatile __local float *' to 'volatile __local ulong *__attribute__((address_space(16776963)))' (aka 'volatile __local unsigned long *__attribute__((address_space(16776963)))') for 1st argument
ulong __OVERLOADABLE__  atom_inc(__local volatile ulong *);
                        ^
<kernel>:41:2: error: no matching function for call to 'atom_add'
        atomic_add(local_out + 5, frequency);
        ^~~~~~~~~~
cl_kernel.h:4191:20: note: expanded from macro 'atomic_add'
#define atomic_add atom_add
                   ^~~~~~~~
cl_kernel.h:4087:22: note: candidate function not viable: no known conversion from 'volatile __local float *' to 'volatile __global int *__attribute__((address_space(16776963)))' for 1st argument
int __OVERLOADABLE__ atom_add(__global volatile int *ptr, int val);
                     ^
cl_kernel.h:4088:22: note: candidate function not viable: no known conversion from 'volatile __local float *' to 'volatile __local int *__attribute__((address_space(16776963)))' for 1st argument
int __OVERLOADABLE__ atom_add(__local volatile int *ptr, int val);
                     ^
cl_kernel.h:4089:23: note: candidate function not viable: no known conversion from 'volatile __local float *' to 'volatile __global uint *__attribute__((address_space(16776963)))' (aka 'volatile __global unsigned int *__attribute__((address_space(16776963)))') for 1st argument
uint __OVERLOADABLE__ atom_add(__global volatile uint *ptr, uint val);
                      ^
cl_kernel.h:4090:23: note: candidate function not viable: no known conversion from 'volatile __local float *' to 'volatile __local uint *__attribute__((address_space(16776963)))' (aka 'volatile __local unsigned int *__attribute__((address_space(16776963)))') for 1st argument
uint __OVERLOADABLE__ atom_add(__local volatile uint *ptr, uint val);
                      ^
cl_kernel.h:4091:23: note: candidate function not viable: no known conversion from 'volatile __local float *' to 'volatile __global long *__attribute__((address_space(16776963)))' for 1st argument
long __OVERLOADABLE__ atom_add(__global volatile long *ptr, long val);
                      ^
cl_kernel.h:4092:23: note: candidate function not viable: no known conversion from 'volatile __local float *' to 'volatile __local long *__attribute__((address_space(16776963)))' for 1st argument
long __OVERLOADABLE__ atom_add(__local volatile long *ptr, long val);
                      ^
cl_kernel.h:4093:24: note: candidate function not viable: no known conversion from 'volatile __local float *' to 'volatile __global ulong *__attribute__((address_space(16776963)))' (aka 'volatile __global unsigned long *__attribute__((address_space(16776963)))') for 1st argument
ulong __OVERLOADABLE__ atom_add(__global volatile ulong *ptr, ulong val);
                       ^
cl_kernel.h:4094:24: note: candidate function not viable: no known conversion from 'volatile __local float *' to 'volatile __local ulong *__attribute__((address_space(16776963)))' (aka 'volatile __local unsigned long *__attribute__((address_space(16776963)))') for 1st argument
ulong __OVERLOADABLE__ atom_add(__local volatile ulong *ptr, ulong val);
                       ^
<kernel>:51:3: error: no matching function for call to 'atom_add'
                atomic_add(out_stats + 0, local_out[0]);
                ^~~~~~~~~~
cl_kernel.h:4191:20: note: expanded from macro 'atomic_add'
#define atomic_add atom_add
                   ^~~~~~~~
cl_kernel.h:4087:22: note: candidate function not viable: no known conversion from 'volatile __global float *' to 'volatile __global int *__attribute__((address_space(16776963)))' for 1st argument
int __OVERLOADABLE__ atom_add(__global volatile int *ptr, int val);
                     ^
cl_kernel.h:4088:22: note: candidate function not viable: no known conversion from 'volatile __global float *' to 'volatile __local int *__attribute__((address_space(16776963)))' for 1st argument
int __OVERLOADABLE__ atom_add(__local volatile int *ptr, int val);
                     ^
cl_kernel.h:4089:23: note: candidate function not viable: no known conversion from 'volatile __global float *' to 'volatile __global uint *__attribute__((address_space(16776963)))' (aka 'volatile __global unsigned int *__attribute__((address_space(16776963)))') for 1st argument
uint __OVERLOADABLE__ atom_add(__global volatile uint *ptr, uint val);
                      ^
cl_kernel.h:4090:23: note: candidate function not viable: no known conversion from 'volatile __global float *' to 'volatile __local uint *__attribute__((address_space(16776963)))' (aka 'volatile __local unsigned int *__attribute__((address_space(16776963)))') for 1st argument
uint __OVERLOADABLE__ atom_add(__local volatile uint *ptr, uint val);
                      ^
cl_kernel.h:4091:23: note: candidate function not viable: no known conversion from 'volatile __global float *' to 'volatile __global long *__attribute__((address_space(16776963)))' for 1st argument
long __OVERLOADABLE__ atom_add(__global volatile long *ptr, long val);
                      ^
cl_kernel.h:4092:23: note: candidate function not viable: no known conversion from 'volatile __global float *' to 'volatile __local long *__attribute__((address_space(16776963)))' for 1st argument
long __OVERLOADABLE__ atom_add(__local volatile long *ptr, long val);
                      ^
cl_kernel.h:4093:24: note: candidate function not viable: no known conversion from 'volatile __global float *' to 'volatile __global ulong *__attribute__((address_space(16776963)))' (aka 'volatile __global unsigned long *__attribute__((address_space(16776963)))') for 1st argument
ulong __OVERLOADABLE__ atom_add(__global volatile ulong *ptr, ulong val);
                       ^
cl_kernel.h:4094:24: note: candidate function not viable: no known conversion from 'volatile __global float *' to 'volatile __local ulong *__attribute__((address_space(16776963)))' (aka 'volatile __local unsigned long *__attribute__((address_space(16776963)))') for 1st argument
ulong __OVERLOADABLE__ atom_add(__local volatile ulong *ptr, ulong val);
                       ^
<kernel>:52:3: error: no matching function for call to 'atom_add'
                atomic_add(out_stats + 1, local_out[1]);
                ^~~~~~~~~~
cl_kernel.h:4191:20: note: expanded from macro 'atomic_add'
#define atomic_add atom_add
                   ^~~~~~~~
cl_kernel.h:4087:22: note: candidate function not viable: no known conversion from 'volatile __global float *' to 'volatile __global int *__attribute__((address_space(16776963)))' for 1st argument
int __OVERLOADABLE__ atom_add(__global volatile int *ptr, int val);
                     ^
cl_kernel.h:4088:22: note: candidate function not viable: no known conversion from 'volatile __global float *' to 'volatile __local int *__attribute__((address_space(16776963)))' for 1st argument
int __OVERLOADABLE__ atom_add(__local volatile int *ptr, int val);
                     ^
cl_kernel.h:4089:23: note: candidate function not viable: no known conversion from 'volatile __global float *' to 'volatile __global uint *__attribute__((address_space(16776963)))' (aka 'volatile __global unsigned int *__attribute__((address_space(16776963)))') for 1st argument
uint __OVERLOADABLE__ atom_add(__global volatile uint *ptr, uint val);
                      ^
cl_kernel.h:4090:23: note: candidate function not viable: no known conversion from 'volatile __global float *' to 'volatile __local uint *__attribute__((address_space(16776963)))' (aka 'volatile __local unsigned int *__attribute__((address_space(16776963)))') for 1st argument
uint __OVERLOADABLE__ atom_add(__local volatile uint *ptr, uint val);
                      ^
cl_kernel.h:4091:23: note: candidate function not viable: no known conversion from 'volatile __global float *' to 'volatile __global long *__attribute__((address_space(16776963)))' for 1st argument
long __OVERLOADABLE__ atom_add(__global volatile long *ptr, long val);
                      ^
cl_kernel.h:4092:23: note: candidate function not viable: no known conversion from 'volatile __global float *' to 'volatile __local long *__attribute__((address_space(16776963)))' for 1st argument
long __OVERLOADABLE__ atom_add(__local volatile long *ptr, long val);
                      ^
cl_kernel.h:4093:24: note: candidate function not viable: no known conversion from 'volatile __global float *' to 'volatile __global ulong *__attribute__((address_space(16776963)))' (aka 'volatile __global unsigned long *__attribute__((address_space(16776963)))') for 1st argument
ulong __OVERLOADABLE__ atom_add(__global volatile ulong *ptr, ulong val);
                       ^
cl_kernel.h:4094:24: note: candidate function not viable: no known conversion from 'volatile __global float *' to 'volatile __local ulong *__attribute__((address_space(16776963)))' (aka 'volatile __local unsigned long *__attribute__((address_space(16776963)))') for 1st argument
ulong __OVERLOADABLE__ atom_add(__local volatile ulong *ptr, ulong val);
                       ^
<kernel>:53:3: error: no matching function for call to 'atom_max'
                atomic_max(out_stats + 2, local_out[2]);
                ^~~~~~~~~~
cl_kernel.h:4198:20: note: expanded from macro 'atomic_max'
#define atomic_max atom_max
                   ^~~~~~~~
cl_kernel.h:4134:22: note: candidate function not viable: no known conversion from 'volatile __global float *' to 'volatile __global int *__attribute__((address_space(16776963)))' for 1st argument
int __OVERLOADABLE__ atom_max(__global volatile  int *, int);
                     ^
cl_kernel.h:4135:23: note: candidate function not viable: no known conversion from 'volatile __global float *' to 'volatile __global uint *__attribute__((address_space(16776963)))' (aka 'volatile __global unsigned int *__attribute__((address_space(16776963)))') for 1st argument
uint __OVERLOADABLE__ atom_max(__global volatile  uint *, uint);
                      ^
cl_kernel.h:4136:22: note: candidate function not viable: no known conversion from 'volatile __global float *' to 'volatile __local int *__attribute__((address_space(16776963)))' for 1st argument
int __OVERLOADABLE__ atom_max(__local volatile  int *, int);
                     ^
cl_kernel.h:4137:23: note: candidate function not viable: no known conversion from 'volatile __global float *' to 'volatile __local uint *__attribute__((address_space(16776963)))' (aka 'volatile __local unsigned int *__attribute__((address_space(16776963)))') for 1st argument
uint __OVERLOADABLE__ atom_max(__local volatile  uint *, uint);
                      ^
cl_kernel.h:4138:23: note: candidate function not viable: no known conversion from 'volatile __global float *' to 'volatile __global long *__attribute__((address_space(16776963)))' for 1st argument
long __OVERLOADABLE__ atom_max(__global volatile  long *, long);
                      ^
cl_kernel.h:4139:24: note: candidate function not viable: no known conversion from 'volatile __global float *' to 'volatile __global ulong *__attribute__((address_space(16776963)))' (aka 'volatile __global unsigned long *__attribute__((address_space(16776963)))') for 1st argument
ulong __OVERLOADABLE__ atom_max(__global volatile  ulong *, ulong);
                       ^
cl_kernel.h:4140:23: note: candidate function not viable: no known conversion from 'volatile __global float *' to 'volatile __local long *__attribute__((address_space(16776963)))' for 1st argument
long __OVERLOADABLE__ atom_max(__local volatile  long *, long);
                      ^
cl_kernel.h:4141:24: note: candidate function not viable: no known conversion from 'volatile __global float *' to 'volatile __local ulong *__attribute__((address_space(16776963)))' (aka 'volatile __local unsigned long *__attribute__((address_space(16776963)))') for 1st argument
ulong __OVERLOADABLE__ atom_max(__local volatile  ulong *, ulong);
                       ^
<kernel>:54:3: error: no matching function for call to 'atom_min'
                atomic_min(out_stats + 3, local_out[3]);
                ^~~~~~~~~~
cl_kernel.h:4199:20: note: expanded from macro 'atomic_min'
#define atomic_min atom_min
                   ^~~~~~~~
cl_kernel.h:4143:22: note: candidate function not viable: no known conversion from 'volatile __global float *' to 'volatile __global int *__attribute__((address_space(16776963)))' for 1st argument
int __OVERLOADABLE__ atom_min(__global volatile  int *, int);
                     ^
cl_kernel.h:4144:23: note: candidate function not viable: no known conversion from 'volatile __global float *' to 'volatile __global uint *__attribute__((address_space(16776963)))' (aka 'volatile __global unsigned int *__attribute__((address_space(16776963)))') for 1st argument
uint __OVERLOADABLE__ atom_min(__global volatile  uint *, uint);
                      ^
cl_kernel.h:4145:22: note: candidate function not viable: no known conversion from 'volatile __global float *' to 'volatile __local int *__attribute__((address_space(16776963)))' for 1st argument
int __OVERLOADABLE__ atom_min(__local volatile  int *, int);
                     ^
cl_kernel.h:4146:23: note: candidate function not viable: no known conversion from 'volatile __global float *' to 'volatile __local uint *__attribute__((address_space(16776963)))' (aka 'volatile __local unsigned int *__attribute__((address_space(16776963)))') for 1st argument
uint __OVERLOADABLE__ atom_min(__local volatile  uint *, uint);
                      ^
cl_kernel.h:4147:23: note: candidate function not viable: no known conversion from 'volatile __global float *' to 'volatile __global long *__attribute__((address_space(16776963)))' for 1st argument
long __OVERLOADABLE__ atom_min(__global volatile  long *, long);
                      ^
cl_kernel.h:4148:24: note: candidate function not viable: no known conversion from 'volatile __global float *' to 'volatile __global ulong *__attribute__((address_space(16776963)))' (aka 'volatile __global unsigned long *__attribute__((address_space(16776963)))') for 1st argument
ulong __OVERLOADABLE__ atom_min(__global volatile  ulong *, ulong);
                       ^
cl_kernel.h:4149:23: note: candidate function not viable: no known conversion from 'volatile __global float *' to 'volatile __local long *__attribute__((address_space(16776963)))' for 1st argument
long __OVERLOADABLE__ atom_min(__local volatile  long *, long);
                      ^
cl_kernel.h:4150:24: note: candidate function not viable: no known conversion from 'volatile __global float *' to 'volatile __local ulong *__attribute__((address_space(16776963)))' (aka 'volatile __local unsigned long *__attribute__((address_space(16776963)))') for 1st argument
ulong __OVERLOADABLE__ atom_min(__local volatile  ulong *, ulong);
                       ^
<kernel>:55:3: error: no matching function for call to 'atom_add'
                atomic_add(out_stats + 4, local_out[4]);
                ^~~~~~~~~~
cl_kernel.h:4191:20: note: expanded from macro 'atomic_add'
#define atomic_add atom_add
                   ^~~~~~~~
cl_kernel.h:4087:22: note: candidate function not viable: no known conversion from 'volatile __global float *' to 'volatile __global int *__attribute__((address_space(16776963)))' for 1st argument
int __OVERLOADABLE__ atom_add(__global volatile int *ptr, int val);
                     ^
cl_kernel.h:4088:22: note: candidate function not viable: no known conversion from 'volatile __global float *' to 'volatile __local int *__attribute__((address_space(16776963)))' for 1st argument
int __OVERLOADABLE__ atom_add(__local volatile int *ptr, int val);
                     ^
cl_kernel.h:4089:23: note: candidate function not viable: no known conversion from 'volatile __global float *' to 'volatile __global uint *__attribute__((address_space(16776963)))' (aka 'volatile __global unsigned int *__attribute__((address_space(16776963)))') for 1st argument
uint __OVERLOADABLE__ atom_add(__global volatile uint *ptr, uint val);
                      ^
cl_kernel.h:4090:23: note: candidate function not viable: no known conversion from 'volatile __global float *' to 'volatile __local uint *__attribute__((address_space(16776963)))' (aka 'volatile __local unsigned int *__attribute__((address_space(16776963)))') for 1st argument
uint __OVERLOADABLE__ atom_add(__local volatile uint *ptr, uint val);
                      ^
cl_kernel.h:4091:23: note: candidate function not viable: no known conversion from 'volatile __global float *' to 'volatile __global long *__attribute__((address_space(16776963)))' for 1st argument
long __OVERLOADABLE__ atom_add(__global volatile long *ptr, long val);
                      ^
cl_kernel.h:4092:23: note: candidate function not viable: no known conversion from 'volatile __global float *' to 'volatile __local long *__attribute__((address_space(16776963)))' for 1st argument
long __OVERLOADABLE__ atom_add(__local volatile long *ptr, long val);
                      ^
cl_kernel.h:4093:24: note: candidate function not viable: no known conversion from 'volatile __global float *' to 'volatile __global ulong *__attribute__((address_space(16776963)))' (aka 'volatile __global unsigned long *__attribute__((address_space(16776963)))') for 1st argument
ulong __OVERLOADABLE__ atom_add(__global volatile ulong *ptr, ulong val);
                       ^
cl_kernel.h:4094:24: note: candidate function not viable: no known conversion from 'volatile __global float *' to 'volatile __local ulong *__attribute__((address_space(16776963)))' (aka 'volatile __local unsigned long *__attribute__((address_space(16776963)))') for 1st argument
ulong __OVERLOADABLE__ atom_add(__local volatile ulong *ptr, ulong val);
                       ^
<kernel>:56:3: error: no matching function for call to 'atom_add'
                atomic_add(out_stats + 5, local_out[5]);
                ^~~~~~~~~~
cl_kernel.h:4191:20: note: expanded from macro 'atomic_add'
#define atomic_add atom_add
                   ^~~~~~~~
cl_kernel.h:4087:22: note: candidate function not viable: no known conversion from 'volatile __global float *' to 'volatile __global int *__attribute__((address_space(16776963)))' for 1st argument
int __OVERLOADABLE__ atom_add(__global volatile int *ptr, int val);
                     ^
cl_kernel.h:4088:22: note: candidate function not viable: no known conversion from 'volatile __global float *' to 'volatile __local int *__attribute__((address_space(16776963)))' for 1st argument
int __OVERLOADABLE__ atom_add(__local volatile int *ptr, int val);
                     ^
cl_kernel.h:4089:23: note: candidate function not viable: no known conversion from 'volatile __global float *' to 'volatile __global uint *__attribute__((address_space(16776963)))' (aka 'volatile __global unsigned int *__attribute__((address_space(16776963)))') for 1st argument
uint __OVERLOADABLE__ atom_add(__global volatile uint *ptr, uint val);
                      ^
cl_kernel.h:4090:23: note: candidate function not viable: no known conversion from 'volatile __global float *' to 'volatile __local uint *__attribute__((address_space(16776963)))' (aka 'volatile __local unsigned int *__attribute__((address_space(16776963)))') for 1st argument
uint __OVERLOADABLE__ atom_add(__local volatile uint *ptr, uint val);
                      ^
cl_kernel.h:4091:23: note: candidate function not viable: no known conversion from 'volatile __global float *' to 'volatile __global long *__attribute__((address_space(16776963)))' for 1st argument
long __OVERLOADABLE__ atom_add(__global volatile long *ptr, long val);
                      ^
cl_kernel.h:4092:23: note: candidate function not viable: no known conversion from 'volatile __global float *' to 'volatile __local long *__attribute__((address_space(16776963)))' for 1st argument
long __OVERLOADABLE__ atom_add(__local volatile long *ptr, long val);
                      ^
cl_kernel.h:4093:24: note: candidate function not viable: no known conversion from 'volatile __global float *' to 'volatile __global ulong *__attribute__((address_space(16776963)))' (aka 'volatile __global unsigned long *__attribute__((address_space(16776963)))') for 1st argument
ulong __OVERLOADABLE__ atom_add(__global volatile ulong *ptr, ulong val);
                       ^
cl_kernel.h:4094:24: note: candidate function not viable: no known conversion from 'volatile __global float *' to 'volatile __local ulong *__attribute__((address_space(16776963)))' (aka 'volatile __local unsigned long *__attribute__((address_space(16776963)))') for 1st argument
ulong __OVERLOADABLE__ atom_add(__local volatile ulong *ptr, ulong val);
                       ^
<kernel>:70:25: error: '__local' variable cannot have an initializer
        volatile __local float local_out[2] = {0, 0};
                               ^
 ===========================================================================
Build on <pyopencl.Device 'Quadro K5000' on 'NVIDIA CUDA' at 0x2675230>:


(options: -I /opt/miniconda/lib/python2.7/site-packages/pyopencl-2015.1-py2.7-linux-x86_64.egg/pyopencl/cl)
(source saved as /tmp/tmpwDn9uS.cl)
