Loading word weights
Loading articles
Analyzing weights
Analyzing weights with gpu

PREDICTIONS FOR METHOD 1 BASED ON:
('\t- AVG: ', 0.48918113093411308)
('\t- STD: ', 0.37093774230062543)
('RATING FOR: ', 'amzn')
('\t- STD ABOVE MEAN: ', -0.059571275183986597)
('\t- RAW VAL RATING: ', 0.46708389661139582)
('\t- PROBABILITY IS: ', 0.47624854840361042)
('\t- CORRESPONDS TO: ', 'undecided')
('RATING FOR: ', 'amat')
('\t- STD ABOVE MEAN: ', -0.03693576535766032)
('\t- RAW VAL RATING: ', 0.47548026152219691)
('\t- PROBABILITY IS: ', 0.48526811128104841)
('\t- CORRESPONDS TO: ', 'undecided')
('RATING FOR: ', 'agn')
('\t- STD ABOVE MEAN: ', -0.19198695250839604)
('\t- RAW VAL RATING: ', 0.41796592421947126)
('\t- PROBABILITY IS: ', 0.42387621285158739)
('\t- CORRESPONDS TO: ', 'undecided')
('RATING FOR: ', 'goog')
('\t- STD ABOVE MEAN: ', -0.022820234730226745)
('\t- RAW VAL RATING: ', 0.48071624458451245)
('\t- PROBABILITY IS: ', 0.490896833623161)
('\t- CORRESPONDS TO: ', 'undecided')
('RATING FOR: ', 'hd')
('\t- STD ABOVE MEAN: ', -0.056372900830377916)
('\t- RAW VAL RATING: ', 0.46827029437315565)
('\t- PROBABILITY IS: ', 0.47752237231022121)
('\t- CORRESPONDS TO: ', 'undecided')
('RATING FOR: ', 'lmt')
('\t- STD ABOVE MEAN: ', 0.028339792235307144)
('\t- RAW VAL RATING: ', 0.49969342948314671)
('\t- PROBABILITY IS: ', 0.51130442813993149)
('\t- CORRESPONDS TO: ', 'undecided')
('RATING FOR: ', 'data')
('\t- STD ABOVE MEAN: ', -0.015979877903107099)
('\t- RAW VAL RATING: ', 0.48325359110249488)
('\t- PROBABILITY IS: ', 0.49362522237676726)
('\t- CORRESPONDS TO: ', 'undecided')
('RATING FOR: ', 'nflx')
('\t- STD ABOVE MEAN: ', -0.11965751207489624)
('\t- RAW VAL RATING: ', 0.44479564355574125)
('\t- PROBABILITY IS: ', 0.45237722945427866)
('\t- CORRESPONDS TO: ', 'undecided')
('RATING FOR: ', 'aapl')
('\t- STD ABOVE MEAN: ', -0.037868093338885488)
('\t- RAW VAL RATING: ', 0.47513442588575755)
('\t- PROBABILITY IS: ', 0.4848964263103856)
('\t- CORRESPONDS TO: ', 'undecided')
('RATING FOR: ', 'ge')
('\t- STD ABOVE MEAN: ', -0.043076028940237404)
('\t- RAW VAL RATING: ', 0.47320260601174502)
('\t- PROBABILITY IS: ', 0.48282046384647875)
('\t- CORRESPONDS TO: ', 'undecided')
('RATING FOR: ', 'tsla')
('\t- STD ABOVE MEAN: ', 0.016293231601938955)
('\t- RAW VAL RATING: ', 0.49522490547931752)
('\t- PROBABILITY IS: ', 0.50649977138738311)
('\t- CORRESPONDS TO: ', 'undecided')
('RATING FOR: ', 'bac')
('\t- STD ABOVE MEAN: ', -0.057381874716809077)
('\t- RAW VAL RATING: ', 0.46789602787768259)
('\t- PROBABILITY IS: ', 0.47712050054519001)
('\t- CORRESPONDS TO: ', 'undecided')
('RATING FOR: ', 'nvda')
('\t- STD ABOVE MEAN: ', -0.0375609079968863)
('\t- RAW VAL RATING: ', 0.47524837252298657)
('\t- PROBABILITY IS: ', 0.48501888840573426)
('\t- CORRESPONDS TO: ', 'undecided')
('RATING FOR: ', 'baba')
('\t- STD ABOVE MEAN: ', -0.1392010534293382)
('\t- RAW VAL RATING: ', 0.43754620644916564)
('\t- PROBABILITY IS: ', 0.44464563804648349)
('\t- CORRESPONDS TO: ', 'undecided')
('RATING FOR: ', 'wmt')
('\t- STD ABOVE MEAN: ', -0.0861778686777845)
('\t- RAW VAL RATING: ', 0.45721450689049592)
('\t- PROBABILITY IS: ', 0.46566251174182616)
('\t- CORRESPONDS TO: ', 'undecided')
('RATING FOR: ', 'jpm')
('\t- STD ABOVE MEAN: ', -0.11934140802788251)
('\t- RAW VAL RATING: ', 0.44491289847727261)
('\t- PROBABILITY IS: ', 0.45250243951646141)
('\t- CORRESPONDS TO: ', 'undecided')
('RATING FOR: ', 'mu')
('\t- STD ABOVE MEAN: ', 0.0021792053633958412)
('\t- RAW VAL RATING: ', 0.48998948045162055)
('\t- PROBABILITY IS: ', 0.50086937646903396)
('\t- CORRESPONDS TO: ', 'undecided')
('RATING FOR: ', 'uaa')
('\t- STD ABOVE MEAN: ', -0.15910703548180768)
('\t- RAW VAL RATING: ', 0.43016232640834584)
('\t- PROBABILITY IS: ', 0.43679227265993431)
('\t- CORRESPONDS TO: ', 'undecided')
('RATING FOR: ', 'gild')
('\t- STD ABOVE MEAN: ', -0.043801928380158325)
('\t- RAW VAL RATING: ', 0.47293334251236346)
('\t- PROBABILITY IS: ', 0.48253114496811461)
('\t- CORRESPONDS TO: ', 'undecided')
('RATING FOR: ', 'xom')
('\t- STD ABOVE MEAN: ', -0.078455450836790383)
('\t- RAW VAL RATING: ', 0.46007904312953635)
('\t- PROBABILITY IS: ', 0.46873288301267446)
('\t- CORRESPONDS TO: ', 'undecided')

PREDICTIONS FOR METHOD 2 BASED ON:
('\t- AVG: ', 0.48918113093411308)
('\t- STD: ', 0.37093774230062543)
('RATING FOR: ', 'amzn')
('\t- STD ABOVE MEAN: ', -0.39587657361069339)
('\t- RAW VAL RATING: ', 0.34233556848925512)
('\t- PROBABILITY IS: ', 0.3460980418981951)
('\t- CORRESPONDS TO: ', 'undecided')
('RATING FOR: ', 'amat')
('\t- STD ABOVE MEAN: ', 0.12349434305046357)
('\t- RAW VAL RATING: ', 0.53498984373215097)
('\t- PROBABILITY IS: ', 0.54914217320225367)
('\t- CORRESPONDS TO: ', 'undecided')
('RATING FOR: ', 'agn')
('\t- STD ABOVE MEAN: ', -1.0857364544639492)
('\t- RAW VAL RATING: ', 0.086440501781769943)
('\t- PROBABILITY IS: ', 0.13879780373928913)
('\t- CORRESPONDS TO: ', 'sell')
('RATING FOR: ', 'goog')
('\t- STD ABOVE MEAN: ', 0.50331419827274204)
('\t- RAW VAL RATING: ', 0.67587936330925336)
('\t- PROBABILITY IS: ', 0.69262830720879742)
('\t- CORRESPONDS TO: ', 'buy')
('RATING FOR: ', 'hd')
('\t- STD ABOVE MEAN: ', -0.064286003412946879)
('\t- RAW VAL RATING: ', 0.46533502596658427)
('\t- PROBABILITY IS: ', 0.47437124902991934)
('\t- CORRESPONDS TO: ', 'undecided')
('RATING FOR: ', 'lmt')
('\t- STD ABOVE MEAN: ', 1.3556487997057984)
('\t- RAW VAL RATING: ', 0.99204243604953468)
('\t- PROBABILITY IS: ', 0.91239453140695082)
('\t- CORRESPONDS TO: ', 'buy')
('RATING FOR: ', 'data')
('\t- STD ABOVE MEAN: ', 0.10231073934585183)
('\t- RAW VAL RATING: ', 0.52713204560017113)
('\t- PROBABILITY IS: ', 0.5407449843622123)
('\t- CORRESPONDS TO: ', 'undecided')
('RATING FOR: ', 'nflx')
('\t- STD ABOVE MEAN: ', -0.60768106865792126)
('\t- RAW VAL RATING: ', 0.26376928728731242)
('\t- PROBABILITY IS: ', 0.27169951068480624)
('\t- CORRESPONDS TO: ', 'sell')
('RATING FOR: ', 'aapl')
('\t- STD ABOVE MEAN: ', 0.7583601000155259)
('\t- RAW VAL RATING: ', 0.77048551428474876)
('\t- PROBABILITY IS: ', 0.77588228137707826)
('\t- CORRESPONDS TO: ', 'buy')
('RATING FOR: ', 'ge')
('\t- STD ABOVE MEAN: ', 0.52984186325691507)
('\t- RAW VAL RATING: ', 0.68571947546698986)
('\t- PROBABILITY IS: ', 0.70188921140356531)
('\t- CORRESPONDS TO: ', 'buy')
('RATING FOR: ', 'tsla')
('\t- STD ABOVE MEAN: ', 0.8658193772284386)
('\t- RAW VAL RATING: ', 0.81034621596336365)
('\t- PROBABILITY IS: ', 0.80670538941057168)
('\t- CORRESPONDS TO: ', 'buy')
('RATING FOR: ', 'bac')
('\t- STD ABOVE MEAN: ', -0.23675289699519697)
('\t- RAW VAL RATING: ', 0.40136054583958219)
('\t- PROBABILITY IS: ', 0.40642424772082408)
('\t- CORRESPONDS TO: ', 'undecided')
('RATING FOR: ', 'nvda')
('\t- STD ABOVE MEAN: ', 0.46237093493971415)
('\t- RAW VAL RATING: ', 0.66069196164608002)
('\t- PROBABILITY IS: ', 0.67809233064069885)
('\t- CORRESPONDS TO: ', 'undecided')
('RATING FOR: ', 'baba')
('\t- STD ABOVE MEAN: ', -1.063698020570583)
('\t- RAW VAL RATING: ', 0.094615388694016825)
('\t- PROBABILITY IS: ', 0.14373276072936869)
('\t- CORRESPONDS TO: ', 'sell')
('RATING FOR: ', 'wmt')
('\t- STD ABOVE MEAN: ', -0.11384006764271826)
('\t- RAW VAL RATING: ', 0.44695355325937269)
('\t- PROBABILITY IS: ', 0.45468228782637687)
('\t- CORRESPONDS TO: ', 'undecided')
('RATING FOR: ', 'jpm')
('\t- STD ABOVE MEAN: ', -0.13541822837299092)
('\t- RAW VAL RATING: ', 0.43894939903508534)
('\t- PROBABILITY IS: ', 0.44614060636194763)
('\t- CORRESPONDS TO: ', 'undecided')
('RATING FOR: ', 'mu')
('\t- STD ABOVE MEAN: ', 0.32761571358350666)
('\t- RAW VAL RATING: ', 0.61070616407298739)
('\t- PROBABILITY IS: ', 0.62839888030510238)
('\t- CORRESPONDS TO: ', 'undecided')
('RATING FOR: ', 'uaa')
('\t- STD ABOVE MEAN: ', -0.88554771086129491)
('\t- RAW VAL RATING: ', 0.16069806236773729)
('\t- PROBABILITY IS: ', 0.18793064951525174)
('\t- CORRESPONDS TO: ', 'sell')
('RATING FOR: ', 'gild')
('\t- STD ABOVE MEAN: ', 1.0608276536968495)
('\t- RAW VAL RATING: ', 0.88268214576649218)
('\t- PROBABILITY IS: ', 0.85561588383684728)
('\t- CORRESPONDS TO: ', 'buy')
('RATING FOR: ', 'xom')
('\t- STD ABOVE MEAN: ', -1.2737332620375377)
('\t- RAW VAL RATING: ', 0.016705390420697984)
('\t- PROBABILITY IS: ', 0.10137898207035495)
('\t- CORRESPONDS TO: ', 'sell')

PREDICTIONS FOR METHOD 3 BASED ON:
('\t- AVG: ', 0.48918113093411308)
('\t- STD: ', 0.37093774230062543)
('RATING FOR: ', 'amzn')
('\t- STD ABOVE MEAN: ', -0.059571275183986597)
('\t- RAW VAL RATING: ', 0.46708389661139582)
('\t- PROBABILITY IS: ', 0.47624854840361042)
('\t- CORRESPONDS TO: ', 'sell')
('RATING FOR: ', 'amat')
('\t- STD ABOVE MEAN: ', -0.03693576535766032)
('\t- RAW VAL RATING: ', 0.47548026152219691)
('\t- PROBABILITY IS: ', 0.48526811128104841)
('\t- CORRESPONDS TO: ', 'sell')
('RATING FOR: ', 'agn')
('\t- STD ABOVE MEAN: ', -0.19198695250839604)
('\t- RAW VAL RATING: ', 0.41796592421947126)
('\t- PROBABILITY IS: ', 0.42387621285158739)
('\t- CORRESPONDS TO: ', 'sell')
('RATING FOR: ', 'goog')
('\t- STD ABOVE MEAN: ', -0.022820234730226745)
('\t- RAW VAL RATING: ', 0.48071624458451245)
('\t- PROBABILITY IS: ', 0.490896833623161)
('\t- CORRESPONDS TO: ', 'sell')
('RATING FOR: ', 'hd')
('\t- STD ABOVE MEAN: ', -0.056372900830377916)
('\t- RAW VAL RATING: ', 0.46827029437315565)
('\t- PROBABILITY IS: ', 0.47752237231022121)
('\t- CORRESPONDS TO: ', 'sell')
('RATING FOR: ', 'lmt')
('\t- STD ABOVE MEAN: ', 0.028339792235307144)
('\t- RAW VAL RATING: ', 0.49969342948314671)
('\t- PROBABILITY IS: ', 0.51130442813993149)
('\t- CORRESPONDS TO: ', 'buy')
('RATING FOR: ', 'data')
('\t- STD ABOVE MEAN: ', -0.015979877903107099)
('\t- RAW VAL RATING: ', 0.48325359110249488)
('\t- PROBABILITY IS: ', 0.49362522237676726)
('\t- CORRESPONDS TO: ', 'sell')
('RATING FOR: ', 'nflx')
('\t- STD ABOVE MEAN: ', -0.11965751207489624)
('\t- RAW VAL RATING: ', 0.44479564355574125)
('\t- PROBABILITY IS: ', 0.45237722945427866)
('\t- CORRESPONDS TO: ', 'sell')
('RATING FOR: ', 'aapl')
('\t- STD ABOVE MEAN: ', -0.037868093338885488)
('\t- RAW VAL RATING: ', 0.47513442588575755)
('\t- PROBABILITY IS: ', 0.4848964263103856)
('\t- CORRESPONDS TO: ', 'sell')
('RATING FOR: ', 'ge')
('\t- STD ABOVE MEAN: ', -0.043076028940237404)
('\t- RAW VAL RATING: ', 0.47320260601174502)
('\t- PROBABILITY IS: ', 0.48282046384647875)
('\t- CORRESPONDS TO: ', 'sell')
('RATING FOR: ', 'tsla')
('\t- STD ABOVE MEAN: ', 0.016293231601938955)
('\t- RAW VAL RATING: ', 0.49522490547931752)
('\t- PROBABILITY IS: ', 0.50649977138738311)
('\t- CORRESPONDS TO: ', 'buy')
('RATING FOR: ', 'bac')
('\t- STD ABOVE MEAN: ', -0.057381874716809077)
('\t- RAW VAL RATING: ', 0.46789602787768259)
('\t- PROBABILITY IS: ', 0.47712050054519001)
('\t- CORRESPONDS TO: ', 'sell')
('RATING FOR: ', 'nvda')
('\t- STD ABOVE MEAN: ', -0.0375609079968863)
('\t- RAW VAL RATING: ', 0.47524837252298657)
('\t- PROBABILITY IS: ', 0.48501888840573426)
('\t- CORRESPONDS TO: ', 'sell')
('RATING FOR: ', 'baba')
('\t- STD ABOVE MEAN: ', -0.1392010534293382)
('\t- RAW VAL RATING: ', 0.43754620644916564)
('\t- PROBABILITY IS: ', 0.44464563804648349)
('\t- CORRESPONDS TO: ', 'sell')
('RATING FOR: ', 'wmt')
('\t- STD ABOVE MEAN: ', -0.0861778686777845)
('\t- RAW VAL RATING: ', 0.45721450689049592)
('\t- PROBABILITY IS: ', 0.46566251174182616)
('\t- CORRESPONDS TO: ', 'sell')
('RATING FOR: ', 'jpm')
('\t- STD ABOVE MEAN: ', -0.11934140802788251)
('\t- RAW VAL RATING: ', 0.44491289847727261)
('\t- PROBABILITY IS: ', 0.45250243951646141)
('\t- CORRESPONDS TO: ', 'sell')
('RATING FOR: ', 'mu')
('\t- STD ABOVE MEAN: ', 0.0021792053633958412)
('\t- RAW VAL RATING: ', 0.48998948045162055)
('\t- PROBABILITY IS: ', 0.50086937646903396)
('\t- CORRESPONDS TO: ', 'buy')
('RATING FOR: ', 'uaa')
('\t- STD ABOVE MEAN: ', -0.15910703548180768)
('\t- RAW VAL RATING: ', 0.43016232640834584)
('\t- PROBABILITY IS: ', 0.43679227265993431)
('\t- CORRESPONDS TO: ', 'sell')
('RATING FOR: ', 'gild')
('\t- STD ABOVE MEAN: ', -0.043801928380158325)
('\t- RAW VAL RATING: ', 0.47293334251236346)
('\t- PROBABILITY IS: ', 0.48253114496811461)
('\t- CORRESPONDS TO: ', 'sell')
('RATING FOR: ', 'xom')
('\t- STD ABOVE MEAN: ', -0.078455450836790383)
('\t- RAW VAL RATING: ', 0.46007904312953635)
('\t- PROBABILITY IS: ', 0.46873288301267446)
('\t- CORRESPONDS TO: ', 'sell')

PREDICTIONS FOR METHOD 4 BASED ON:
('\t- AVG: ', 0.46590213164136696)
('\t- STD: ', 0.12433942262221222)
('RATING FOR: ', 'amzn')
('\t- STD ABOVE MEAN: ', 0.0095043466111266305)
('\t- RAW VAL RATING: ', 0.46708389661139582)
('\t- PROBABILITY IS: ', 0.50379162862606774)
('\t- CORRESPONDS TO: ', 'undecided')
('RATING FOR: ', 'amat')
('\t- STD ABOVE MEAN: ', 0.077032124476979047)
('\t- RAW VAL RATING: ', 0.47548026152219691)
('\t- PROBABILITY IS: ', 0.53070100537553022)
('\t- CORRESPONDS TO: ', 'undecided')
('RATING FOR: ', 'agn')
('\t- STD ABOVE MEAN: ', -0.38552702281353751)
('\t- RAW VAL RATING: ', 0.41796592421947126)
('\t- PROBABILITY IS: ', 0.34992349475800272)
('\t- CORRESPONDS TO: ', 'undecided')
('RATING FOR: ', 'goog')
('\t- STD ABOVE MEAN: ', 0.11914252640657733)
('\t- RAW VAL RATING: ', 0.48071624458451245)
('\t- PROBABILITY IS: ', 0.5474187802657775)
('\t- CORRESPONDS TO: ', 'undecided')
('RATING FOR: ', 'hd')
('\t- STD ABOVE MEAN: ', 0.01904595245696146)
('\t- RAW VAL RATING: ', 0.46827029437315565)
('\t- PROBABILITY IS: ', 0.50759777635607151)
('\t- CORRESPONDS TO: ', 'undecided')
('RATING FOR: ', 'lmt')
('\t- STD ABOVE MEAN: ', 0.27176656549588335)
('\t- RAW VAL RATING: ', 0.49969342948314671)
('\t- PROBABILITY IS: ', 0.60709924259644243)
('\t- CORRESPONDS TO: ', 'undecided')
('RATING FOR: ', 'data')
('\t- STD ABOVE MEAN: ', 0.1395491397273726)
('\t- RAW VAL RATING: ', 0.48325359110249488)
('\t- PROBABILITY IS: ', 0.55549188605495858)
('\t- CORRESPONDS TO: ', 'undecided')
('RATING FOR: ', 'nflx')
('\t- STD ABOVE MEAN: ', -0.16974896328539976)
('\t- RAW VAL RATING: ', 0.44479564355574125)
('\t- PROBABILITY IS: ', 0.43260378283984324)
('\t- CORRESPONDS TO: ', 'undecided')
('RATING FOR: ', 'aapl')
('\t- STD ABOVE MEAN: ', 0.07425074083254847)
('\t- RAW VAL RATING: ', 0.47513442588575755)
('\t- PROBABILITY IS: ', 0.52959456405129934)
('\t- CORRESPONDS TO: ', 'undecided')
('RATING FOR: ', 'ge')
('\t- STD ABOVE MEAN: ', 0.058714076488512609)
('\t- RAW VAL RATING: ', 0.47320260601174502)
('\t- PROBABILITY IS: ', 0.52341007636760262)
('\t- CORRESPONDS TO: ', 'undecided')
('RATING FOR: ', 'tsla')
('\t- STD ABOVE MEAN: ', 0.23582845423887544)
('\t- RAW VAL RATING: ', 0.49522490547931752)
('\t- PROBABILITY IS: ', 0.59321710624607615)
('\t- CORRESPONDS TO: ', 'undecided')
('RATING FOR: ', 'bac')
('\t- STD ABOVE MEAN: ', 0.01603591358449364)
('\t- RAW VAL RATING: ', 0.46789602787768259)
('\t- PROBABILITY IS: ', 0.50639712976166429)
('\t- CORRESPONDS TO: ', 'undecided')
('RATING FOR: ', 'nvda')
('\t- STD ABOVE MEAN: ', 0.075167156839845151)
('\t- RAW VAL RATING: ', 0.47524837252298657)
('\t- PROBABILITY IS: ', 0.52995914227594088)
('\t- CORRESPONDS TO: ', 'undecided')
('RATING FOR: ', 'baba')
('\t- STD ABOVE MEAN: ', -0.22805257250033073)
('\t- RAW VAL RATING: ', 0.43754620644916564)
('\t- PROBABILITY IS: ', 0.4098026851070552)
('\t- CORRESPONDS TO: ', 'undecided')
('RATING FOR: ', 'wmt')
('\t- STD ABOVE MEAN: ', -0.069870235583023077)
('\t- RAW VAL RATING: ', 0.45721450689049592)
('\t- PROBABILITY IS: ', 0.47214847188869097)
('\t- CORRESPONDS TO: ', 'undecided')
('RATING FOR: ', 'jpm')
('\t- STD ABOVE MEAN: ', -0.16880594039645147)
('\t- RAW VAL RATING: ', 0.44491289847727261)
('\t- PROBABILITY IS: ', 0.43297464281198111)
('\t- CORRESPONDS TO: ', 'undecided')
('RATING FOR: ', 'mu')
('\t- STD ABOVE MEAN: ', 0.1937225403035657)
('\t- RAW VAL RATING: ', 0.48998948045162055)
('\t- PROBABILITY IS: ', 0.57680342921790329)
('\t- CORRESPONDS TO: ', 'undecided')
('RATING FOR: ', 'uaa')
('\t- STD ABOVE MEAN: ', -0.28743743922320975)
('\t- RAW VAL RATING: ', 0.43016232640834584)
('\t- PROBABILITY IS: ', 0.38688869887375149)
('\t- CORRESPONDS TO: ', 'undecided')
('RATING FOR: ', 'gild')
('\t- STD ABOVE MEAN: ', 0.056548524375570321)
('\t- RAW VAL RATING: ', 0.47293334251236346)
('\t- PROBABILITY IS: ', 0.52254757976136623)
('\t- CORRESPONDS TO: ', 'undecided')
('RATING FOR: ', 'xom')
('\t- STD ABOVE MEAN: ', -0.046832198421278198)
('\t- RAW VAL RATING: ', 0.46007904312953635)
('\t- PROBABILITY IS: ', 0.48132348327503788)
('\t- CORRESPONDS TO: ', 'undecided')

PREDICTIONS FOR METHOD 5 BASED ON:
('\t- AVG: ', 0.46590213164136696)
('\t- STD: ', 0.12433942262221222)
('RATING FOR: ', 'amzn')
('\t- STD ABOVE MEAN: ', 0.2460229401058672)
('\t- RAW VAL RATING: ', 0.49649248196594958)
('\t- PROBABILITY IS: ', 0.59716776273527272)
('\t- CORRESPONDS TO: ', 'undecided')
('RATING FOR: ', 'amat')
('\t- STD ABOVE MEAN: ', 0.86122240884428691)
('\t- RAW VAL RATING: ', 0.57298602870637638)
('\t- PROBABILITY IS: ', 0.80544221981309927)
('\t- CORRESPONDS TO: ', 'buy')
('RATING FOR: ', 'agn')
('\t- STD ABOVE MEAN: ', -2.1076752203496425)
('\t- RAW VAL RATING: ', 0.20383501166794846)
('\t- PROBABILITY IS: ', 0.017529546069958945)
('\t- CORRESPONDS TO: ', 'sell')
('RATING FOR: ', 'goog')
('\t- STD ABOVE MEAN: ', 1.4007680178491293)
('\t- RAW VAL RATING: ', 0.64007281820838835)
('\t- PROBABILITY IS: ', 0.91935827232132761)
('\t- CORRESPONDS TO: ', 'buy')
('RATING FOR: ', 'hd')
('\t- STD ABOVE MEAN: ', 0.024130457712323257)
('\t- RAW VAL RATING: ', 0.46890249882092694)
('\t- PROBABILITY IS: ', 0.50962572567485076)
('\t- CORRESPONDS TO: ', 'undecided')
('RATING FOR: ', 'lmt')
('\t- STD ABOVE MEAN: ', 1.5123773375011524)
('\t- RAW VAL RATING: ', 0.65395025657317885)
('\t- PROBABILITY IS: ', 0.93478105160593805)
('\t- CORRESPONDS TO: ', 'buy')
('RATING FOR: ', 'data')
('\t- STD ABOVE MEAN: ', 0.26324080399302613)
('\t- RAW VAL RATING: ', 0.49863334122046676)
('\t- PROBABILITY IS: ', 0.60381750876727325)
('\t- CORRESPONDS TO: ', 'undecided')
('RATING FOR: ', 'nflx')
('\t- STD ABOVE MEAN: ', -0.93062523224114679)
('\t- RAW VAL RATING: ', 0.35018872758684061)
('\t- PROBABILITY IS: ', 0.17602372884043443)
('\t- CORRESPONDS TO: ', 'sell')
('RATING FOR: ', 'aapl')
('\t- STD ABOVE MEAN: ', 0.64165250358244774)
('\t- RAW VAL RATING: ', 0.54568483346090546)
('\t- PROBABILITY IS: ', 0.73945058266459207)
('\t- CORRESPONDS TO: ', 'buy')
('RATING FOR: ', 'ge')
('\t- STD ABOVE MEAN: ', 0.24062668797433825)
('\t- RAW VAL RATING: ', 0.49582151509159139)
('\t- PROBABILITY IS: ', 0.59507776808636126)
('\t- CORRESPONDS TO: ', 'undecided')
('RATING FOR: ', 'tsla')
('\t- STD ABOVE MEAN: ', 1.5063375196408602)
('\t- RAW VAL RATING: ', 0.65319926910768678)
('\t- PROBABILITY IS: ', 0.9340097244418758)
('\t- CORRESPONDS TO: ', 'buy')
('RATING FOR: ', 'bac')
('\t- STD ABOVE MEAN: ', 0.30483127423786932)
('\t- RAW VAL RATING: ', 0.50380467627729686)
('\t- PROBABILITY IS: ', 0.61975266949307617)
('\t- CORRESPONDS TO: ', 'undecided')
('RATING FOR: ', 'nvda')
('\t- STD ABOVE MEAN: ', 0.58335296657030677)
('\t- RAW VAL RATING: ', 0.53843590268967356)
('\t- PROBABILITY IS: ', 0.72017214347331815)
('\t- CORRESPONDS TO: ', 'buy')
('RATING FOR: ', 'baba')
('\t- STD ABOVE MEAN: ', -1.0643019020796087)
('\t- RAW VAL RATING: ', 0.33356744764106616)
('\t- PROBABILITY IS: ', 0.14359597830617155)
('\t- CORRESPONDS TO: ', 'sell')
('RATING FOR: ', 'wmt')
('\t- STD ABOVE MEAN: ', -0.43906720808629124)
('\t- RAW VAL RATING: ', 0.4113087684955708)
('\t- PROBABILITY IS: ', 0.33030641943170747)
('\t- CORRESPONDS TO: ', 'undecided')
('RATING FOR: ', 'jpm')
('\t- STD ABOVE MEAN: ', -0.60474828403767455)
('\t- RAW VAL RATING: ', 0.3907080791723489)
('\t- PROBABILITY IS: ', 0.2726731303658943)
('\t- CORRESPONDS TO: ', 'sell')
('RATING FOR: ', 'mu')
('\t- STD ABOVE MEAN: ', 0.71230374312498668)
('\t- RAW VAL RATING: ', 0.55446956779316836)
('\t- PROBABILITY IS: ', 0.76186164667234757)
('\t- CORRESPONDS TO: ', 'buy')
('RATING FOR: ', 'uaa')
('\t- STD ABOVE MEAN: ', -1.1826854017729647)
('\t- RAW VAL RATING: ', 0.31884771164119746)
('\t- PROBABILITY IS: ', 0.11846692593519648)
('\t- CORRESPONDS TO: ', 'sell')
('RATING FOR: ', 'gild')
('\t- STD ABOVE MEAN: ', 0.11149406677845926)
('\t- RAW VAL RATING: ', 0.47976523953040295)
('\t- PROBABILITY IS: ', 0.54438771485403681)
('\t- CORRESPONDS TO: ', 'undecided')
('RATING FOR: ', 'xom')
('\t- STD ABOVE MEAN: ', -0.66671701972027231)
('\t- RAW VAL RATING: ', 0.38300292235694622)
('\t- PROBABILITY IS: ', 0.2524764526343598)
('\t- CORRESPONDS TO: ', 'sell')

PREDICTIONS FOR METHOD 6 BASED ON:
('\t- AVG: ', 0.46590213164136696)
('\t- STD: ', 0.12433942262221222)
('RATING FOR: ', 'amzn')
('\t- STD ABOVE MEAN: ', 0.0095043466111266305)
('\t- RAW VAL RATING: ', 0.46708389661139582)
('\t- PROBABILITY IS: ', 0.50379162862606774)
('\t- CORRESPONDS TO: ', 'buy')
('RATING FOR: ', 'amat')
('\t- STD ABOVE MEAN: ', 0.077032124476979047)
('\t- RAW VAL RATING: ', 0.47548026152219691)
('\t- PROBABILITY IS: ', 0.53070100537553022)
('\t- CORRESPONDS TO: ', 'buy')
('RATING FOR: ', 'agn')
('\t- STD ABOVE MEAN: ', -0.38552702281353751)
('\t- RAW VAL RATING: ', 0.41796592421947126)
('\t- PROBABILITY IS: ', 0.34992349475800272)
('\t- CORRESPONDS TO: ', 'sell')
('RATING FOR: ', 'goog')
('\t- STD ABOVE MEAN: ', 0.11914252640657733)
('\t- RAW VAL RATING: ', 0.48071624458451245)
('\t- PROBABILITY IS: ', 0.5474187802657775)
('\t- CORRESPONDS TO: ', 'buy')
('RATING FOR: ', 'hd')
('\t- STD ABOVE MEAN: ', 0.01904595245696146)
('\t- RAW VAL RATING: ', 0.46827029437315565)
('\t- PROBABILITY IS: ', 0.50759777635607151)
('\t- CORRESPONDS TO: ', 'buy')
('RATING FOR: ', 'lmt')
('\t- STD ABOVE MEAN: ', 0.27176656549588335)
('\t- RAW VAL RATING: ', 0.49969342948314671)
('\t- PROBABILITY IS: ', 0.60709924259644243)
('\t- CORRESPONDS TO: ', 'buy')
('RATING FOR: ', 'data')
('\t- STD ABOVE MEAN: ', 0.1395491397273726)
('\t- RAW VAL RATING: ', 0.48325359110249488)
('\t- PROBABILITY IS: ', 0.55549188605495858)
('\t- CORRESPONDS TO: ', 'buy')
('RATING FOR: ', 'nflx')
('\t- STD ABOVE MEAN: ', -0.16974896328539976)
('\t- RAW VAL RATING: ', 0.44479564355574125)
('\t- PROBABILITY IS: ', 0.43260378283984324)
('\t- CORRESPONDS TO: ', 'sell')
('RATING FOR: ', 'aapl')
('\t- STD ABOVE MEAN: ', 0.07425074083254847)
('\t- RAW VAL RATING: ', 0.47513442588575755)
('\t- PROBABILITY IS: ', 0.52959456405129934)
('\t- CORRESPONDS TO: ', 'buy')
('RATING FOR: ', 'ge')
('\t- STD ABOVE MEAN: ', 0.058714076488512609)
('\t- RAW VAL RATING: ', 0.47320260601174502)
('\t- PROBABILITY IS: ', 0.52341007636760262)
('\t- CORRESPONDS TO: ', 'buy')
('RATING FOR: ', 'tsla')
('\t- STD ABOVE MEAN: ', 0.23582845423887544)
('\t- RAW VAL RATING: ', 0.49522490547931752)
('\t- PROBABILITY IS: ', 0.59321710624607615)
('\t- CORRESPONDS TO: ', 'buy')
('RATING FOR: ', 'bac')
('\t- STD ABOVE MEAN: ', 0.01603591358449364)
('\t- RAW VAL RATING: ', 0.46789602787768259)
('\t- PROBABILITY IS: ', 0.50639712976166429)
('\t- CORRESPONDS TO: ', 'buy')
('RATING FOR: ', 'nvda')
('\t- STD ABOVE MEAN: ', 0.075167156839845151)
('\t- RAW VAL RATING: ', 0.47524837252298657)
('\t- PROBABILITY IS: ', 0.52995914227594088)
('\t- CORRESPONDS TO: ', 'buy')
('RATING FOR: ', 'baba')
('\t- STD ABOVE MEAN: ', -0.22805257250033073)
('\t- RAW VAL RATING: ', 0.43754620644916564)
('\t- PROBABILITY IS: ', 0.4098026851070552)
('\t- CORRESPONDS TO: ', 'sell')
('RATING FOR: ', 'wmt')
('\t- STD ABOVE MEAN: ', -0.069870235583023077)
('\t- RAW VAL RATING: ', 0.45721450689049592)
('\t- PROBABILITY IS: ', 0.47214847188869097)
('\t- CORRESPONDS TO: ', 'sell')
('RATING FOR: ', 'jpm')
('\t- STD ABOVE MEAN: ', -0.16880594039645147)
('\t- RAW VAL RATING: ', 0.44491289847727261)
('\t- PROBABILITY IS: ', 0.43297464281198111)
('\t- CORRESPONDS TO: ', 'sell')
('RATING FOR: ', 'mu')
('\t- STD ABOVE MEAN: ', 0.1937225403035657)
('\t- RAW VAL RATING: ', 0.48998948045162055)
('\t- PROBABILITY IS: ', 0.57680342921790329)
('\t- CORRESPONDS TO: ', 'buy')
('RATING FOR: ', 'uaa')
('\t- STD ABOVE MEAN: ', -0.28743743922320975)
('\t- RAW VAL RATING: ', 0.43016232640834584)
('\t- PROBABILITY IS: ', 0.38688869887375149)
('\t- CORRESPONDS TO: ', 'sell')
('RATING FOR: ', 'gild')
('\t- STD ABOVE MEAN: ', 0.056548524375570321)
('\t- RAW VAL RATING: ', 0.47293334251236346)
('\t- PROBABILITY IS: ', 0.52254757976136623)
('\t- CORRESPONDS TO: ', 'buy')
('RATING FOR: ', 'xom')
('\t- STD ABOVE MEAN: ', -0.046832198421278198)
('\t- RAW VAL RATING: ', 0.46007904312953635)
('\t- PROBABILITY IS: ', 0.48132348327503788)
('\t- CORRESPONDS TO: ', 'sell')

PREDICTIONS FOR METHOD 1 BASED ON:
('\t- AVG: ', 0.48918113093411308)
('\t- STD: ', 0.37093774230062543)
('RATING FOR: ', 'amzn')
('\t- STD ABOVE MEAN: ', -0.059563124464099962)
('\t- RAW VAL RATING: ', 0.4670869200210287)
('\t- PROBABILITY IS: ', 0.47625179430663778)
('\t- CORRESPONDS TO: ', 'undecided')
('RATING FOR: ', 'amat')
('\t- STD ABOVE MEAN: ', -0.036935759189277051)
('\t- RAW VAL RATING: ', 0.47548026381028308)
('\t- PROBABILITY IS: ', 0.48526811374019924)
('\t- CORRESPONDS TO: ', 'undecided')
('RATING FOR: ', 'agn')
('\t- STD ABOVE MEAN: ', -0.19198694872411523)
('\t- RAW VAL RATING: ', 0.41796592562320384)
('\t- PROBABILITY IS: ', 0.42387621433372868)
('\t- CORRESPONDS TO: ', 'undecided')
('RATING FOR: ', 'goog')
('\t- STD ABOVE MEAN: ', -0.022729602597475536)
('\t- RAW VAL RATING: ', 0.48074986346321508)
('\t- PROBABILITY IS: ', 0.49093298123682233)
('\t- CORRESPONDS TO: ', 'undecided')
('RATING FOR: ', 'hd')
('\t- STD ABOVE MEAN: ', -0.056328832304413171)
('\t- RAW VAL RATING: ', 0.46828664105268353)
('\t- PROBABILITY IS: ', 0.4775399252173988)
('\t- CORRESPONDS TO: ', 'undecided')
('RATING FOR: ', 'lmt')
('\t- STD ABOVE MEAN: ', 0.028339794826585371)
('\t- RAW VAL RATING: ', 0.49969343044434961)
('\t- PROBABILITY IS: ', 0.51130442917328689)
('\t- CORRESPONDS TO: ', 'undecided')
('RATING FOR: ', 'data')
('\t- STD ABOVE MEAN: ', -0.015979876248708492)
('\t- RAW VAL RATING: ', 0.48325359171617377)
('\t- PROBABILITY IS: ', 0.49362522303669254)
('\t- CORRESPONDS TO: ', 'undecided')
('RATING FOR: ', 'nflx')
('\t- STD ABOVE MEAN: ', -0.11965750985883192)
('\t- RAW VAL RATING: ', 0.44479564437776314)
('\t- PROBABILITY IS: ', 0.4523772303320539)
('\t- CORRESPONDS TO: ', 'undecided')
('RATING FOR: ', 'aapl')
('\t- STD ABOVE MEAN: ', -0.037868088272345411)
('\t- RAW VAL RATING: ', 0.47513442776512849)
('\t- PROBABILITY IS: ', 0.48489642833019392)
('\t- CORRESPONDS TO: ', 'undecided')
('RATING FOR: ', 'ge')
('\t- STD ABOVE MEAN: ', -0.043076029591821878)
('\t- RAW VAL RATING: ', 0.47320260577004775)
('\t- PROBABILITY IS: ', 0.48282046358677522)
('\t- CORRESPONDS TO: ', 'undecided')
('RATING FOR: ', 'tsla')
('\t- STD ABOVE MEAN: ', 0.016293237272995465)
('\t- RAW VAL RATING: ', 0.49522490758292642)
('\t- PROBABILITY IS: ', 0.50649977364950705)
('\t- CORRESPONDS TO: ', 'undecided')
('RATING FOR: ', 'bac')
('\t- STD ABOVE MEAN: ', -0.057381871300336715)
('\t- RAW VAL RATING: ', 0.46789602914498113)
('\t- PROBABILITY IS: ', 0.4771205019059232)
('\t- CORRESPONDS TO: ', 'undecided')
('RATING FOR: ', 'nvda')
('\t- STD ABOVE MEAN: ', -0.037560905500532059)
('\t- RAW VAL RATING: ', 0.47524837344897858)
('\t- PROBABILITY IS: ', 0.48501888940093324)
('\t- CORRESPONDS TO: ', 'undecided')
('RATING FOR: ', 'baba')
('\t- STD ABOVE MEAN: ', -0.13953971557295433)
('\t- RAW VAL RATING: ', 0.43742058387820998)
('\t- PROBABILITY IS: ', 0.44451183721072668)
('\t- CORRESPONDS TO: ', 'undecided')
('RATING FOR: ', 'wmt')
('\t- STD ABOVE MEAN: ', -0.08617786518774706)
('\t- RAW VAL RATING: ', 0.45721450818508252)
('\t- PROBABILITY IS: ', 0.4656625131289891)
('\t- CORRESPONDS TO: ', 'undecided')
('RATING FOR: ', 'jpm')
('\t- STD ABOVE MEAN: ', -0.11929978866181878)
('\t- RAW VAL RATING: ', 0.44492833667095627)
('\t- PROBABILITY IS: ', 0.4525189254639958)
('\t- CORRESPONDS TO: ', 'undecided')
('RATING FOR: ', 'mu')
('\t- STD ABOVE MEAN: ', 0.0023060261012887171)
('\t- RAW VAL RATING: ', 0.49003652304981143)
('\t- PROBABILITY IS: ', 0.50091997049615011)
('\t- CORRESPONDS TO: ', 'undecided')
('RATING FOR: ', 'uaa')
('\t- STD ABOVE MEAN: ', -0.15910703238917184)
('\t- RAW VAL RATING: ', 0.4301623275555212)
('\t- PROBABILITY IS: ', 0.4367922738781993)
('\t- CORRESPONDS TO: ', 'undecided')
('RATING FOR: ', 'gild')
('\t- STD ABOVE MEAN: ', -0.044261084545342388)
('\t- RAW VAL RATING: ', 0.47276302416108668)
('\t- PROBABILITY IS: ', 0.48234814564525713)
('\t- CORRESPONDS TO: ', 'undecided')
('RATING FOR: ', 'xom')
('\t- STD ABOVE MEAN: ', -0.07845544730230844)
('\t- RAW VAL RATING: ', 0.4600790444406091)
('\t- PROBABILITY IS: ', 0.46873288441839578)
('\t- CORRESPONDS TO: ', 'undecided')

PREDICTIONS FOR METHOD 2 BASED ON:
('\t- AVG: ', 0.48918113093411308)
('\t- STD: ', 0.37093774230062543)
('RATING FOR: ', 'amzn')
('\t- STD ABOVE MEAN: ', -0.39587656926781806)
('\t- RAW VAL RATING: ', 0.3423355701001915)
('\t- PROBABILITY IS: ', 0.34609804350017292)
('\t- CORRESPONDS TO: ', 'undecided')
('RATING FOR: ', 'amat')
('\t- STD ABOVE MEAN: ', 0.12349433955728123)
('\t- RAW VAL RATING: ', 0.5349898424363978)
('\t- PROBABILITY IS: ', 0.54914217181926173)
('\t- CORRESPONDS TO: ', 'undecided')
('RATING FOR: ', 'agn')
('\t- STD ABOVE MEAN: ', -1.0857364540190106)
('\t- RAW VAL RATING: ', 0.086440501946814449)
('\t- PROBABILITY IS: ', 0.13879780383774276)
('\t- CORRESPONDS TO: ', 'sell')
('RATING FOR: ', 'goog')
('\t- STD ABOVE MEAN: ', 0.50331419827274204)
('\t- RAW VAL RATING: ', 0.67587936330925336)
('\t- PROBABILITY IS: ', 0.69262830720879742)
('\t- CORRESPONDS TO: ', 'buy')
('RATING FOR: ', 'hd')
('\t- STD ABOVE MEAN: ', -0.064286000041903879)
('\t- RAW VAL RATING: ', 0.46533502721703135)
('\t- PROBABILITY IS: ', 0.47437125037199485)
('\t- CORRESPONDS TO: ', 'undecided')
('RATING FOR: ', 'lmt')
('\t- STD ABOVE MEAN: ', 1.3556487997057984)
('\t- RAW VAL RATING: ', 0.99204243604953468)
('\t- PROBABILITY IS: ', 0.91239453140695082)
('\t- CORRESPONDS TO: ', 'buy')
('RATING FOR: ', 'data')
('\t- STD ABOVE MEAN: ', 0.10231074000656905)
('\t- RAW VAL RATING: ', 0.52713204584525608)
('\t- PROBABILITY IS: ', 0.54074498462442444)
('\t- CORRESPONDS TO: ', 'undecided')
('RATING FOR: ', 'nflx')
('\t- STD ABOVE MEAN: ', -0.60768106393185106)
('\t- RAW VAL RATING: ', 0.26376928904039021)
('\t- PROBABILITY IS: ', 0.27169951225236166)
('\t- CORRESPONDS TO: ', 'sell')
('RATING FOR: ', 'aapl')
('\t- STD ABOVE MEAN: ', 0.7583601000155259)
('\t- RAW VAL RATING: ', 0.77048551428474876)
('\t- PROBABILITY IS: ', 0.77588228137707826)
('\t- CORRESPONDS TO: ', 'buy')
('RATING FOR: ', 'ge')
('\t- STD ABOVE MEAN: ', 0.52984186792415444)
('\t- RAW VAL RATING: ', 0.68571947719824511)
('\t- PROBABILITY IS: ', 0.70188921302168217)
('\t- CORRESPONDS TO: ', 'buy')
('RATING FOR: ', 'tsla')
('\t- STD ABOVE MEAN: ', 0.86581937502725526)
('\t- RAW VAL RATING: ', 0.81034621514686167)
('\t- PROBABILITY IS: ', 0.80670538880692433)
('\t- CORRESPONDS TO: ', 'buy')
('RATING FOR: ', 'bac')
('\t- STD ABOVE MEAN: ', -0.23675285108480137)
('\t- RAW VAL RATING: ', 0.40136056286948069)
('\t- PROBABILITY IS: ', 0.40642426553023603)
('\t- CORRESPONDS TO: ', 'undecided')
('RATING FOR: ', 'nvda')
('\t- STD ABOVE MEAN: ', 0.46237094730020517)
('\t- RAW VAL RATING: ', 0.66069196623105264)
('\t- PROBABILITY IS: ', 0.67809233507191102)
('\t- CORRESPONDS TO: ', 'undecided')
('RATING FOR: ', 'baba')
('\t- STD ABOVE MEAN: ', -1.0658969040538584)
('\t- RAW VAL RATING: ', 0.093799739819148492)
('\t- PROBABILITY IS: ', 0.14323512433488239)
('\t- CORRESPONDS TO: ', 'sell')
('RATING FOR: ', 'wmt')
('\t- STD ABOVE MEAN: ', -0.11384007728390128)
('\t- RAW VAL RATING: ', 0.44695354968309403)
('\t- PROBABILITY IS: ', 0.45468228400494382)
('\t- CORRESPONDS TO: ', 'undecided')
('RATING FOR: ', 'jpm')
('\t- STD ABOVE MEAN: ', -0.1354182210690644)
('\t- RAW VAL RATING: ', 0.43894940174438735)
('\t- PROBABILITY IS: ', 0.44614060924919768)
('\t- CORRESPONDS TO: ', 'undecided')
('RATING FOR: ', 'mu')
('\t- STD ABOVE MEAN: ', 0.32761571723546978)
('\t- RAW VAL RATING: ', 0.61070616542763834)
('\t- PROBABILITY IS: ', 0.62839888168589852)
('\t- CORRESPONDS TO: ', 'undecided')
('RATING FOR: ', 'uaa')
('\t- STD ABOVE MEAN: ', -0.88554771138527222)
('\t- RAW VAL RATING: ', 0.16069806217337432)
('\t- PROBABILITY IS: ', 0.18793064937401843)
('\t- CORRESPONDS TO: ', 'sell')
('RATING FOR: ', 'gild')
('\t- STD ABOVE MEAN: ', 1.0608276597604869)
('\t- RAW VAL RATING: ', 0.88268214801572409)
('\t- PROBABILITY IS: ', 0.85561588521493059)
('\t- CORRESPONDS TO: ', 'buy')
('RATING FOR: ', 'xom')
('\t- STD ABOVE MEAN: ', -1.2737332620375377)
('\t- RAW VAL RATING: ', 0.016705390420697984)
('\t- PROBABILITY IS: ', 0.10137898207035495)
('\t- CORRESPONDS TO: ', 'sell')

PREDICTIONS FOR METHOD 3 BASED ON:
('\t- AVG: ', 0.48918113093411308)
('\t- STD: ', 0.37093774230062543)
('RATING FOR: ', 'amzn')
('\t- STD ABOVE MEAN: ', -0.059563124464099962)
('\t- RAW VAL RATING: ', 0.4670869200210287)
('\t- PROBABILITY IS: ', 0.47625179430663778)
('\t- CORRESPONDS TO: ', 'sell')
('RATING FOR: ', 'amat')
('\t- STD ABOVE MEAN: ', -0.036935759189277051)
('\t- RAW VAL RATING: ', 0.47548026381028308)
('\t- PROBABILITY IS: ', 0.48526811374019924)
('\t- CORRESPONDS TO: ', 'sell')
('RATING FOR: ', 'agn')
('\t- STD ABOVE MEAN: ', -0.19198694872411523)
('\t- RAW VAL RATING: ', 0.41796592562320384)
('\t- PROBABILITY IS: ', 0.42387621433372868)
('\t- CORRESPONDS TO: ', 'sell')
('RATING FOR: ', 'goog')
('\t- STD ABOVE MEAN: ', -0.022729602597475536)
('\t- RAW VAL RATING: ', 0.48074986346321508)
('\t- PROBABILITY IS: ', 0.49093298123682233)
('\t- CORRESPONDS TO: ', 'sell')
('RATING FOR: ', 'hd')
('\t- STD ABOVE MEAN: ', -0.056328832304413171)
('\t- RAW VAL RATING: ', 0.46828664105268353)
('\t- PROBABILITY IS: ', 0.4775399252173988)
('\t- CORRESPONDS TO: ', 'sell')
('RATING FOR: ', 'lmt')
('\t- STD ABOVE MEAN: ', 0.028339794826585371)
('\t- RAW VAL RATING: ', 0.49969343044434961)
('\t- PROBABILITY IS: ', 0.51130442917328689)
('\t- CORRESPONDS TO: ', 'buy')
('RATING FOR: ', 'data')
('\t- STD ABOVE MEAN: ', -0.015979876248708492)
('\t- RAW VAL RATING: ', 0.48325359171617377)
('\t- PROBABILITY IS: ', 0.49362522303669254)
('\t- CORRESPONDS TO: ', 'sell')
('RATING FOR: ', 'nflx')
('\t- STD ABOVE MEAN: ', -0.11965750985883192)
('\t- RAW VAL RATING: ', 0.44479564437776314)
('\t- PROBABILITY IS: ', 0.4523772303320539)
('\t- CORRESPONDS TO: ', 'sell')
('RATING FOR: ', 'aapl')
('\t- STD ABOVE MEAN: ', -0.037868088272345411)
('\t- RAW VAL RATING: ', 0.47513442776512849)
('\t- PROBABILITY IS: ', 0.48489642833019392)
('\t- CORRESPONDS TO: ', 'sell')
('RATING FOR: ', 'ge')
('\t- STD ABOVE MEAN: ', -0.043076029591821878)
('\t- RAW VAL RATING: ', 0.47320260577004775)
('\t- PROBABILITY IS: ', 0.48282046358677522)
('\t- CORRESPONDS TO: ', 'sell')
('RATING FOR: ', 'tsla')
('\t- STD ABOVE MEAN: ', 0.016293237272995465)
('\t- RAW VAL RATING: ', 0.49522490758292642)
('\t- PROBABILITY IS: ', 0.50649977364950705)
('\t- CORRESPONDS TO: ', 'buy')
('RATING FOR: ', 'bac')
('\t- STD ABOVE MEAN: ', -0.057381871300336715)
('\t- RAW VAL RATING: ', 0.46789602914498113)
('\t- PROBABILITY IS: ', 0.4771205019059232)
('\t- CORRESPONDS TO: ', 'sell')
('RATING FOR: ', 'nvda')
('\t- STD ABOVE MEAN: ', -0.037560905500532059)
('\t- RAW VAL RATING: ', 0.47524837344897858)
('\t- PROBABILITY IS: ', 0.48501888940093324)
('\t- CORRESPONDS TO: ', 'sell')
('RATING FOR: ', 'baba')
('\t- STD ABOVE MEAN: ', -0.13953971557295433)
('\t- RAW VAL RATING: ', 0.43742058387820998)
('\t- PROBABILITY IS: ', 0.44451183721072668)
('\t- CORRESPONDS TO: ', 'sell')
('RATING FOR: ', 'wmt')
('\t- STD ABOVE MEAN: ', -0.08617786518774706)
('\t- RAW VAL RATING: ', 0.45721450818508252)
('\t- PROBABILITY IS: ', 0.4656625131289891)
('\t- CORRESPONDS TO: ', 'sell')
('RATING FOR: ', 'jpm')
('\t- STD ABOVE MEAN: ', -0.11929978866181878)
('\t- RAW VAL RATING: ', 0.44492833667095627)
('\t- PROBABILITY IS: ', 0.4525189254639958)
('\t- CORRESPONDS TO: ', 'sell')
('RATING FOR: ', 'mu')
('\t- STD ABOVE MEAN: ', 0.0023060261012887171)
('\t- RAW VAL RATING: ', 0.49003652304981143)
('\t- PROBABILITY IS: ', 0.50091997049615011)
('\t- CORRESPONDS TO: ', 'buy')
('RATING FOR: ', 'uaa')
('\t- STD ABOVE MEAN: ', -0.15910703238917184)
('\t- RAW VAL RATING: ', 0.4301623275555212)
('\t- PROBABILITY IS: ', 0.4367922738781993)
('\t- CORRESPONDS TO: ', 'sell')
('RATING FOR: ', 'gild')
('\t- STD ABOVE MEAN: ', -0.044261084545342388)
('\t- RAW VAL RATING: ', 0.47276302416108668)
('\t- PROBABILITY IS: ', 0.48234814564525713)
('\t- CORRESPONDS TO: ', 'sell')
('RATING FOR: ', 'xom')
('\t- STD ABOVE MEAN: ', -0.07845544730230844)
('\t- RAW VAL RATING: ', 0.4600790444406091)
('\t- PROBABILITY IS: ', 0.46873288441839578)
('\t- CORRESPONDS TO: ', 'sell')

PREDICTIONS FOR METHOD 4 BASED ON:
('\t- AVG: ', 0.46590213164136696)
('\t- STD: ', 0.12433942262221222)
('RATING FOR: ', 'amzn')
('\t- STD ABOVE MEAN: ', 0.0095286623878056021)
('\t- RAW VAL RATING: ', 0.4670869200210287)
('\t- PROBABILITY IS: ', 0.50380132877821393)
('\t- CORRESPONDS TO: ', 'undecided')
('RATING FOR: ', 'amat')
('\t- STD ABOVE MEAN: ', 0.077032142878915591)
('\t- RAW VAL RATING: ', 0.47548026381028308)
('\t- PROBABILITY IS: ', 0.53070101269509151)
('\t- CORRESPONDS TO: ', 'undecided')
('RATING FOR: ', 'agn')
('\t- STD ABOVE MEAN: ', -0.38552701152401608)
('\t- RAW VAL RATING: ', 0.41796592562320384)
('\t- PROBABILITY IS: ', 0.34992349893929731)
('\t- CORRESPONDS TO: ', 'undecided')
('RATING FOR: ', 'goog')
('\t- STD ABOVE MEAN: ', 0.11941290629087814)
('\t- RAW VAL RATING: ', 0.48074986346321508)
('\t- PROBABILITY IS: ', 0.54752588164186644)
('\t- CORRESPONDS TO: ', 'undecided')
('RATING FOR: ', 'hd')
('\t- STD ABOVE MEAN: ', 0.019177420652511521)
('\t- RAW VAL RATING: ', 0.46828664105268353)
('\t- PROBABILITY IS: ', 0.50765021500011276)
('\t- CORRESPONDS TO: ', 'undecided')
('RATING FOR: ', 'lmt')
('\t- STD ABOVE MEAN: ', 0.27176657322635911)
('\t- RAW VAL RATING: ', 0.49969343044434961)
('\t- PROBABILITY IS: ', 0.60709924556864514)
('\t- CORRESPONDS TO: ', 'undecided')
('RATING FOR: ', 'data')
('\t- STD ABOVE MEAN: ', 0.13954914466288601)
('\t- RAW VAL RATING: ', 0.48325359171617377)
('\t- PROBABILITY IS: ', 0.5554918880048646)
('\t- CORRESPONDS TO: ', 'undecided')
('RATING FOR: ', 'nflx')
('\t- STD ABOVE MEAN: ', -0.16974895667428741)
('\t- RAW VAL RATING: ', 0.44479564437776314)
('\t- PROBABILITY IS: ', 0.43260378543956918)
('\t- CORRESPONDS TO: ', 'undecided')
('RATING FOR: ', 'aapl')
('\t- STD ABOVE MEAN: ', 0.074250755947392152)
('\t- RAW VAL RATING: ', 0.47513442776512849)
('\t- PROBABILITY IS: ', 0.52959457006465038)
('\t- CORRESPONDS TO: ', 'undecided')
('RATING FOR: ', 'ge')
('\t- STD ABOVE MEAN: ', 0.058714074544661911)
('\t- RAW VAL RATING: ', 0.47320260577004775)
('\t- PROBABILITY IS: ', 0.52341007559345387)
('\t- CORRESPONDS TO: ', 'undecided')
('RATING FOR: ', 'tsla')
('\t- STD ABOVE MEAN: ', 0.23582847115715327)
('\t- RAW VAL RATING: ', 0.49522490758292642)
('\t- PROBABILITY IS: ', 0.59321711281039347)
('\t- CORRESPONDS TO: ', 'undecided')
('RATING FOR: ', 'bac')
('\t- STD ABOVE MEAN: ', 0.016035923776744152)
('\t- RAW VAL RATING: ', 0.46789602914498113)
('\t- PROBABILITY IS: ', 0.50639713382726126)
('\t- CORRESPONDS TO: ', 'undecided')
('RATING FOR: ', 'nvda')
('\t- STD ABOVE MEAN: ', 0.075167164287137295)
('\t- RAW VAL RATING: ', 0.47524837344897858)
('\t- PROBABILITY IS: ', 0.52995914523859911)
('\t- CORRESPONDS TO: ', 'undecided')
('RATING FOR: ', 'baba')
('\t- STD ABOVE MEAN: ', -0.22906289222280002)
('\t- RAW VAL RATING: ', 0.43742058387820998)
('\t- PROBABILITY IS: ', 0.4094100172038504)
('\t- CORRESPONDS TO: ', 'undecided')
('RATING FOR: ', 'wmt')
('\t- STD ABOVE MEAN: ', -0.069870225171308295)
('\t- RAW VAL RATING: ', 0.45721450818508252)
('\t- PROBABILITY IS: ', 0.47214847603223775)
('\t- CORRESPONDS TO: ', 'undecided')
('RATING FOR: ', 'jpm')
('\t- STD ABOVE MEAN: ', -0.16868177869971779)
('\t- RAW VAL RATING: ', 0.44492833667095627)
('\t- PROBABILITY IS: ', 0.43302347594037893)
('\t- CORRESPONDS TO: ', 'undecided')
('RATING FOR: ', 'mu')
('\t- STD ABOVE MEAN: ', 0.19410088047274773)
('\t- RAW VAL RATING: ', 0.49003652304981143)
('\t- PROBABILITY IS: ', 0.57695155388948982)
('\t- CORRESPONDS TO: ', 'undecided')
('RATING FOR: ', 'uaa')
('\t- STD ABOVE MEAN: ', -0.28743742999705019)
('\t- RAW VAL RATING: ', 0.4301623275555212)
('\t- PROBABILITY IS: ', 0.38688870240550399)
('\t- CORRESPONDS TO: ', 'undecided')
('RATING FOR: ', 'gild')
('\t- STD ABOVE MEAN: ', 0.055178738770289872)
('\t- RAW VAL RATING: ', 0.47276302416108668)
('\t- PROBABILITY IS: ', 0.5220019664356087)
('\t- CORRESPONDS TO: ', 'undecided')
('RATING FOR: ', 'xom')
('\t- STD ABOVE MEAN: ', -0.046832187876973561)
('\t- RAW VAL RATING: ', 0.4600790444406091)
('\t- PROBABILITY IS: ', 0.48132348747699633)
('\t- CORRESPONDS TO: ', 'undecided')

PREDICTIONS FOR METHOD 5 BASED ON:
('\t- AVG: ', 0.46590213164136696)
('\t- STD: ', 0.12433942262221222)
('RATING FOR: ', 'amzn')
('\t- STD ABOVE MEAN: ', 0.24223041692698774)
('\t- RAW VAL RATING: ', 0.49602092182360635)
('\t- PROBABILITY IS: ', 0.59569918628616481)
('\t- CORRESPONDS TO: ', 'undecided')
('RATING FOR: ', 'amat')
('\t- STD ABOVE MEAN: ', 0.86122250479800655)
('\t- RAW VAL RATING: ', 0.57298604063720648)
('\t- PROBABILITY IS: ', 0.80544224623188643)
('\t- CORRESPONDS TO: ', 'buy')
('RATING FOR: ', 'agn')
('\t- STD ABOVE MEAN: ', -2.1076752248915507)
('\t- RAW VAL RATING: ', 0.20383501110321028)
('\t- PROBABILITY IS: ', 0.017529545873389344)
('\t- CORRESPONDS TO: ', 'sell')
('RATING FOR: ', 'goog')
('\t- STD ABOVE MEAN: ', 1.4007680455793112)
('\t- RAW VAL RATING: ', 0.64007282165634316)
('\t- PROBABILITY IS: ', 0.91935827646883417)
('\t- CORRESPONDS TO: ', 'buy')
('RATING FOR: ', 'hd')
('\t- STD ABOVE MEAN: ', 0.024130478179271268)
('\t- RAW VAL RATING: ', 0.46890250136577544)
('\t- PROBABILITY IS: ', 0.50962573383760479)
('\t- CORRESPONDS TO: ', 'undecided')
('RATING FOR: ', 'lmt')
('\t- STD ABOVE MEAN: ', 1.5123773624815384)
('\t- RAW VAL RATING: ', 0.6539502596792256)
('\t- PROBABILITY IS: ', 0.93478105478158002)
('\t- CORRESPONDS TO: ', 'buy')
('RATING FOR: ', 'data')
('\t- STD ABOVE MEAN: ', 0.26324081603906174)
('\t- RAW VAL RATING: ', 0.49863334271826387)
('\t- PROBABILITY IS: ', 0.60381751340929135)
('\t- CORRESPONDS TO: ', 'undecided')
('RATING FOR: ', 'nflx')
('\t- STD ABOVE MEAN: ', -0.93062521306632884)
('\t- RAW VAL RATING: ', 0.3501887299710264)
('\t- PROBABILITY IS: ', 0.1760237338015353)
('\t- CORRESPONDS TO: ', 'sell')
('RATING FOR: ', 'aapl')
('\t- STD ABOVE MEAN: ', 0.64165251679344426)
('\t- RAW VAL RATING: ', 0.54568483510355315)
('\t- PROBABILITY IS: ', 0.73945058695444332)
('\t- CORRESPONDS TO: ', 'buy')
('RATING FOR: ', 'ge')
('\t- STD ABOVE MEAN: ', 0.24062669005161055)
('\t- RAW VAL RATING: ', 0.49582151534987823)
('\t- PROBABILITY IS: ', 0.59507776889142527)
('\t- CORRESPONDS TO: ', 'undecided')
('RATING FOR: ', 'tsla')
('\t- STD ABOVE MEAN: ', 1.5063375519886226)
('\t- RAW VAL RATING: ', 0.65319927312978887)
('\t- PROBABILITY IS: ', 0.9340097285917579)
('\t- CORRESPONDS TO: ', 'buy')
('RATING FOR: ', 'bac')
('\t- STD ABOVE MEAN: ', 0.30483129957602201)
('\t- RAW VAL RATING: ', 0.50380467942782814)
('\t- PROBABILITY IS: ', 0.61975267914262999)
('\t- CORRESPONDS TO: ', 'undecided')
('RATING FOR: ', 'nvda')
('\t- STD ABOVE MEAN: ', 0.58335298096393651)
('\t- RAW VAL RATING: ', 0.53843590447936918)
('\t- PROBABILITY IS: ', 0.72017214831710508)
('\t- CORRESPONDS TO: ', 'buy')
('RATING FOR: ', 'baba')
('\t- STD ABOVE MEAN: ', -1.0690839195544311)
('\t- RAW VAL RATING: ', 0.33297285434927743)
('\t- PROBABILITY IS: ', 0.14251592841191701)
('\t- CORRESPONDS TO: ', 'sell')
('RATING FOR: ', 'wmt')
('\t- STD ABOVE MEAN: ', -0.43906718244554643)
('\t- RAW VAL RATING: ', 0.4113087716837262)
('\t- PROBABILITY IS: ', 0.33030642872092342)
('\t- CORRESPONDS TO: ', 'undecided')
('RATING FOR: ', 'jpm')
('\t- STD ABOVE MEAN: ', -0.60474824767456814)
('\t- RAW VAL RATING: ', 0.39070808369371657)
('\t- PROBABILITY IS: ', 0.27267314244836782)
('\t- CORRESPONDS TO: ', 'sell')
('RATING FOR: ', 'mu')
('\t- STD ABOVE MEAN: ', 0.71230373343662334)
('\t- RAW VAL RATING: ', 0.55446956658852287)
('\t- PROBABILITY IS: ', 0.76186164367328835)
('\t- CORRESPONDS TO: ', 'buy')
('RATING FOR: ', 'uaa')
('\t- STD ABOVE MEAN: ', -1.1826853864307942)
('\t- RAW VAL RATING: ', 0.31884771354883407)
('\t- PROBABILITY IS: ', 0.11846692897652483)
('\t- CORRESPONDS TO: ', 'sell')
('RATING FOR: ', 'gild')
('\t- STD ABOVE MEAN: ', 0.10112627352117028)
('\t- RAW VAL RATING: ', 0.47847611410292518)
('\t- PROBABILITY IS: ', 0.54027488915029021)
('\t- CORRESPONDS TO: ', 'undecided')
('RATING FOR: ', 'xom')
('\t- STD ABOVE MEAN: ', -0.6667169808685528)
('\t- RAW VAL RATING: ', 0.38300292718774659)
('\t- PROBABILITY IS: ', 0.25247646504504762)
('\t- CORRESPONDS TO: ', 'sell')

PREDICTIONS FOR METHOD 6 BASED ON:
('\t- AVG: ', 0.46590213164136696)
('\t- STD: ', 0.12433942262221222)
('RATING FOR: ', 'amzn')
('\t- STD ABOVE MEAN: ', 0.0095286623878056021)
('\t- RAW VAL RATING: ', 0.4670869200210287)
('\t- PROBABILITY IS: ', 0.50380132877821393)
('\t- CORRESPONDS TO: ', 'buy')
('RATING FOR: ', 'amat')
('\t- STD ABOVE MEAN: ', 0.077032142878915591)
('\t- RAW VAL RATING: ', 0.47548026381028308)
('\t- PROBABILITY IS: ', 0.53070101269509151)
('\t- CORRESPONDS TO: ', 'buy')
('RATING FOR: ', 'agn')
('\t- STD ABOVE MEAN: ', -0.38552701152401608)
('\t- RAW VAL RATING: ', 0.41796592562320384)
('\t- PROBABILITY IS: ', 0.34992349893929731)
('\t- CORRESPONDS TO: ', 'sell')
('RATING FOR: ', 'goog')
('\t- STD ABOVE MEAN: ', 0.11941290629087814)
('\t- RAW VAL RATING: ', 0.48074986346321508)
('\t- PROBABILITY IS: ', 0.54752588164186644)
('\t- CORRESPONDS TO: ', 'buy')
('RATING FOR: ', 'hd')
('\t- STD ABOVE MEAN: ', 0.019177420652511521)
('\t- RAW VAL RATING: ', 0.46828664105268353)
('\t- PROBABILITY IS: ', 0.50765021500011276)
('\t- CORRESPONDS TO: ', 'buy')
('RATING FOR: ', 'lmt')
('\t- STD ABOVE MEAN: ', 0.27176657322635911)
('\t- RAW VAL RATING: ', 0.49969343044434961)
('\t- PROBABILITY IS: ', 0.60709924556864514)
('\t- CORRESPONDS TO: ', 'buy')
('RATING FOR: ', 'data')
('\t- STD ABOVE MEAN: ', 0.13954914466288601)
('\t- RAW VAL RATING: ', 0.48325359171617377)
('\t- PROBABILITY IS: ', 0.5554918880048646)
('\t- CORRESPONDS TO: ', 'buy')
('RATING FOR: ', 'nflx')
('\t- STD ABOVE MEAN: ', -0.16974895667428741)
('\t- RAW VAL RATING: ', 0.44479564437776314)
('\t- PROBABILITY IS: ', 0.43260378543956918)
('\t- CORRESPONDS TO: ', 'sell')
('RATING FOR: ', 'aapl')
('\t- STD ABOVE MEAN: ', 0.074250755947392152)
('\t- RAW VAL RATING: ', 0.47513442776512849)
('\t- PROBABILITY IS: ', 0.52959457006465038)
('\t- CORRESPONDS TO: ', 'buy')
('RATING FOR: ', 'ge')
('\t- STD ABOVE MEAN: ', 0.058714074544661911)
('\t- RAW VAL RATING: ', 0.47320260577004775)
('\t- PROBABILITY IS: ', 0.52341007559345387)
('\t- CORRESPONDS TO: ', 'buy')
('RATING FOR: ', 'tsla')
('\t- STD ABOVE MEAN: ', 0.23582847115715327)
('\t- RAW VAL RATING: ', 0.49522490758292642)
('\t- PROBABILITY IS: ', 0.59321711281039347)
('\t- CORRESPONDS TO: ', 'buy')
('RATING FOR: ', 'bac')
('\t- STD ABOVE MEAN: ', 0.016035923776744152)
('\t- RAW VAL RATING: ', 0.46789602914498113)
('\t- PROBABILITY IS: ', 0.50639713382726126)
('\t- CORRESPONDS TO: ', 'buy')
('RATING FOR: ', 'nvda')
('\t- STD ABOVE MEAN: ', 0.075167164287137295)
('\t- RAW VAL RATING: ', 0.47524837344897858)
('\t- PROBABILITY IS: ', 0.52995914523859911)
('\t- CORRESPONDS TO: ', 'buy')
('RATING FOR: ', 'baba')
('\t- STD ABOVE MEAN: ', -0.22906289222280002)
('\t- RAW VAL RATING: ', 0.43742058387820998)
('\t- PROBABILITY IS: ', 0.4094100172038504)
('\t- CORRESPONDS TO: ', 'sell')
('RATING FOR: ', 'wmt')
('\t- STD ABOVE MEAN: ', -0.069870225171308295)
('\t- RAW VAL RATING: ', 0.45721450818508252)
('\t- PROBABILITY IS: ', 0.47214847603223775)
('\t- CORRESPONDS TO: ', 'sell')
('RATING FOR: ', 'jpm')
('\t- STD ABOVE MEAN: ', -0.16868177869971779)
('\t- RAW VAL RATING: ', 0.44492833667095627)
('\t- PROBABILITY IS: ', 0.43302347594037893)
('\t- CORRESPONDS TO: ', 'sell')
('RATING FOR: ', 'mu')
('\t- STD ABOVE MEAN: ', 0.19410088047274773)
('\t- RAW VAL RATING: ', 0.49003652304981143)
('\t- PROBABILITY IS: ', 0.57695155388948982)
('\t- CORRESPONDS TO: ', 'buy')
('RATING FOR: ', 'uaa')
('\t- STD ABOVE MEAN: ', -0.28743742999705019)
('\t- RAW VAL RATING: ', 0.4301623275555212)
('\t- PROBABILITY IS: ', 0.38688870240550399)
('\t- CORRESPONDS TO: ', 'sell')
('RATING FOR: ', 'gild')
('\t- STD ABOVE MEAN: ', 0.055178738770289872)
('\t- RAW VAL RATING: ', 0.47276302416108668)
('\t- PROBABILITY IS: ', 0.5220019664356087)
('\t- CORRESPONDS TO: ', 'buy')
('RATING FOR: ', 'xom')
('\t- STD ABOVE MEAN: ', -0.046832187876973561)
('\t- RAW VAL RATING: ', 0.4600790444406091)
('\t- PROBABILITY IS: ', 0.48132348747699633)
('\t- CORRESPONDS TO: ', 'sell')

Analysis Avg Percent Difference: 9.53210205181e-07%
Prediction Avg Percent Difference: 0.00631145996944%

Analysis Speedup: Kernel = 142.449846415, Function = 2.66231634179
Prediction Speedup: Kernel = 30.9316278316, Function = 6.13342084254

Done
