Loading word weights
Analyzing weights with gpu
[1650, 1543, 2149, 1340, 1009, 944, 748, 840, 903, 279, 349, 798, 1273, 556, 606, 1589, 111, 1350, 2468, 1176, 485, 376, 674, 40, 94, 73]
[1650 1543 2149 1340 1009  944  748  840  903  279  349  798 1273  556  606
 1589  111 1350 2468 1176  485  376  674   40   94   73]
227.268
177.411
154.68
9.46667
0.0
211.447
148.35
66.9398
0.75
0.0
227.476
189.145
175.538
129.481
10.6089
220.239
171.704
64.1072
0.0
0.0
217.7
122.004
0.0
0.0
0.0
215.604
109.067
0.0
0.0
0.0
176.875
50.1225
0.0
0.0
0.0
208.392
85.9368
0.0
0.0
0.0
195.469
97.7719
0.0
0.0
0.0
91.4158
0.0
0.0
0.0
0.0
121.356
0.0
0.0
0.0
0.0
209.386
65.3675
0.0
0.0
0.0
227.506
142.625
51.7633
0.0
0.0
180.025
7.22024
0.0
0.0
0.0
181.347
14.7984
0.0
0.0
0.0
222.218
185.912
130.958
2.66667
0.0
33.1868
0.0
0.0
0.0
0.0
225.495
173.032
67.8318
0.0
0.0
236.5
192.053
178.123
139.719
76.0017
216.911
170.271
23.6434
0.0
0.0
158.796
0.0
0.0
0.0
0.0
122.969
0.0
0.0
0.0
0.0
194.138
38.0941
0.0
0.0
0.0
11.7408
0.0
0.0
0.0
0.0
32.5608
0.0
0.0
0.0
0.0
19.0806
0.0
0.0
0.0
0.0
Traceback (most recent call last):
  File "stock_market_prediction.py", line 2260, in <module>
    main()
  File "stock_market_prediction.py", line 2134, in main
    if not analyze_weights_gpu():
  File "stock_market_prediction.py", line 1054, in analyze_weights_gpu
    cl.enqueue_copy(queue, out_std_sum, out_std_sum_buff)
  File "/opt/miniconda/lib/python2.7/site-packages/pyopencl-2015.1-py2.7-linux-x86_64.egg/pyopencl/__init__.py", line 1086, in enqueue_copy
    return _cl._enqueue_read_buffer(queue, src, dest, **kwargs)
pyopencl.RuntimeError: clEnqueueReadBuffer failed: out of resources
