Loading word weights
Loading articles
Analyzing weights with gpu
out: 129.846848]out: 0.000000]out: 128.715271]out: 40.335419]out: 92.562080]out: 387.799072]out: 58.218029]out: 384.199829][dif: 0.087856][dif: 0.000016][dif: 0.000102][dif: 0.000030][dif: 0.000000][dif: 0.000092][dif: 0.000300][dif: 0.000008][dif: 0.001840][dif: 0.001285]out: 27.135525]out: 699.047424](27.135525, ', ', 58.218029, ', ', 92.56208, ', ', 128.71527, ', ', 129.84685, ', ', 37.876549, ', ', 80.087799)
PREDICTIONS BASED ON:
('\t- AVG: ', 0.50359421560663375)
('\t- STD: ', 0.7813341985084096)
[ 0.48018649  0.52587992  0.50234115  0.51502329  0.50853658  0.51502329
  0.50152266  0.51370597  0.50862259  0.52978057]
('RATING FOR: ', 'amzn')
('\t- STD ABOVE MEAN: ', -0.015887390173435208)
('\t- RAW VAL RATING: ', 0.49118085433908237)
('\t- PROBABILITY IS: ', 0.49366211495908413)
('\t- CORRESPONDS TO: ', 'undecided')
[ 0.55807084  0.55713606  0.58575851  0.49949566  0.51785719  0.54497355
  0.50375503  0.53999996  0.56026363  0.51418746]
('RATING FOR: ', 'amat')
('\t- STD ABOVE MEAN: ', -0.0017158832877204782)
('\t- RAW VAL RATING: ', 0.5022535373132887)
('\t- PROBABILITY IS: ', 0.49931546194420323)
('\t- CORRESPONDS TO: ', 'undecided')
[ 0.33946031  0.41032735  0.52457392  0.30831495  0.54025424  0.45637587
  0.50856626  0.51952326  0.50312603  0.46245059]
('RATING FOR: ', 'agn')
('\t- STD ABOVE MEAN: ', -0.030031732397232933)
('\t- RAW VAL RATING: ', 0.48012939604422272)
('\t- PROBABILITY IS: ', 0.48802087289244389)
('\t- CORRESPONDS TO: ', 'undecided')
[ 0.51502329  0.38461539  0.36538461  0.41853932  0.51737452  0.69148934
  0.50146914  0.51502329  0.49691132  0.54545456]
('RATING FOR: ', 'goog')
('\t- STD ABOVE MEAN: ', -0.011137732347827676)
('\t- RAW VAL RATING: ', 0.49489192442944263)
('\t- PROBABILITY IS: ', 0.4955567795217502)
('\t- CORRESPONDS TO: ', 'undecided')
[ 1.          0.51358694  0.44827586  0.40528631  0.51502329  1.          1.
  0.77500004  0.50746268  0.51952326]
('RATING FOR: ', 'hd')
('\t- STD ABOVE MEAN: ', 0.065190568585908687)
('\t- RAW VAL RATING: ', 0.55452983626301222)
('\t- PROBABILITY IS: ', 0.52598886483265772)
('\t- CORRESPONDS TO: ', 'undecided')
[ 0.61526394  0.60834587  0.53779262  0.60408783  0.46239316  0.53618419
  0.60869569  0.50908887  0.44444445  0.54580897]
('RATING FOR: ', 'lmt')
('\t- STD ABOVE MEAN: ', 0.0046106103056902815)
('\t- RAW VAL RATING: ', 0.50719664311446488)
('\t- PROBABILITY IS: ', 0.50183936087262015)
('\t- CORRESPONDS TO: ', 'undecided')
[ 0.          0.          0.64102566  0.04        0.51699281  0.49253732
  0.54518521  0.51569426  0.51502329  0.46734956]
('RATING FOR: ', 'data')
('\t- STD ABOVE MEAN: ', -0.074861398608094792)
('\t- RAW VAL RATING: ', 0.44510244472595945)
('\t- PROBABILITY IS: ', 0.47016249489310685)
('\t- CORRESPONDS TO: ', 'undecided')
[ 0.48949715  0.50877196  0.4130435   0.51169187  0.52229601  0.52978057
  0.52410579  0.56344414  0.51415092  0.45945942]
('RATING FOR: ', 'nflx')
('\t- STD ABOVE MEAN: ', -0.0031355688737242115)
('\t- RAW VAL RATING: ', 0.50114428841381453)
('\t- PROBABILITY IS: ', 0.49874909105294052)
('\t- CORRESPONDS TO: ', 'undecided')
[ 0.9135803   0.51502329  0.52597404  0.49691132  0.49421489  0.44329554
  0.52359158  0.5         0.71698117  0.51052821]
('RATING FOR: ', 'aapl')
('\t- STD ABOVE MEAN: ', -0.03127203195730073)
('\t- RAW VAL RATING: ', 0.47916030758154682)
('\t- PROBABILITY IS: ', 0.48752629738005093)
('\t- CORRESPONDS TO: ', 'undecided')
[ 0.55555558  0.52978057  0.52457392  0.55555558  0.46058095  0.52978057
  0.52457392  0.55555558  0.61538464  0.54686278]
('RATING FOR: ', 'ge')
('\t- STD ABOVE MEAN: ', -0.05521983938269804)
('\t- RAW VAL RATING: ', 0.46044906666079027)
('\t- PROBABILITY IS: ', 0.47798166175350038)
('\t- CORRESPONDS TO: ', 'undecided')
[ 0.51418746  0.49593499  0.38095242  0.38461539  0.51178449  0.38567072
  0.58064514  0.53770494  0.49362579  0.48514852]
('RATING FOR: ', 'tsla')
('\t- STD ABOVE MEAN: ', -0.01619107789154714)
('\t- RAW VAL RATING: ', 0.49094357273925454)
('\t- PROBABILITY IS: ', 0.49354097667159619)
('\t- CORRESPONDS TO: ', 'undecided')
[ 0.48144192  0.48467088  0.54686278  0.52457392  0.52222222  0.46052632
  0.5132665   0.51502329  0.56014365  0.51738685]
('RATING FOR: ', 'bac')
('\t- STD ABOVE MEAN: ', 0.017221398388244449)
('\t- RAW VAL RATING: ', 0.51704988311350675)
('\t- PROBABILITY IS: ', 0.50687000436264973)
('\t- CORRESPONDS TO: ', 'undecided')
[ 0.50069755  0.43942136  0.54686278  0.54937822  0.51052821  0.51094532
  0.51909161  0.51058966  0.49547473  0.49691132]
('RATING FOR: ', 'nvda')
('\t- STD ABOVE MEAN: ', -0.01256684096912539)
('\t- RAW VAL RATING: ', 0.49377531299023952)
('\t- PROBABILITY IS: ', 0.49498668776164917)
('\t- CORRESPONDS TO: ', 'undecided')
[ 0.46145496  0.5131579   0.36161613  0.47465655  0.44736841  0.44941306
  0.37126246  0.48156184  0.50908887  0.54025424]
('RATING FOR: ', 'baba')
('\t- STD ABOVE MEAN: ', -0.054830451452919989)
('\t- RAW VAL RATING: ', 0.46075330876681225)
('\t- PROBABILITY IS: ', 0.47813677006746835)
('\t- CORRESPONDS TO: ', 'undecided')
[ 0.46145496  0.5131579   0.58238792  0.58243537  0.58809745  0.52978057
  0.65784729  0.31578946  0.50908887  0.54025424]
('RATING FOR: ', 'wmt')
('\t- STD ABOVE MEAN: ', 0.0062626923708913726)
('\t- RAW VAL RATING: ', 0.5084874713307489)
('\t- PROBABILITY IS: ', 0.50249843644389125)
('\t- CORRESPONDS TO: ', 'undecided')
[ 0.45682734  0.50470066  0.52457392  0.43297103  0.44736841  0.50152266
  0.57333332  0.50719428  0.51502329  0.52380955]
('RATING FOR: ', 'jpm')
('\t- STD ABOVE MEAN: ', 0.0029072329988126208)
('\t- RAW VAL RATING: ', 0.50586573617163821)
('\t- PROBABILITY IS: ', 0.5011598165284088)
('\t- CORRESPONDS TO: ', 'undecided')
[ 0.50069755  0.58213252  0.50616795  0.47465655  0.2962963   0.4879227
  0.50903386  0.50174993  0.5132665   0.51502329]
('RATING FOR: ', 'mu')
('\t- STD ABOVE MEAN: ', -0.028456341481136141)
('\t- RAW VAL RATING: ', 0.48136030284298864)
('\t- PROBABILITY IS: ', 0.48864909418292962)
('\t- CORRESPONDS TO: ', 'undecided')
[ 0.53548384  0.55431753  0.625       0.63829786  0.51463747  0.75757575
  0.81818187  0.82758617  0.45698926  0.54265738]
('RATING FOR: ', 'uaa')
('\t- STD ABOVE MEAN: ', 0.060470163707885043)
('\t- RAW VAL RATING: ', 0.55084162250100643)
('\t- PROBABILITY IS: ', 0.52410941086909579)
('\t- CORRESPONDS TO: ', 'undecided')
[ 0.4641304   0.45885715  0.52978057  0.52410579  0.41441444  0.50908887
  0.          0.54686278  0.52410579  0.        ]
('RATING FOR: ', 'gild')
('\t- STD ABOVE MEAN: ', -0.01588231036895129)
('\t- RAW VAL RATING: ', 0.4911848233640474)
('\t- PROBABILITY IS: ', 0.49366414125220709)
('\t- CORRESPONDS TO: ', 'undecided')
[ 0.46145496  0.5131579   0.59116334  0.5908832   0.54686278  0.54957163
  0.31578946  0.50908887  0.54025424  0.50312603]
('RATING FOR: ', 'xom')
('\t- STD ABOVE MEAN: ', 0.022102004342429309)
('\t- RAW VAL RATING: ', 0.52086326745495515)
('\t- PROBABILITY IS: ', 0.50881670618320241)
('\t- CORRESPONDS TO: ', 'undecided')
PREDICTIONS BASED ON:
('\t- AVG: ', 0.50359421560663375)
('\t- STD: ', 0.7813341985084096)
Traceback (most recent call last):
  File "stock_market_prediction.py", line 2631, in <module>
    main()
  File "stock_market_prediction.py", line 2537, in main
    predict_movement2(specified_day)
  File "stock_market_prediction.py", line 1605, in predict_movement2
    stock_rating = stock_rating_sum / stock_rating_cnt
ZeroDivisionError: integer division or modulo by zero
