Loading word weights
Loading articles
Analyzing weights

PREDICTIONS FOR METHOD 1 BASED ON:
('\t- AVG: ', 0.1835405355230518)
('\t- STD: ', 0.33007796168640513)
('RATING FOR: ', 'amzn')
('\t- STD ABOVE MEAN: ', -0.13570564435731422)
('\t- RAW VAL RATING: ', 0.13874709304424931)
('\t- PROBABILITY IS: ', 0.44602699272607083)
('\t- CORRESPONDS TO: ', 'undecided')
('RATING FOR: ', 'amat')
('\t- STD ABOVE MEAN: ', -0.087645637753176728)
('\t- RAW VAL RATING: ', 0.15461064206277819)
('\t- PROBABILITY IS: ', 0.46507916402083882)
('\t- CORRESPONDS TO: ', 'undecided')
('RATING FOR: ', 'agn')
('\t- STD ABOVE MEAN: ', -0.092278936834632036)
('\t- RAW VAL RATING: ', 0.15308129214608793)
('\t- PROBABILITY IS: ', 0.46323821146337124)
('\t- CORRESPONDS TO: ', 'undecided')
('RATING FOR: ', 'goog')
('\t- STD ABOVE MEAN: ', -0.084958512240824582)
('\t- RAW VAL RATING: ', 0.15549760297469092)
('\t- PROBABILITY IS: ', 0.46614718692227997)
('\t- CORRESPONDS TO: ', 'undecided')
('RATING FOR: ', 'hd')
('\t- STD ABOVE MEAN: ', 0.010541573807061768)
('\t- RAW VAL RATING: ', 0.18702007671825355)
('\t- PROBABILITY IS: ', 0.50420540160607807)
('\t- CORRESPONDS TO: ', 'undecided')
('RATING FOR: ', 'lmt')
('\t- STD ABOVE MEAN: ', -0.09551315167347188)
('\t- RAW VAL RATING: ', 0.15201374910442775)
('\t- PROBABILITY IS: ', 0.46195362224671183)
('\t- CORRESPONDS TO: ', 'undecided')
('RATING FOR: ', 'data')
('\t- STD ABOVE MEAN: ', -0.063458771505219932)
('\t- RAW VAL RATING: ', 0.16259419357348548)
('\t- PROBABILITY IS: ', 0.47470059430659767)
('\t- CORRESPONDS TO: ', 'undecided')
('RATING FOR: ', 'nflx')
('\t- STD ABOVE MEAN: ', -0.082839525897385996)
('\t- RAW VAL RATING: ', 0.15619703366777446)
('\t- PROBABILITY IS: ', 0.46698956999942393)
('\t- CORRESPONDS TO: ', 'undecided')
('RATING FOR: ', 'aapl')
('\t- STD ABOVE MEAN: ', -0.12343139191712493)
('\t- RAW VAL RATING: ', 0.14279855327093138)
('\t- PROBABILITY IS: ', 0.45088274998763594)
('\t- CORRESPONDS TO: ', 'undecided')
('RATING FOR: ', 'ge')
('\t- STD ABOVE MEAN: ', -0.062451126978558424)
('\t- RAW VAL RATING: ', 0.16292679482495037)
('\t- PROBABILITY IS: ', 0.47510179047117029)
('\t- CORRESPONDS TO: ', 'undecided')
('RATING FOR: ', 'tsla')
('\t- STD ABOVE MEAN: ', -0.15526483734100024)
('\t- RAW VAL RATING: ', 0.13229103449196319)
('\t- PROBABILITY IS: ', 0.43830626756971747)
('\t- CORRESPONDS TO: ', 'undecided')
('RATING FOR: ', 'bac')
('\t- STD ABOVE MEAN: ', 0.053835061526807608)
('\t- RAW VAL RATING: ', 0.20131030289908267)
('\t- PROBABILITY IS: ', 0.52146671252331078)
('\t- CORRESPONDS TO: ', 'undecided')
('RATING FOR: ', 'nvda')
('\t- STD ABOVE MEAN: ', -0.067369596728232478)
('\t- RAW VAL RATING: ', 0.16130331635536171)
('\t- PROBABILITY IS: ', 0.47314373623957551)
('\t- CORRESPONDS TO: ', 'undecided')
('RATING FOR: ', 'baba')
('\t- STD ABOVE MEAN: ', -0.071295792859270846)
('\t- RAW VAL RATING: ', 0.16000736553924752)
('\t- PROBABILITY IS: ', 0.47158117176129449)
('\t- CORRESPONDS TO: ', 'undecided')
('RATING FOR: ', 'wmt')
('\t- STD ABOVE MEAN: ', -0.13817636282699561)
('\t- RAW VAL RATING: ', 0.13793156332787593)
('\t- PROBABILITY IS: ', 0.44505051780871102)
('\t- CORRESPONDS TO: ', 'undecided')
('RATING FOR: ', 'jpm')
('\t- STD ABOVE MEAN: ', -0.088060525919270771)
('\t- RAW VAL RATING: ', 0.15447369662258606)
('\t- PROBABILITY IS: ', 0.46491428510150407)
('\t- CORRESPONDS TO: ', 'undecided')
('RATING FOR: ', 'mu')
('\t- STD ABOVE MEAN: ', -0.095778577842329002)
('\t- RAW VAL RATING: ', 0.15192613777563316)
('\t- PROBABILITY IS: ', 0.46184821576645047)
('\t- CORRESPONDS TO: ', 'undecided')
('RATING FOR: ', 'uaa')
('\t- STD ABOVE MEAN: ', 0.67566247926449075)
('\t- RAW VAL RATING: ', 0.40656182946665786)
('\t- PROBABILITY IS: ', 0.75037251838936303)
('\t- CORRESPONDS TO: ', 'buy')
('RATING FOR: ', 'gild')
('\t- STD ABOVE MEAN: ', -0.19426633260264492)
('\t- RAW VAL RATING: ', 0.11941750043327753)
('\t- PROBABILITY IS: ', 0.42298367305305939)
('\t- CORRESPONDS TO: ', 'undecided')
('RATING FOR: ', 'xom')
('\t- STD ABOVE MEAN: ', 0.18964787526991489)
('\t- RAW VAL RATING: ', 0.24613911963030291)
('\t- PROBABILITY IS: ', 0.57520746555052549)
('\t- CORRESPONDS TO: ', 'undecided')

PREDICTIONS FOR METHOD 2 BASED ON:
('\t- AVG: ', 0.1835405355230518)
('\t- STD: ', 0.33007796168640513)
('RATING FOR: ', 'amzn')
('\t- STD ABOVE MEAN: ', 1.9387604953274682)
('\t- RAW VAL RATING: ', 0.82348264801886772)
('\t- PROBABILITY IS: ', 0.97373474573823537)
('\t- CORRESPONDS TO: ', 'buy')
('RATING FOR: ', 'amat')
('\t- STD ABOVE MEAN: ', 1.9409599639197908)
('\t- RAW VAL RATING: ', 0.82420864412861483)
('\t- PROBABILITY IS: ', 0.97386843313701887)
('\t- CORRESPONDS TO: ', 'buy')
('RATING FOR: ', 'agn')
('\t- STD ABOVE MEAN: ', 2.0092597625366584)
('\t- RAW VAL RATING: ', 0.84675290243966239)
('\t- PROBABILITY IS: ', 0.97774520362264628)
('\t- CORRESPONDS TO: ', 'buy')
('RATING FOR: ', 'goog')
('\t- STD ABOVE MEAN: ', 1.9515499074705263)
('\t- RAW VAL RATING: ', 0.82770415111021567)
('\t- PROBABILITY IS: ', 0.97450416728190892)
('\t- CORRESPONDS TO: ', 'buy')
('RATING FOR: ', 'hd')
('\t- STD ABOVE MEAN: ', 2.1744590740257435)
('\t- RAW VAL RATING: ', 0.9012815544479772)
('\t- PROBABILITY IS: ', 0.98516466212188725)
('\t- CORRESPONDS TO: ', 'buy')
('RATING FOR: ', 'lmt')
('\t- STD ABOVE MEAN: ', 1.7703912051344792)
('\t- RAW VAL RATING: ', 0.7679076559013791)
('\t- PROBABILITY IS: ', 0.96166900307958381)
('\t- CORRESPONDS TO: ', 'buy')
('RATING FOR: ', 'data')
('\t- STD ABOVE MEAN: ', 1.8799282582212302)
('\t- RAW VAL RATING: ', 0.80406342311338941)
('\t- PROBABILITY IS: ', 0.96994107196846246)
('\t- CORRESPONDS TO: ', 'buy')
('RATING FOR: ', 'nflx')
('\t- STD ABOVE MEAN: ', 1.9974381758004254)
('\t- RAW VAL RATING: ', 0.84285085718586761)
('\t- PROBABILITY IS: ', 0.97711119789352929)
('\t- CORRESPONDS TO: ', 'buy')
('RATING FOR: ', 'aapl')
('\t- STD ABOVE MEAN: ', 1.9622561843574768)
('\t- RAW VAL RATING: ', 0.83123805716231058)
('\t- PROBABILITY IS: ', 0.97513366717780259)
('\t- CORRESPONDS TO: ', 'buy')
('RATING FOR: ', 'ge')
('\t- STD ABOVE MEAN: ', 1.9585947418779883)
('\t- RAW VAL RATING: ', 0.83002949569184903)
('\t- PROBABILITY IS: ', 0.9749198670651229)
('\t- CORRESPONDS TO: ', 'buy')
('RATING FOR: ', 'tsla')
('\t- STD ABOVE MEAN: ', 1.8813104998867034)
('\t- RAW VAL RATING: ', 0.80451967062488683)
('\t- PROBABILITY IS: ', 0.97003515323061729)
('\t- CORRESPONDS TO: ', 'buy')
('RATING FOR: ', 'bac')
('\t- STD ABOVE MEAN: ', 1.7671134704914078)
('\t- RAW VAL RATING: ', 0.76682574793144509)
('\t- PROBABILITY IS: ', 0.96139538649269329)
('\t- CORRESPONDS TO: ', 'buy')
('RATING FOR: ', 'nvda')
('\t- STD ABOVE MEAN: ', 1.9257254895124063)
('\t- RAW VAL RATING: ', 0.81918007986886165)
('\t- PROBABILITY IS: ', 0.9729306702940963)
('\t- CORRESPONDS TO: ', 'buy')
('RATING FOR: ', 'baba')
('\t- STD ABOVE MEAN: ', 1.6881917467582934)
('\t- RAW VAL RATING: ', 0.74077542622884118)
('\t- PROBABILITY IS: ', 0.95431278649546825)
('\t- CORRESPONDS TO: ', 'buy')
('RATING FOR: ', 'wmt')
('\t- STD ABOVE MEAN: ', 1.9222946851721934)
('\t- RAW VAL RATING: ', 0.8180476469652993)
('\t- PROBABILITY IS: ', 0.97271565580909713)
('\t- CORRESPONDS TO: ', 'buy')
('RATING FOR: ', 'jpm')
('\t- STD ABOVE MEAN: ', 2.0172805803969069)
('\t- RAW VAL RATING: ', 0.84940039765003117)
('\t- PROBABILITY IS: ', 0.97816687949030445)
('\t- CORRESPONDS TO: ', 'buy')
('RATING FOR: ', 'mu')
('\t- STD ABOVE MEAN: ', 1.7294578593451693)
('\t- RAW VAL RATING: ', 0.75439646055823883)
('\t- PROBABILITY IS: ', 0.95813640882295525)
('\t- CORRESPONDS TO: ', 'buy')
('RATING FOR: ', 'uaa')
('\t- STD ABOVE MEAN: ', 2.1236086280908539)
('\t- RAW VAL RATING: ', 0.88449694290294412)
('\t- PROBABILITY IS: ', 0.98314855826244196)
('\t- CORRESPONDS TO: ', 'buy')
('RATING FOR: ', 'gild')
('\t- STD ABOVE MEAN: ', 1.7267627868676529)
('\t- RAW VAL RATING: ', 0.75350687652826309)
('\t- PROBABILITY IS: ', 0.95789486285466952)
('\t- CORRESPONDS TO: ', 'buy')
('RATING FOR: ', 'xom')
('\t- STD ABOVE MEAN: ', 2.3300293914933565)
('\t- RAW VAL RATING: ', 0.9526318877365938)
('\t- PROBABILITY IS: ', 0.99009770112811368)
('\t- CORRESPONDS TO: ', 'buy')

PREDICTIONS FOR METHOD 3 BASED ON:
('\t- AVG: ', 0.1835405355230518)
('\t- STD: ', 0.33007796168640513)
('RATING FOR: ', 'amzn')
('\t- STD ABOVE MEAN: ', -0.13570564435731422)
('\t- RAW VAL RATING: ', 0.13874709304424931)
('\t- PROBABILITY IS: ', 0.44602699272607083)
('\t- CORRESPONDS TO: ', 'sell')
('RATING FOR: ', 'amat')
('\t- STD ABOVE MEAN: ', -0.087645637753176728)
('\t- RAW VAL RATING: ', 0.15461064206277819)
('\t- PROBABILITY IS: ', 0.46507916402083882)
('\t- CORRESPONDS TO: ', 'sell')
('RATING FOR: ', 'agn')
('\t- STD ABOVE MEAN: ', -0.092278936834632036)
('\t- RAW VAL RATING: ', 0.15308129214608793)
('\t- PROBABILITY IS: ', 0.46323821146337124)
('\t- CORRESPONDS TO: ', 'sell')
('RATING FOR: ', 'goog')
('\t- STD ABOVE MEAN: ', -0.084958512240824582)
('\t- RAW VAL RATING: ', 0.15549760297469092)
('\t- PROBABILITY IS: ', 0.46614718692227997)
('\t- CORRESPONDS TO: ', 'sell')
('RATING FOR: ', 'hd')
('\t- STD ABOVE MEAN: ', 0.010541573807061768)
('\t- RAW VAL RATING: ', 0.18702007671825355)
('\t- PROBABILITY IS: ', 0.50420540160607807)
('\t- CORRESPONDS TO: ', 'buy')
('RATING FOR: ', 'lmt')
('\t- STD ABOVE MEAN: ', -0.09551315167347188)
('\t- RAW VAL RATING: ', 0.15201374910442775)
('\t- PROBABILITY IS: ', 0.46195362224671183)
('\t- CORRESPONDS TO: ', 'sell')
('RATING FOR: ', 'data')
('\t- STD ABOVE MEAN: ', -0.063458771505219932)
('\t- RAW VAL RATING: ', 0.16259419357348548)
('\t- PROBABILITY IS: ', 0.47470059430659767)
('\t- CORRESPONDS TO: ', 'sell')
('RATING FOR: ', 'nflx')
('\t- STD ABOVE MEAN: ', -0.082839525897385996)
('\t- RAW VAL RATING: ', 0.15619703366777446)
('\t- PROBABILITY IS: ', 0.46698956999942393)
('\t- CORRESPONDS TO: ', 'sell')
('RATING FOR: ', 'aapl')
('\t- STD ABOVE MEAN: ', -0.12343139191712493)
('\t- RAW VAL RATING: ', 0.14279855327093138)
('\t- PROBABILITY IS: ', 0.45088274998763594)
('\t- CORRESPONDS TO: ', 'sell')
('RATING FOR: ', 'ge')
('\t- STD ABOVE MEAN: ', -0.062451126978558424)
('\t- RAW VAL RATING: ', 0.16292679482495037)
('\t- PROBABILITY IS: ', 0.47510179047117029)
('\t- CORRESPONDS TO: ', 'sell')
('RATING FOR: ', 'tsla')
('\t- STD ABOVE MEAN: ', -0.15526483734100024)
('\t- RAW VAL RATING: ', 0.13229103449196319)
('\t- PROBABILITY IS: ', 0.43830626756971747)
('\t- CORRESPONDS TO: ', 'sell')
('RATING FOR: ', 'bac')
('\t- STD ABOVE MEAN: ', 0.053835061526807608)
('\t- RAW VAL RATING: ', 0.20131030289908267)
('\t- PROBABILITY IS: ', 0.52146671252331078)
('\t- CORRESPONDS TO: ', 'buy')
('RATING FOR: ', 'nvda')
('\t- STD ABOVE MEAN: ', -0.067369596728232478)
('\t- RAW VAL RATING: ', 0.16130331635536171)
('\t- PROBABILITY IS: ', 0.47314373623957551)
('\t- CORRESPONDS TO: ', 'sell')
('RATING FOR: ', 'baba')
('\t- STD ABOVE MEAN: ', -0.071295792859270846)
('\t- RAW VAL RATING: ', 0.16000736553924752)
('\t- PROBABILITY IS: ', 0.47158117176129449)
('\t- CORRESPONDS TO: ', 'sell')
('RATING FOR: ', 'wmt')
('\t- STD ABOVE MEAN: ', -0.13817636282699561)
('\t- RAW VAL RATING: ', 0.13793156332787593)
('\t- PROBABILITY IS: ', 0.44505051780871102)
('\t- CORRESPONDS TO: ', 'sell')
('RATING FOR: ', 'jpm')
('\t- STD ABOVE MEAN: ', -0.088060525919270771)
('\t- RAW VAL RATING: ', 0.15447369662258606)
('\t- PROBABILITY IS: ', 0.46491428510150407)
('\t- CORRESPONDS TO: ', 'sell')
('RATING FOR: ', 'mu')
('\t- STD ABOVE MEAN: ', -0.095778577842329002)
('\t- RAW VAL RATING: ', 0.15192613777563316)
('\t- PROBABILITY IS: ', 0.46184821576645047)
('\t- CORRESPONDS TO: ', 'sell')
('RATING FOR: ', 'uaa')
('\t- STD ABOVE MEAN: ', 0.67566247926449075)
('\t- RAW VAL RATING: ', 0.40656182946665786)
('\t- PROBABILITY IS: ', 0.75037251838936303)
('\t- CORRESPONDS TO: ', 'buy')
('RATING FOR: ', 'gild')
('\t- STD ABOVE MEAN: ', -0.19426633260264492)
('\t- RAW VAL RATING: ', 0.11941750043327753)
('\t- PROBABILITY IS: ', 0.42298367305305939)
('\t- CORRESPONDS TO: ', 'sell')
('RATING FOR: ', 'xom')
('\t- STD ABOVE MEAN: ', 0.18964787526991489)
('\t- RAW VAL RATING: ', 0.24613911963030291)
('\t- PROBABILITY IS: ', 0.57520746555052549)
('\t- CORRESPONDS TO: ', 'buy')

PREDICTIONS FOR METHOD 4 BASED ON:
('\t- AVG: ', 0.160101705689162)
('\t- STD: ', 0.16593690602426575)
('RATING FOR: ', 'amzn')
('\t- STD ABOVE MEAN: ', -0.12869115832369374)
('\t- RAW VAL RATING: ', 0.13874709304424931)
('\t- PROBABILITY IS: ', 0.44880101593359356)
('\t- CORRESPONDS TO: ', 'undecided')
('RATING FOR: ', 'amat')
('\t- STD ABOVE MEAN: ', -0.033091274014599333)
('\t- RAW VAL RATING: ', 0.15461064206277819)
('\t- PROBABILITY IS: ', 0.48680090063412274)
('\t- CORRESPONDS TO: ', 'undecided')
('RATING FOR: ', 'agn')
('\t- STD ABOVE MEAN: ', -0.042307728348553349)
('\t- RAW VAL RATING: ', 0.15308129214608793)
('\t- PROBABILITY IS: ', 0.48312669223644333)
('\t- CORRESPONDS TO: ', 'undecided')
('RATING FOR: ', 'goog')
('\t- STD ABOVE MEAN: ', -0.027746104376550111)
('\t- RAW VAL RATING: ', 0.15549760297469092)
('\t- PROBABILITY IS: ', 0.48893232593398295)
('\t- CORRESPONDS TO: ', 'undecided')
('RATING FOR: ', 'hd')
('\t- STD ABOVE MEAN: ', 0.16222051907581764)
('\t- RAW VAL RATING: ', 0.18702007671825355)
('\t- PROBABILITY IS: ', 0.56443389903762564)
('\t- CORRESPONDS TO: ', 'undecided')
('RATING FOR: ', 'lmt')
('\t- STD ABOVE MEAN: ', -0.048741155771287549)
('\t- RAW VAL RATING: ', 0.15201374910442775)
('\t- PROBABILITY IS: ', 0.48056278863644203)
('\t- CORRESPONDS TO: ', 'undecided')
('RATING FOR: ', 'data')
('\t- STD ABOVE MEAN: ', 0.015020696384196789)
('\t- RAW VAL RATING: ', 0.16259419357348548)
('\t- PROBABILITY IS: ', 0.50599216554116544)
('\t- CORRESPONDS TO: ', 'undecided')
('RATING FOR: ', 'nflx')
('\t- STD ABOVE MEAN: ', -0.023531064396346703)
('\t- RAW VAL RATING: ', 0.15619703366777446)
('\t- PROBABILITY IS: ', 0.49061332976785527)
('\t- CORRESPONDS TO: ', 'undecided')
('RATING FOR: ', 'aapl')
('\t- STD ABOVE MEAN: ', -0.10427549140695851)
('\t- RAW VAL RATING: ', 0.14279855327093138)
('\t- PROBABILITY IS: ', 0.45847536344573381)
('\t- CORRESPONDS TO: ', 'undecided')
('RATING FOR: ', 'ge')
('\t- STD ABOVE MEAN: ', 0.017025080215580597)
('\t- RAW VAL RATING: ', 0.16292679482495037)
('\t- PROBABILITY IS: ', 0.50679169622431186)
('\t- CORRESPONDS TO: ', 'undecided')
('RATING FOR: ', 'tsla')
('\t- STD ABOVE MEAN: ', -0.16759786513755962)
('\t- RAW VAL RATING: ', 0.13229103449196319)
('\t- PROBABILITY IS: ', 0.43344982540884647)
('\t- CORRESPONDS TO: ', 'undecided')
('RATING FOR: ', 'bac')
('\t- STD ABOVE MEAN: ', 0.24833895121495483)
('\t- RAW VAL RATING: ', 0.20131030289908267)
('\t- PROBABILITY IS: ', 0.59806391799808989)
('\t- CORRESPONDS TO: ', 'undecided')
('RATING FOR: ', 'nvda')
('\t- STD ABOVE MEAN: ', 0.0072413708016467945)
('\t- RAW VAL RATING: ', 0.16130331635536171)
('\t- PROBABILITY IS: ', 0.50288886373337749)
('\t- CORRESPONDS TO: ', 'undecided')
('RATING FOR: ', 'baba')
('\t- STD ABOVE MEAN: ', -0.00056853024546975838)
('\t- RAW VAL RATING: ', 0.16000736553924752)
('\t- PROBABILITY IS: ', 0.49977318925961367)
('\t- CORRESPONDS TO: ', 'undecided')
('RATING FOR: ', 'wmt')
('\t- STD ABOVE MEAN: ', -0.13360585593926896)
('\t- RAW VAL RATING: ', 0.13793156332787593)
('\t- PROBABILITY IS: ', 0.44685712667017824)
('\t- CORRESPONDS TO: ', 'undecided')
('RATING FOR: ', 'jpm')
('\t- STD ABOVE MEAN: ', -0.033916560224118666)
('\t- RAW VAL RATING: ', 0.15447369662258606)
('\t- PROBABILITY IS: ', 0.48647184381807229)
('\t- CORRESPONDS TO: ', 'undecided')
('RATING FOR: ', 'mu')
('\t- STD ABOVE MEAN: ', -0.04926913553717386)
('\t- RAW VAL RATING: ', 0.15192613777563316)
('\t- PROBABILITY IS: ', 0.48035240795385592)
('\t- CORRESPONDS TO: ', 'undecided')
('RATING FOR: ', 'uaa')
('\t- STD ABOVE MEAN: ', 1.4852640662195715)
('\t- RAW VAL RATING: ', 0.40656182946665786)
('\t- PROBABILITY IS: ', 0.93126305662636433)
('\t- CORRESPONDS TO: ', 'buy')
('RATING FOR: ', 'gild')
('\t- STD ABOVE MEAN: ', -0.24517876240222899)
('\t- RAW VAL RATING: ', 0.11941750043327753)
('\t- PROBABILITY IS: ', 0.4031590098828472)
('\t- CORRESPONDS TO: ', 'undecided')
('RATING FOR: ', 'xom')
('\t- STD ABOVE MEAN: ', 0.51849474600038192)
('\t- RAW VAL RATING: ', 0.24613911963030291)
('\t- PROBABILITY IS: ', 0.69794343755021648)
('\t- CORRESPONDS TO: ', 'buy')

PREDICTIONS FOR METHOD 5 BASED ON:
('\t- AVG: ', 0.160101705689162)
('\t- STD: ', 0.16593690602426575)
('RATING FOR: ', 'amzn')
('\t- STD ABOVE MEAN: ', 1.9210566742839619)
('\t- RAW VAL RATING: ', 0.47887590651710826)
('\t- PROBABILITY IS: ', 0.97263771854645409)
('\t- CORRESPONDS TO: ', 'buy')
('RATING FOR: ', 'amat')
('\t- STD ABOVE MEAN: ', 1.7483836912721042)
('\t- RAW VAL RATING: ', 0.45022308596214)
('\t- PROBABILITY IS: ', 0.9598011950064318)
('\t- CORRESPONDS TO: ', 'buy')
('RATING FOR: ', 'agn')
('\t- STD ABOVE MEAN: ', 2.080836477707793)
('\t- RAW VAL RATING: ', 0.50538927274242418)
('\t- PROBABILITY IS: ', 0.98127556197558252)
('\t- CORRESPONDS TO: ', 'buy')
('RATING FOR: ', 'goog')
('\t- STD ABOVE MEAN: ', 1.8373761498282652)
('\t- RAW VAL RATING: ', 0.46499021919444206)
('\t- PROBABILITY IS: ', 0.9669228073899806)
('\t- CORRESPONDS TO: ', 'buy')
('RATING FOR: ', 'hd')
('\t- STD ABOVE MEAN: ', 2.7244046814261043)
('\t- RAW VAL RATING: ', 0.6121809892830351)
('\t- PROBABILITY IS: ', 0.99677912391271595)
('\t- CORRESPONDS TO: ', 'buy')
('RATING FOR: ', 'lmt')
('\t- STD ABOVE MEAN: ', 1.6701837087108558)
('\t- RAW VAL RATING: ', 0.43724682280477489)
('\t- PROBABILITY IS: ', 0.95255848888018357)
('\t- CORRESPONDS TO: ', 'buy')
('RATING FOR: ', 'data')
('\t- STD ABOVE MEAN: ', 2.1246881345309574)
('\t- RAW VAL RATING: ', 0.51266588099969801)
('\t- PROBABILITY IS: ', 0.98319367790477619)
('\t- CORRESPONDS TO: ', 'buy')
('RATING FOR: ', 'nflx')
('\t- STD ABOVE MEAN: ', 2.091440417871969)
('\t- RAW VAL RATING: ', 0.50714885776493401)
('\t- PROBABILITY IS: ', 0.98175569888159619)
('\t- CORRESPONDS TO: ', 'buy')
('RATING FOR: ', 'aapl')
('\t- STD ABOVE MEAN: ', 1.9718606767088336)
('\t- RAW VAL RATING: ', 0.48730616549314076)
('\t- PROBABILITY IS: ', 0.97568724330576062)
('\t- CORRESPONDS TO: ', 'buy')
('RATING FOR: ', 'ge')
('\t- STD ABOVE MEAN: ', 1.9559204982061444)
('\t- RAW VAL RATING: ', 0.48466110159093001)
('\t- PROBABILITY IS: ', 0.974762739892434)
('\t- CORRESPONDS TO: ', 'buy')
('RATING FOR: ', 'tsla')
('\t- STD ABOVE MEAN: ', 1.8183289412842816)
('\t- RAW VAL RATING: ', 0.46182958434025445)
('\t- PROBABILITY IS: ', 0.9654930640469721)
('\t- CORRESPONDS TO: ', 'buy')
('RATING FOR: ', 'bac')
('\t- STD ABOVE MEAN: ', 2.4777268111479058)
('\t- RAW VAL RATING: ', 0.57124802670441566)
('\t- PROBABILITY IS: ', 0.99338888296566807)
('\t- CORRESPONDS TO: ', 'buy')
('RATING FOR: ', 'nvda')
('\t- STD ABOVE MEAN: ', 1.8623245367967383)
('\t- RAW VAL RATING: ', 0.4691300773382866)
('\t- PROBABILITY IS: ', 0.96872132054439286)
('\t- CORRESPONDS TO: ', 'buy')
('RATING FOR: ', 'baba')
('\t- STD ABOVE MEAN: ', 1.8149101766314666)
('\t- RAW VAL RATING: ', 0.46126228511134121)
('\t- PROBABILITY IS: ', 0.96523114281214706)
('\t- CORRESPONDS TO: ', 'buy')
('RATING FOR: ', 'wmt')
('\t- STD ABOVE MEAN: ', 1.8194237076851087)
('\t- RAW VAL RATING: ', 0.46201124648962705)
('\t- PROBABILITY IS: ', 0.96557659375280736)
('\t- CORRESPONDS TO: ', 'buy')
('RATING FOR: ', 'jpm')
('\t- STD ABOVE MEAN: ', 2.2803257017427465)
('\t- RAW VAL RATING: ', 0.53849189736396597)
('\t- PROBABILITY IS: ', 0.98870581072590979)
('\t- CORRESPONDS TO: ', 'buy')
('RATING FOR: ', 'mu')
('\t- STD ABOVE MEAN: ', 1.8097946069053765)
('\t- RAW VAL RATING: ', 0.46041342329844243)
('\t- PROBABILITY IS: ', 0.96483617770783003)
('\t- CORRESPONDS TO: ', 'buy')
('RATING FOR: ', 'uaa')
('\t- STD ABOVE MEAN: ', 3.4118658200022671)
('\t- RAW VAL RATING: ', 0.72625616363028256)
('\t- PROBABILITY IS: ', 0.99967740067980304)
('\t- CORRESPONDS TO: ', 'buy')
('RATING FOR: ', 'gild')
('\t- STD ABOVE MEAN: ', 1.7085421270174601)
('\t- RAW VAL RATING: ', 0.44361190005855738)
('\t- PROBABILITY IS: ', 0.9562321016937243)
('\t- CORRESPONDS TO: ', 'buy')
('RATING FOR: ', 'xom')
('\t- STD ABOVE MEAN: ', 3.5361079131431175)
('\t- RAW VAL RATING: ', 0.74687251216405393)
('\t- PROBABILITY IS: ', 0.99979696560877163)
('\t- CORRESPONDS TO: ', 'buy')

PREDICTIONS FOR METHOD 6 BASED ON:
('\t- AVG: ', 0.160101705689162)
('\t- STD: ', 0.16593690602426575)
('RATING FOR: ', 'amzn')
('\t- STD ABOVE MEAN: ', -0.12869115832369374)
('\t- RAW VAL RATING: ', 0.13874709304424931)
('\t- PROBABILITY IS: ', 0.44880101593359356)
('\t- CORRESPONDS TO: ', 'sell')
('RATING FOR: ', 'amat')
('\t- STD ABOVE MEAN: ', -0.033091274014599333)
('\t- RAW VAL RATING: ', 0.15461064206277819)
('\t- PROBABILITY IS: ', 0.48680090063412274)
('\t- CORRESPONDS TO: ', 'sell')
('RATING FOR: ', 'agn')
('\t- STD ABOVE MEAN: ', -0.042307728348553349)
('\t- RAW VAL RATING: ', 0.15308129214608793)
('\t- PROBABILITY IS: ', 0.48312669223644333)
('\t- CORRESPONDS TO: ', 'sell')
('RATING FOR: ', 'goog')
('\t- STD ABOVE MEAN: ', -0.027746104376550111)
('\t- RAW VAL RATING: ', 0.15549760297469092)
('\t- PROBABILITY IS: ', 0.48893232593398295)
('\t- CORRESPONDS TO: ', 'sell')
('RATING FOR: ', 'hd')
('\t- STD ABOVE MEAN: ', 0.16222051907581764)
('\t- RAW VAL RATING: ', 0.18702007671825355)
('\t- PROBABILITY IS: ', 0.56443389903762564)
('\t- CORRESPONDS TO: ', 'buy')
('RATING FOR: ', 'lmt')
('\t- STD ABOVE MEAN: ', -0.048741155771287549)
('\t- RAW VAL RATING: ', 0.15201374910442775)
('\t- PROBABILITY IS: ', 0.48056278863644203)
('\t- CORRESPONDS TO: ', 'sell')
('RATING FOR: ', 'data')
('\t- STD ABOVE MEAN: ', 0.015020696384196789)
('\t- RAW VAL RATING: ', 0.16259419357348548)
('\t- PROBABILITY IS: ', 0.50599216554116544)
('\t- CORRESPONDS TO: ', 'buy')
('RATING FOR: ', 'nflx')
('\t- STD ABOVE MEAN: ', -0.023531064396346703)
('\t- RAW VAL RATING: ', 0.15619703366777446)
('\t- PROBABILITY IS: ', 0.49061332976785527)
('\t- CORRESPONDS TO: ', 'sell')
('RATING FOR: ', 'aapl')
('\t- STD ABOVE MEAN: ', -0.10427549140695851)
('\t- RAW VAL RATING: ', 0.14279855327093138)
('\t- PROBABILITY IS: ', 0.45847536344573381)
('\t- CORRESPONDS TO: ', 'sell')
('RATING FOR: ', 'ge')
('\t- STD ABOVE MEAN: ', 0.017025080215580597)
('\t- RAW VAL RATING: ', 0.16292679482495037)
('\t- PROBABILITY IS: ', 0.50679169622431186)
('\t- CORRESPONDS TO: ', 'buy')
('RATING FOR: ', 'tsla')
('\t- STD ABOVE MEAN: ', -0.16759786513755962)
('\t- RAW VAL RATING: ', 0.13229103449196319)
('\t- PROBABILITY IS: ', 0.43344982540884647)
('\t- CORRESPONDS TO: ', 'sell')
('RATING FOR: ', 'bac')
('\t- STD ABOVE MEAN: ', 0.24833895121495483)
('\t- RAW VAL RATING: ', 0.20131030289908267)
('\t- PROBABILITY IS: ', 0.59806391799808989)
('\t- CORRESPONDS TO: ', 'buy')
('RATING FOR: ', 'nvda')
('\t- STD ABOVE MEAN: ', 0.0072413708016467945)
('\t- RAW VAL RATING: ', 0.16130331635536171)
('\t- PROBABILITY IS: ', 0.50288886373337749)
('\t- CORRESPONDS TO: ', 'buy')
('RATING FOR: ', 'baba')
('\t- STD ABOVE MEAN: ', -0.00056853024546975838)
('\t- RAW VAL RATING: ', 0.16000736553924752)
('\t- PROBABILITY IS: ', 0.49977318925961367)
('\t- CORRESPONDS TO: ', 'sell')
('RATING FOR: ', 'wmt')
('\t- STD ABOVE MEAN: ', -0.13360585593926896)
('\t- RAW VAL RATING: ', 0.13793156332787593)
('\t- PROBABILITY IS: ', 0.44685712667017824)
('\t- CORRESPONDS TO: ', 'sell')
('RATING FOR: ', 'jpm')
('\t- STD ABOVE MEAN: ', -0.033916560224118666)
('\t- RAW VAL RATING: ', 0.15447369662258606)
('\t- PROBABILITY IS: ', 0.48647184381807229)
('\t- CORRESPONDS TO: ', 'sell')
('RATING FOR: ', 'mu')
('\t- STD ABOVE MEAN: ', -0.04926913553717386)
('\t- RAW VAL RATING: ', 0.15192613777563316)
('\t- PROBABILITY IS: ', 0.48035240795385592)
('\t- CORRESPONDS TO: ', 'sell')
('RATING FOR: ', 'uaa')
('\t- STD ABOVE MEAN: ', 1.4852640662195715)
('\t- RAW VAL RATING: ', 0.40656182946665786)
('\t- PROBABILITY IS: ', 0.93126305662636433)
('\t- CORRESPONDS TO: ', 'buy')
('RATING FOR: ', 'gild')
('\t- STD ABOVE MEAN: ', -0.24517876240222899)
('\t- RAW VAL RATING: ', 0.11941750043327753)
('\t- PROBABILITY IS: ', 0.4031590098828472)
('\t- CORRESPONDS TO: ', 'sell')
('RATING FOR: ', 'xom')
('\t- STD ABOVE MEAN: ', 0.51849474600038192)
('\t- RAW VAL RATING: ', 0.24613911963030291)
('\t- PROBABILITY IS: ', 0.69794343755021648)
('\t- CORRESPONDS TO: ', 'buy')

PREDICTIONS FOR METHOD 1 BASED ON:
('\t- AVG: ', 0.1835405355230518)
('\t- STD: ', 0.33007796168640513)
('RATING FOR: ', 'amzn')
('\t- STD ABOVE MEAN: ', 22.632090103964799)
('\t- RAW VAL RATING: ', 7.6538947057428128)
('\t- PROBABILITY IS: ', 1.0)
('\t- CORRESPONDS TO: ', 'buy')
('RATING FOR: ', 'amat')
('\t- STD ABOVE MEAN: ', 1.5913659601930334)
('\t- RAW VAL RATING: ', 0.70881536796069722)
('\t- PROBABILITY IS: ', 0.94423637983384667)
('\t- CORRESPONDS TO: ', 'buy')
('RATING FOR: ', 'agn')
('\t- STD ABOVE MEAN: ', 0.3057624068233451)
('\t- RAW VAL RATING: ', 0.28446596752763093)
('\t- PROBABILITY IS: ', 0.62010722327008272)
('\t- CORRESPONDS TO: ', 'undecided')
('RATING FOR: ', 'goog')
('\t- STD ABOVE MEAN: ', -0.087846084859706741)
('\t- RAW VAL RATING: ', 0.15454447889042883)
('\t- PROBABILITY IS: ', 0.46499950444913724)
('\t- CORRESPONDS TO: ', 'undecided')
('RATING FOR: ', 'hd')
('\t- STD ABOVE MEAN: ', 0.0049856263918097764)
('\t- RAW VAL RATING: ', 0.18518618092019032)
('\t- PROBABILITY IS: ', 0.50198896892218348)
('\t- CORRESPONDS TO: ', 'undecided')
('RATING FOR: ', 'lmt')
('\t- STD ABOVE MEAN: ', -0.095720351808249615)
('\t- RAW VAL RATING: ', 0.15194535690627917)
('\t- PROBABILITY IS: ', 0.4618713383564636)
('\t- CORRESPONDS TO: ', 'undecided')
('RATING FOR: ', 'data')
('\t- STD ABOVE MEAN: ', -0.077128886933297114)
('\t- RAW VAL RATING: ', 0.15808198973696788)
('\t- PROBABILITY IS: ', 0.46926050649626894)
('\t- CORRESPONDS TO: ', 'undecided')
('RATING FOR: ', 'nflx')
('\t- STD ABOVE MEAN: ', -0.085871506516566706)
('\t- RAW VAL RATING: ', 0.15519624368512261)
('\t- PROBABILITY IS: ', 0.46578428116408693)
('\t- CORRESPONDS TO: ', 'undecided')
('RATING FOR: ', 'aapl')
('\t- STD ABOVE MEAN: ', -0.13000639752116253)
('\t- RAW VAL RATING: ', 0.14062828882307396)
('\t- PROBABILITY IS: ', 0.44828068258038989)
('\t- CORRESPONDS TO: ', 'undecided')
('RATING FOR: ', 'ge')
('\t- STD ABOVE MEAN: ', -0.064279893761028509)
('\t- RAW VAL RATING: ', 0.16232315921299284)
('\t- PROBABILITY IS: ', 0.47437368139755931)
('\t- CORRESPONDS TO: ', 'undecided')
('RATING FOR: ', 'tsla')
('\t- STD ABOVE MEAN: ', -0.15639522059456779)
('\t- RAW VAL RATING: ', 0.13191791989170118)
('\t- PROBABILITY IS: ', 0.43786075211700315)
('\t- CORRESPONDS TO: ', 'undecided')
('RATING FOR: ', 'bac')
('\t- STD ABOVE MEAN: ', 0.045356277911253635)
('\t- RAW VAL RATING: ', 0.19851164328568052)
('\t- PROBABILITY IS: ', 0.51808833486511074)
('\t- CORRESPONDS TO: ', 'undecided')
('RATING FOR: ', 'nvda')
('\t- STD ABOVE MEAN: ', -0.067246361384037875)
('\t- RAW VAL RATING: ', 0.16134399362658119)
('\t- PROBABILITY IS: ', 0.47319278878988785)
('\t- CORRESPONDS TO: ', 'undecided')
('RATING FOR: ', 'baba')
('\t- STD ABOVE MEAN: ', -0.073914657059599598)
('\t- RAW VAL RATING: ', 0.15914293618206951)
('\t- PROBABILITY IS: ', 0.47053914655260143)
('\t- CORRESPONDS TO: ', 'undecided')
('RATING FOR: ', 'wmt')
('\t- STD ABOVE MEAN: ', 4.6976785964218326)
('\t- RAW VAL RATING: ', 1.7341407112878229)
('\t- PROBABILITY IS: ', 0.99999868432466321)
('\t- CORRESPONDS TO: ', 'buy')
('RATING FOR: ', 'jpm')
('\t- STD ABOVE MEAN: ', -0.095981127817864983)
('\t- RAW VAL RATING: ', 0.15185928049256861)
('\t- PROBABILITY IS: ', 0.46176778058659451)
('\t- CORRESPONDS TO: ', 'undecided')
('RATING FOR: ', 'mu')
('\t- STD ABOVE MEAN: ', -0.099236715838596723)
('\t- RAW VAL RATING: ', 0.1507846826345948)
('\t- PROBABILITY IS: ', 0.4604751618494427)
('\t- CORRESPONDS TO: ', 'undecided')
('RATING FOR: ', 'uaa')
('\t- STD ABOVE MEAN: ', 0.65990496368272988)
('\t- RAW VAL RATING: ', 0.40136062084218849)
('\t- PROBABILITY IS: ', 0.74534259065809061)
('\t- CORRESPONDS TO: ', 'buy')
('RATING FOR: ', 'gild')
('\t- STD ABOVE MEAN: ', -0.18748985012607869)
('\t- RAW VAL RATING: ', 0.12165426795654616)
('\t- PROBABILITY IS: ', 0.4256382905060842)
('\t- CORRESPONDS TO: ', 'undecided')
('RATING FOR: ', 'xom')
('\t- STD ABOVE MEAN: ', 0.1778808561398218)
('\t- RAW VAL RATING: ', 0.24225508594071685)
('\t- PROBABILITY IS: ', 0.5705917271719172)
('\t- CORRESPONDS TO: ', 'undecided')

PREDICTIONS FOR METHOD 2 BASED ON:
('\t- AVG: ', 0.1835405355230518)
('\t- STD: ', 0.33007796168640513)
('RATING FOR: ', 'amzn')
('\t- STD ABOVE MEAN: ', 358.77432612803176)
('\t- RAW VAL RATING: ', 118.60703880927734)
('\t- PROBABILITY IS: ', 1.0)
('\t- CORRESPONDS TO: ', 'buy')
('RATING FOR: ', 'amat')
('\t- STD ABOVE MEAN: ', 147.44885350928408)
('\t- RAW VAL RATING: ', 48.853157554864886)
('\t- PROBABILITY IS: ', 1.0)
('\t- CORRESPONDS TO: ', 'buy')
('RATING FOR: ', 'agn')
('\t- STD ABOVE MEAN: ', 27.433774279910647)
('\t- RAW VAL RATING: ', 9.2388248312008852)
('\t- PROBABILITY IS: ', 1.0)
('\t- CORRESPONDS TO: ', 'buy')
('RATING FOR: ', 'goog')
('\t- STD ABOVE MEAN: ', 1.9515499140369796)
('\t- RAW VAL RATING: ', 0.82770415327765723)
('\t- PROBABILITY IS: ', 0.97450416767205339)
('\t- CORRESPONDS TO: ', 'buy')
('RATING FOR: ', 'hd')
('\t- STD ABOVE MEAN: ', 2.1699095217272055)
('\t- RAW VAL RATING: ', 0.89977984749869011)
('\t- PROBABILITY IS: ', 0.98499314956655515)
('\t- CORRESPONDS TO: ', 'buy')
('RATING FOR: ', 'lmt')
('\t- STD ABOVE MEAN: ', 1.7637036292134771)
('\t- RAW VAL RATING: ', 0.7657002344727516)
('\t- PROBABILITY IS: ', 0.96110905510409972)
('\t- CORRESPONDS TO: ', 'buy')
('RATING FOR: ', 'data')
('\t- STD ABOVE MEAN: ', 1.8583570825006908)
('\t- RAW VAL RATING: ', 0.79694325340037442)
('\t- PROBABILITY IS: ', 0.96844083868527053)
('\t- CORRESPONDS TO: ', 'buy')
('RATING FOR: ', 'nflx')
('\t- STD ABOVE MEAN: ', 1.9943907256357558)
('\t- RAW VAL RATING: ', 0.84184496104717255)
('\t- PROBABILITY IS: ', 0.97694531436903276)
('\t- CORRESPONDS TO: ', 'buy')
('RATING FOR: ', 'aapl')
('\t- STD ABOVE MEAN: ', 1.9930673184680496)
('\t- RAW VAL RATING: ', 0.8414081335067749)
('\t- PROBABILITY IS: ', 0.9768729619523705)
('\t- CORRESPONDS TO: ', 'buy')
('RATING FOR: ', 'ge')
('\t- STD ABOVE MEAN: ', 1.9832746077476973)
('\t- RAW VAL RATING: ', 0.83817577551281641)
('\t- PROBABILITY IS: ', 0.97633161793957612)
('\t- CORRESPONDS TO: ', 'buy')
('RATING FOR: ', 'tsla')
('\t- STD ABOVE MEAN: ', 1.8840384708725975)
('\t- RAW VAL RATING: ', 0.80542011372745037)
('\t- PROBABILITY IS: ', 0.97022011405268782)
('\t- CORRESPONDS TO: ', 'buy')
('RATING FOR: ', 'bac')
('\t- STD ABOVE MEAN: ', 1.7650622075258959)
('\t- RAW VAL RATING: ', 0.7661486712329062)
('\t- PROBABILITY IS: ', 0.96122334431361789)
('\t- CORRESPONDS TO: ', 'buy')
('RATING FOR: ', 'nvda')
('\t- STD ABOVE MEAN: ', 1.9448868046591217)
('\t- RAW VAL RATING: ', 0.82550480771572032)
('\t- PROBABILITY IS: ', 0.97410569824369675)
('\t- CORRESPONDS TO: ', 'buy')
('RATING FOR: ', 'baba')
('\t- STD ABOVE MEAN: ', 1.6881917768545391)
('\t- RAW VAL RATING: ', 0.74077543616294861)
('\t- PROBABILITY IS: ', 0.9543127893831852)
('\t- CORRESPONDS TO: ', 'buy')
('RATING FOR: ', 'wmt')
('\t- STD ABOVE MEAN: ', 267.60129065000245)
('\t- RAW VAL RATING: ', 88.512829097927124)
('\t- PROBABILITY IS: ', 1.0)
('\t- CORRESPONDS TO: ', 'buy')
('RATING FOR: ', 'jpm')
('\t- STD ABOVE MEAN: ', 2.0225249032354009)
('\t- RAW VAL RATING: ', 0.85113143304298666)
('\t- PROBABILITY IS: ', 0.97843892322958104)
('\t- CORRESPONDS TO: ', 'buy')
('RATING FOR: ', 'mu')
('\t- STD ABOVE MEAN: ', 1.7182204609703853)
('\t- RAW VAL RATING: ', 0.75068724300803202)
('\t- PROBABILITY IS: ', 0.95712179459228552)
('\t- CORRESPONDS TO: ', 'buy')
('RATING FOR: ', 'uaa')
('\t- STD ABOVE MEAN: ', 2.1236086398676459)
('\t- RAW VAL RATING: ', 0.88449694679020352)
('\t- PROBABILITY IS: ', 0.98314855875523577)
('\t- CORRESPONDS TO: ', 'buy')
('RATING FOR: ', 'gild')
('\t- STD ABOVE MEAN: ', 1.8006200740944425)
('\t- RAW VAL RATING: ', 0.77788553935176918)
('\t- PROBABILITY IS: ', 0.96411860852189024)
('\t- CORRESPONDS TO: ', 'buy')
('RATING FOR: ', 'xom')
('\t- STD ABOVE MEAN: ', 2.3271971675796896)
('\t- RAW VAL RATING: ', 0.9516970330401312)
('\t- PROBABILITY IS: ', 0.99002261314311013)
('\t- CORRESPONDS TO: ', 'buy')

PREDICTIONS FOR METHOD 3 BASED ON:
('\t- AVG: ', 0.1835405355230518)
('\t- STD: ', 0.33007796168640513)
('RATING FOR: ', 'amzn')
('\t- STD ABOVE MEAN: ', 22.632090103964799)
('\t- RAW VAL RATING: ', 7.6538947057428128)
('\t- PROBABILITY IS: ', 1.0)
('\t- CORRESPONDS TO: ', 'buy')
('RATING FOR: ', 'amat')
('\t- STD ABOVE MEAN: ', 1.5913659601930334)
('\t- RAW VAL RATING: ', 0.70881536796069722)
('\t- PROBABILITY IS: ', 0.94423637983384667)
('\t- CORRESPONDS TO: ', 'buy')
('RATING FOR: ', 'agn')
('\t- STD ABOVE MEAN: ', 0.3057624068233451)
('\t- RAW VAL RATING: ', 0.28446596752763093)
('\t- PROBABILITY IS: ', 0.62010722327008272)
('\t- CORRESPONDS TO: ', 'buy')
('RATING FOR: ', 'goog')
('\t- STD ABOVE MEAN: ', -0.087846084859706741)
('\t- RAW VAL RATING: ', 0.15454447889042883)
('\t- PROBABILITY IS: ', 0.46499950444913724)
('\t- CORRESPONDS TO: ', 'sell')
('RATING FOR: ', 'hd')
('\t- STD ABOVE MEAN: ', 0.0049856263918097764)
('\t- RAW VAL RATING: ', 0.18518618092019032)
('\t- PROBABILITY IS: ', 0.50198896892218348)
('\t- CORRESPONDS TO: ', 'buy')
('RATING FOR: ', 'lmt')
('\t- STD ABOVE MEAN: ', -0.095720351808249615)
('\t- RAW VAL RATING: ', 0.15194535690627917)
('\t- PROBABILITY IS: ', 0.4618713383564636)
('\t- CORRESPONDS TO: ', 'sell')
('RATING FOR: ', 'data')
('\t- STD ABOVE MEAN: ', -0.077128886933297114)
('\t- RAW VAL RATING: ', 0.15808198973696788)
('\t- PROBABILITY IS: ', 0.46926050649626894)
('\t- CORRESPONDS TO: ', 'sell')
('RATING FOR: ', 'nflx')
('\t- STD ABOVE MEAN: ', -0.085871506516566706)
('\t- RAW VAL RATING: ', 0.15519624368512261)
('\t- PROBABILITY IS: ', 0.46578428116408693)
('\t- CORRESPONDS TO: ', 'sell')
('RATING FOR: ', 'aapl')
('\t- STD ABOVE MEAN: ', -0.13000639752116253)
('\t- RAW VAL RATING: ', 0.14062828882307396)
('\t- PROBABILITY IS: ', 0.44828068258038989)
('\t- CORRESPONDS TO: ', 'sell')
('RATING FOR: ', 'ge')
('\t- STD ABOVE MEAN: ', -0.064279893761028509)
('\t- RAW VAL RATING: ', 0.16232315921299284)
('\t- PROBABILITY IS: ', 0.47437368139755931)
('\t- CORRESPONDS TO: ', 'sell')
('RATING FOR: ', 'tsla')
('\t- STD ABOVE MEAN: ', -0.15639522059456779)
('\t- RAW VAL RATING: ', 0.13191791989170118)
('\t- PROBABILITY IS: ', 0.43786075211700315)
('\t- CORRESPONDS TO: ', 'sell')
('RATING FOR: ', 'bac')
('\t- STD ABOVE MEAN: ', 0.045356277911253635)
('\t- RAW VAL RATING: ', 0.19851164328568052)
('\t- PROBABILITY IS: ', 0.51808833486511074)
('\t- CORRESPONDS TO: ', 'buy')
('RATING FOR: ', 'nvda')
('\t- STD ABOVE MEAN: ', -0.067246361384037875)
('\t- RAW VAL RATING: ', 0.16134399362658119)
('\t- PROBABILITY IS: ', 0.47319278878988785)
('\t- CORRESPONDS TO: ', 'sell')
('RATING FOR: ', 'baba')
('\t- STD ABOVE MEAN: ', -0.073914657059599598)
('\t- RAW VAL RATING: ', 0.15914293618206951)
('\t- PROBABILITY IS: ', 0.47053914655260143)
('\t- CORRESPONDS TO: ', 'sell')
('RATING FOR: ', 'wmt')
('\t- STD ABOVE MEAN: ', 4.6976785964218326)
('\t- RAW VAL RATING: ', 1.7341407112878229)
('\t- PROBABILITY IS: ', 0.99999868432466321)
('\t- CORRESPONDS TO: ', 'buy')
('RATING FOR: ', 'jpm')
('\t- STD ABOVE MEAN: ', -0.095981127817864983)
('\t- RAW VAL RATING: ', 0.15185928049256861)
('\t- PROBABILITY IS: ', 0.46176778058659451)
('\t- CORRESPONDS TO: ', 'sell')
('RATING FOR: ', 'mu')
('\t- STD ABOVE MEAN: ', -0.099236715838596723)
('\t- RAW VAL RATING: ', 0.1507846826345948)
('\t- PROBABILITY IS: ', 0.4604751618494427)
('\t- CORRESPONDS TO: ', 'sell')
('RATING FOR: ', 'uaa')
('\t- STD ABOVE MEAN: ', 0.65990496368272988)
('\t- RAW VAL RATING: ', 0.40136062084218849)
('\t- PROBABILITY IS: ', 0.74534259065809061)
('\t- CORRESPONDS TO: ', 'buy')
('RATING FOR: ', 'gild')
('\t- STD ABOVE MEAN: ', -0.18748985012607869)
('\t- RAW VAL RATING: ', 0.12165426795654616)
('\t- PROBABILITY IS: ', 0.4256382905060842)
('\t- CORRESPONDS TO: ', 'sell')
('RATING FOR: ', 'xom')
('\t- STD ABOVE MEAN: ', 0.1778808561398218)
('\t- RAW VAL RATING: ', 0.24225508594071685)
('\t- PROBABILITY IS: ', 0.5705917271719172)
('\t- CORRESPONDS TO: ', 'buy')

PREDICTIONS FOR METHOD 4 BASED ON:
('\t- AVG: ', 0.160101705689162)
('\t- STD: ', 0.16593690602426575)
('RATING FOR: ', 'amzn')
('\t- STD ABOVE MEAN: ', 45.160496116263595)
('\t- RAW VAL RATING: ', 7.6538947057428128)
('\t- PROBABILITY IS: ', 1.0)
('\t- CORRESPONDS TO: ', 'buy')
('RATING FOR: ', 'amat')
('\t- STD ABOVE MEAN: ', 3.3067608371057258)
('\t- RAW VAL RATING: ', 0.70881536796069722)
('\t- PROBABILITY IS: ', 0.99952809282351596)
('\t- CORRESPONDS TO: ', 'buy')
('RATING FOR: ', 'agn')
('\t- STD ABOVE MEAN: ', 0.74946716085138143)
('\t- RAW VAL RATING: ', 0.28446596752763093)
('\t- PROBABILITY IS: ', 0.7732121577516623)
('\t- CORRESPONDS TO: ', 'buy')
('RATING FOR: ', 'goog')
('\t- STD ABOVE MEAN: ', -0.033489998891027301)
('\t- RAW VAL RATING: ', 0.15454447889042883)
('\t- PROBABILITY IS: ', 0.48664192054428523)
('\t- CORRESPONDS TO: ', 'undecided')
('RATING FOR: ', 'hd')
('\t- STD ABOVE MEAN: ', 0.15116875342583588)
('\t- RAW VAL RATING: ', 0.18518618092019032)
('\t- PROBABILITY IS: ', 0.56007870092312273)
('\t- CORRESPONDS TO: ', 'undecided')
('RATING FOR: ', 'lmt')
('\t- STD ABOVE MEAN: ', -0.049153313619636124)
('\t- RAW VAL RATING: ', 0.15194535690627917)
('\t- PROBABILITY IS: ', 0.48039855829771283)
('\t- CORRESPONDS TO: ', 'undecided')
('RATING FOR: ', 'data')
('\t- STD ABOVE MEAN: ', -0.012171589796297358)
('\t- RAW VAL RATING: ', 0.15808198973696788)
('\t- PROBABILITY IS: ', 0.49514435810279778)
('\t- CORRESPONDS TO: ', 'undecided')
('RATING FOR: ', 'nflx')
('\t- STD ABOVE MEAN: ', -0.029562212057407108)
('\t- RAW VAL RATING: ', 0.15519624368512261)
('\t- PROBABILITY IS: ', 0.48820810127108588)
('\t- CORRESPONDS TO: ', 'undecided')
('RATING FOR: ', 'aapl')
('\t- STD ABOVE MEAN: ', -0.11735434468833797)
('\t- RAW VAL RATING: ', 0.14062828882307396)
('\t- PROBABILITY IS: ', 0.45328963083207263)
('\t- CORRESPONDS TO: ', 'undecided')
('RATING FOR: ', 'ge')
('\t- STD ABOVE MEAN: ', 0.013387338459269562)
('\t- RAW VAL RATING: ', 0.16232315921299284)
('\t- PROBABILITY IS: ', 0.50534061580803646)
('\t- CORRESPONDS TO: ', 'undecided')
('RATING FOR: ', 'tsla')
('\t- STD ABOVE MEAN: ', -0.16984639808421736)
('\t- RAW VAL RATING: ', 0.13191791989170118)
('\t- PROBABILITY IS: ', 0.43256546830728204)
('\t- CORRESPONDS TO: ', 'undecided')
('RATING FOR: ', 'bac')
('\t- STD ABOVE MEAN: ', 0.23147314552738293)
('\t- RAW VAL RATING: ', 0.19851164328568052)
('\t- PROBABILITY IS: ', 0.59152637712935241)
('\t- CORRESPONDS TO: ', 'undecided')
('RATING FOR: ', 'nvda')
('\t- STD ABOVE MEAN: ', 0.0074865077768627355)
('\t- RAW VAL RATING: ', 0.16134399362658119)
('\t- PROBABILITY IS: ', 0.50298665658546415)
('\t- CORRESPONDS TO: ', 'undecided')
('RATING FOR: ', 'baba')
('\t- STD ABOVE MEAN: ', -0.0057779160167797262)
('\t- RAW VAL RATING: ', 0.15914293618206951)
('\t- PROBABILITY IS: ', 0.49769495783368012)
('\t- CORRESPONDS TO: ', 'undecided')
('RATING FOR: ', 'wmt')
('\t- STD ABOVE MEAN: ', 9.4857680748156259)
('\t- RAW VAL RATING: ', 1.7341407112878229)
('\t- PROBABILITY IS: ', 1.0)
('\t- CORRESPONDS TO: ', 'buy')
('RATING FOR: ', 'jpm')
('\t- STD ABOVE MEAN: ', -0.049672043393336793)
('\t- RAW VAL RATING: ', 0.15185928049256861)
('\t- PROBABILITY IS: ', 0.4801918675446743)
('\t- CORRESPONDS TO: ', 'undecided')
('RATING FOR: ', 'mu')
('\t- STD ABOVE MEAN: ', -0.056147985868826064)
('\t- RAW VAL RATING: ', 0.1507846826345948)
('\t- PROBABILITY IS: ', 0.47761195850464849)
('\t- CORRESPONDS TO: ', 'undecided')
('RATING FOR: ', 'uaa')
('\t- STD ABOVE MEAN: ', 1.4539195705971886)
('\t- RAW VAL RATING: ', 0.40136062084218849)
('\t- PROBABILITY IS: ', 0.92701569687803509)
('\t- CORRESPONDS TO: ', 'buy')
('RATING FOR: ', 'gild')
('\t- STD ABOVE MEAN: ', -0.23169913585705568)
('\t- RAW VAL RATING: ', 0.12165426795654616)
('\t- PROBABILITY IS: ', 0.40838585130418525)
('\t- CORRESPONDS TO: ', 'undecided')
('RATING FOR: ', 'xom')
('\t- STD ABOVE MEAN: ', 0.49508805617685298)
('\t- RAW VAL RATING: ', 0.24225508594071685)
('\t- PROBABILITY IS: ', 0.68973101780712276)
('\t- CORRESPONDS TO: ', 'undecided')

PREDICTIONS FOR METHOD 5 BASED ON:
('\t- AVG: ', 0.160101705689162)
('\t- STD: ', 0.16593690602426575)
('RATING FOR: ', 'amzn')
('\t- STD ABOVE MEAN: ', 483.78564810977008)
('\t- RAW VAL RATING: ', 80.43799533196858)
('\t- PROBABILITY IS: ', 1.0)
('\t- CORRESPONDS TO: ', 'buy')
('RATING FOR: ', 'amat')
('\t- STD ABOVE MEAN: ', 58.438920334110847)
('\t- RAW VAL RATING: ', 9.8572753373300657)
('\t- PROBABILITY IS: ', 1.0)
('\t- CORRESPONDS TO: ', 'buy')
('RATING FOR: ', 'agn')
('\t- STD ABOVE MEAN: ', 15.454308001261689)
('\t- RAW VAL RATING: ', 2.7245417601645809)
('\t- PROBABILITY IS: ', 1.0)
('\t- CORRESPONDS TO: ', 'buy')
('RATING FOR: ', 'goog')
('\t- STD ABOVE MEAN: ', 1.8211007499453462)
('\t- RAW VAL RATING: ', 0.4622895296935628)
('\t- PROBABILITY IS: ', 0.96570422834188741)
('\t- CORRESPONDS TO: ', 'buy')
('RATING FOR: ', 'hd')
('\t- STD ABOVE MEAN: ', 2.6697785771510367)
('\t- RAW VAL RATING: ', 0.60311650255147153)
('\t- PROBABILITY IS: ', 0.99620493592532344)
('\t- CORRESPONDS TO: ', 'buy')
('RATING FOR: ', 'lmt')
('\t- STD ABOVE MEAN: ', 1.6865011746738545)
('\t- RAW VAL RATING: ', 0.43995449262083119)
('\t- PROBABILITY IS: ', 0.95415034548722688)
('\t- CORRESPONDS TO: ', 'buy')
('RATING FOR: ', 'data')
('\t- STD ABOVE MEAN: ', 2.0800687595497918)
('\t- RAW VAL RATING: ', 0.50526187996658678)
('\t- PROBABILITY IS: ', 0.98124038672652936)
('\t- CORRESPONDS TO: ', 'buy')
('RATING FOR: ', 'nflx')
('\t- STD ABOVE MEAN: ', 2.0867970789034129)
('\t- RAW VAL RATING: ', 0.50637835646286988)
('\t- PROBABILITY IS: ', 0.98154675934562619)
('\t- CORRESPONDS TO: ', 'buy')
('RATING FOR: ', 'aapl')
('\t- STD ABOVE MEAN: ', 2.0240707564365605)
('\t- RAW VAL RATING: ', 0.49596974458644)
('\t- PROBABILITY IS: ', 0.9785185639871361)
('\t- CORRESPONDS TO: ', 'buy')
('RATING FOR: ', 'ge')
('\t- STD ABOVE MEAN: ', 1.987802730499781)
('\t- RAW VAL RATING: ', 0.48995154057488299)
('\t- PROBABILITY IS: ', 0.97658324417816789)
('\t- CORRESPONDS TO: ', 'buy')
('RATING FOR: ', 'tsla')
('\t- STD ABOVE MEAN: ', 1.8160370557308656)
('\t- RAW VAL RATING: ', 0.46144927594255891)
('\t- PROBABILITY IS: ', 0.96531765597677155)
('\t- CORRESPONDS TO: ', 'buy')
('RATING FOR: ', 'bac')
('\t- STD ABOVE MEAN: ', 2.4728994755875182)
('\t- RAW VAL RATING: ', 0.57044699357718409)
('\t- PROBABILITY IS: ', 0.99329890823893185)
('\t- CORRESPONDS TO: ', 'buy')
('RATING FOR: ', 'nvda')
('\t- STD ABOVE MEAN: ', 1.888896720965499)
('\t- RAW VAL RATING: ', 0.47353938336555773)
('\t- PROBABILITY IS: ', 0.97054716552847642)
('\t- CORRESPONDS TO: ', 'buy')
('RATING FOR: ', 'baba')
('\t- STD ABOVE MEAN: ', 1.8116903173712371)
('\t- RAW VAL RATING: ', 0.46072799162786515)
('\t- PROBABILITY IS: ', 0.96498296971082653)
('\t- CORRESPONDS TO: ', 'buy')
('RATING FOR: ', 'wmt')
('\t- STD ABOVE MEAN: ', 175.46649877259307)
('\t- RAW VAL RATING: ', 29.27646962292388)
('\t- PROBABILITY IS: ', 1.0)
('\t- CORRESPONDS TO: ', 'buy')
('RATING FOR: ', 'jpm')
('\t- STD ABOVE MEAN: ', 2.2859812217881128)
('\t- RAW VAL RATING: ', 0.53943035686225227)
('\t- PROBABILITY IS: ', 0.98887232142440196)
('\t- CORRESPONDS TO: ', 'buy')
('RATING FOR: ', 'mu')
('\t- STD ABOVE MEAN: ', 1.8214626622156125)
('\t- RAW VAL RATING: ', 0.46234958429594297)
('\t- PROBABILITY IS: ', 0.9657317212968346)
('\t- CORRESPONDS TO: ', 'buy')
('RATING FOR: ', 'uaa')
('\t- STD ABOVE MEAN: ', 3.4075421866910922)
('\t- RAW VAL RATING: ', 0.72553871329584274)
('\t- PROBABILITY IS: ', 0.99967224612670746)
('\t- CORRESPONDS TO: ', 'buy')
('RATING FOR: ', 'gild')
('\t- STD ABOVE MEAN: ', 1.8753481670707959)
('\t- RAW VAL RATING: ', 0.47129117825116768)
('\t- PROBABILITY IS: ', 0.96962757953497103)
('\t- CORRESPONDS TO: ', 'buy')
('RATING FOR: ', 'xom')
('\t- STD ABOVE MEAN: ', 3.5205157195436221)
('\t- RAW VAL RATING: ', 0.74428519180002239)
('\t- PROBABILITY IS: ', 0.99978464576890469)
('\t- CORRESPONDS TO: ', 'buy')

PREDICTIONS FOR METHOD 6 BASED ON:
('\t- AVG: ', 0.160101705689162)
('\t- STD: ', 0.16593690602426575)
('RATING FOR: ', 'amzn')
('\t- STD ABOVE MEAN: ', 45.160496116263595)
('\t- RAW VAL RATING: ', 7.6538947057428128)
('\t- PROBABILITY IS: ', 1.0)
('\t- CORRESPONDS TO: ', 'buy')
('RATING FOR: ', 'amat')
('\t- STD ABOVE MEAN: ', 3.3067608371057258)
('\t- RAW VAL RATING: ', 0.70881536796069722)
('\t- PROBABILITY IS: ', 0.99952809282351596)
('\t- CORRESPONDS TO: ', 'buy')
('RATING FOR: ', 'agn')
('\t- STD ABOVE MEAN: ', 0.74946716085138143)
('\t- RAW VAL RATING: ', 0.28446596752763093)
('\t- PROBABILITY IS: ', 0.7732121577516623)
('\t- CORRESPONDS TO: ', 'buy')
('RATING FOR: ', 'goog')
('\t- STD ABOVE MEAN: ', -0.033489998891027301)
('\t- RAW VAL RATING: ', 0.15454447889042883)
('\t- PROBABILITY IS: ', 0.48664192054428523)
('\t- CORRESPONDS TO: ', 'sell')
('RATING FOR: ', 'hd')
('\t- STD ABOVE MEAN: ', 0.15116875342583588)
('\t- RAW VAL RATING: ', 0.18518618092019032)
('\t- PROBABILITY IS: ', 0.56007870092312273)
('\t- CORRESPONDS TO: ', 'buy')
('RATING FOR: ', 'lmt')
('\t- STD ABOVE MEAN: ', -0.049153313619636124)
('\t- RAW VAL RATING: ', 0.15194535690627917)
('\t- PROBABILITY IS: ', 0.48039855829771283)
('\t- CORRESPONDS TO: ', 'sell')
('RATING FOR: ', 'data')
('\t- STD ABOVE MEAN: ', -0.012171589796297358)
('\t- RAW VAL RATING: ', 0.15808198973696788)
('\t- PROBABILITY IS: ', 0.49514435810279778)
('\t- CORRESPONDS TO: ', 'sell')
('RATING FOR: ', 'nflx')
('\t- STD ABOVE MEAN: ', -0.029562212057407108)
('\t- RAW VAL RATING: ', 0.15519624368512261)
('\t- PROBABILITY IS: ', 0.48820810127108588)
('\t- CORRESPONDS TO: ', 'sell')
('RATING FOR: ', 'aapl')
('\t- STD ABOVE MEAN: ', -0.11735434468833797)
('\t- RAW VAL RATING: ', 0.14062828882307396)
('\t- PROBABILITY IS: ', 0.45328963083207263)
('\t- CORRESPONDS TO: ', 'sell')
('RATING FOR: ', 'ge')
('\t- STD ABOVE MEAN: ', 0.013387338459269562)
('\t- RAW VAL RATING: ', 0.16232315921299284)
('\t- PROBABILITY IS: ', 0.50534061580803646)
('\t- CORRESPONDS TO: ', 'buy')
('RATING FOR: ', 'tsla')
('\t- STD ABOVE MEAN: ', -0.16984639808421736)
('\t- RAW VAL RATING: ', 0.13191791989170118)
('\t- PROBABILITY IS: ', 0.43256546830728204)
('\t- CORRESPONDS TO: ', 'sell')
('RATING FOR: ', 'bac')
('\t- STD ABOVE MEAN: ', 0.23147314552738293)
('\t- RAW VAL RATING: ', 0.19851164328568052)
('\t- PROBABILITY IS: ', 0.59152637712935241)
('\t- CORRESPONDS TO: ', 'buy')
('RATING FOR: ', 'nvda')
('\t- STD ABOVE MEAN: ', 0.0074865077768627355)
('\t- RAW VAL RATING: ', 0.16134399362658119)
('\t- PROBABILITY IS: ', 0.50298665658546415)
('\t- CORRESPONDS TO: ', 'buy')
('RATING FOR: ', 'baba')
('\t- STD ABOVE MEAN: ', -0.0057779160167797262)
('\t- RAW VAL RATING: ', 0.15914293618206951)
('\t- PROBABILITY IS: ', 0.49769495783368012)
('\t- CORRESPONDS TO: ', 'sell')
('RATING FOR: ', 'wmt')
('\t- STD ABOVE MEAN: ', 9.4857680748156259)
('\t- RAW VAL RATING: ', 1.7341407112878229)
('\t- PROBABILITY IS: ', 1.0)
('\t- CORRESPONDS TO: ', 'buy')
('RATING FOR: ', 'jpm')
('\t- STD ABOVE MEAN: ', -0.049672043393336793)
('\t- RAW VAL RATING: ', 0.15185928049256861)
('\t- PROBABILITY IS: ', 0.4801918675446743)
('\t- CORRESPONDS TO: ', 'sell')
('RATING FOR: ', 'mu')
('\t- STD ABOVE MEAN: ', -0.056147985868826064)
('\t- RAW VAL RATING: ', 0.1507846826345948)
('\t- PROBABILITY IS: ', 0.47761195850464849)
('\t- CORRESPONDS TO: ', 'sell')
('RATING FOR: ', 'uaa')
('\t- STD ABOVE MEAN: ', 1.4539195705971886)
('\t- RAW VAL RATING: ', 0.40136062084218849)
('\t- PROBABILITY IS: ', 0.92701569687803509)
('\t- CORRESPONDS TO: ', 'buy')
('RATING FOR: ', 'gild')
('\t- STD ABOVE MEAN: ', -0.23169913585705568)
('\t- RAW VAL RATING: ', 0.12165426795654616)
('\t- PROBABILITY IS: ', 0.40838585130418525)
('\t- CORRESPONDS TO: ', 'sell')
('RATING FOR: ', 'xom')
('\t- STD ABOVE MEAN: ', 0.49508805617685298)
('\t- RAW VAL RATING: ', 0.24225508594071685)
('\t- PROBABILITY IS: ', 0.68973101780712276)
('\t- CORRESPONDS TO: ', 'buy')

Prediction Speedup: Kernel = 28.2476256599, Function = 4.64014263842

Done
